{"/Users/mac/Documents/jenish/vouch-expo-offline/components/Button.tsx": {"path":"/Users/mac/Documents/jenish/vouch-expo-offline/components/Button.tsx","statementMap":{"0":{"start":{"line":32,"column":2},"end":{"line":44,"column":4}},"1":{"start":{"line":36,"column":30},"end":{"line":36,"column":93}},"2":{"start":{"line":47,"column":15},"end":{"line":103,"column":2}},"3":{"start":{"line":48,"column":70},"end":{"line":52,"column":3}},"4":{"start":{"line":53,"column":77},"end":{"line":57,"column":3}},"5":{"start":{"line":58,"column":70},"end":{"line":62,"column":3}},"6":{"start":{"line":63,"column":97},"end":{"line":67,"column":3}},"7":{"start":{"line":69,"column":2},"end":{"line":102,"column":4}},"8":{"start":{"line":77,"column":26},"end":{"line":77,"column":39}},"9":{"start":{"line":78,"column":6},"end":{"line":96,"column":8}},"10":{"start":{"line":98,"column":40},"end":{"line":101,"column":5}}},"fnMap":{"0":{"name":"Button","decl":{"start":{"line":24,"column":24},"end":{"line":24,"column":30}},"loc":{"start":{"line":31,"column":16},"end":{"line":45,"column":1}},"line":31},"1":{"name":"(anonymous_1)","decl":{"start":{"line":36,"column":13},"end":{"line":36,"column":14}},"loc":{"start":{"line":36,"column":30},"end":{"line":36,"column":93}},"line":36},"2":{"name":"(anonymous_2)","decl":{"start":{"line":47,"column":38},"end":{"line":47,"column":39}},"loc":{"start":{"line":47,"column":49},"end":{"line":103,"column":1}},"line":47},"3":{"name":"(anonymous_3)","decl":{"start":{"line":70,"column":12},"end":{"line":70,"column":13}},"loc":{"start":{"line":76,"column":9},"end":{"line":97,"column":5}},"line":76},"4":{"name":"(anonymous_4)","decl":{"start":{"line":98,"column":11},"end":{"line":98,"column":12}},"loc":{"start":{"line":98,"column":40},"end":{"line":101,"column":5}},"line":98}},"branchMap":{"0":{"loc":{"start":{"line":25,"column":2},"end":{"line":25,"column":21}},"type":"default-arg","locations":[{"start":{"line":25,"column":12},"end":{"line":25,"column":21}}],"line":25},"1":{"loc":{"start":{"line":26,"column":2},"end":{"line":26,"column":13}},"type":"default-arg","locations":[{"start":{"line":26,"column":9},"end":{"line":26,"column":13}}],"line":26},"2":{"loc":{"start":{"line":27,"column":2},"end":{"line":27,"column":18}},"type":"default-arg","locations":[{"start":{"line":27,"column":13},"end":{"line":27,"column":18}}],"line":27},"3":{"loc":{"start":{"line":38,"column":7},"end":{"line":42,"column":7}},"type":"cond-expr","locations":[{"start":{"line":39,"column":8},"end":{"line":39,"column":61}},{"start":{"line":41,"column":8},"end":{"line":41,"column":16}}],"line":38},"4":{"loc":{"start":{"line":85,"column":10},"end":{"line":87,"column":49}},"type":"cond-expr","locations":[{"start":{"line":86,"column":14},"end":{"line":86,"column":34}},{"start":{"line":87,"column":14},"end":{"line":87,"column":49}}],"line":85},"5":{"loc":{"start":{"line":89,"column":21},"end":{"line":89,"column":54}},"type":"cond-expr","locations":[{"start":{"line":89,"column":47},"end":{"line":89,"column":50}},{"start":{"line":89,"column":53},"end":{"line":89,"column":54}}],"line":89},"6":{"loc":{"start":{"line":92,"column":10},"end":{"line":92,"column":68}},"type":"cond-expr","locations":[{"start":{"line":92,"column":20},"end":{"line":92,"column":46}},{"start":{"line":92,"column":49},"end":{"line":92,"column":68}}],"line":92},"7":{"loc":{"start":{"line":94,"column":12},"end":{"line":94,"column":40}},"type":"binary-expr","locations":[{"start":{"line":94,"column":12},"end":{"line":94,"column":20}},{"start":{"line":94,"column":24},"end":{"line":94,"column":40}}],"line":94}},"s":{"0":35,"1":35,"2":3,"3":3,"4":3,"5":3,"6":3,"7":3,"8":35,"9":35,"10":34},"f":{"0":35,"1":35,"2":3,"3":35,"4":34},"b":{"0":[14],"1":[21],"2":[21],"3":[34,1],"4":[21,14],"5":[13,22],"6":[0,35],"7":[35,10]},"_coverageSchema":"1a1c01bbd47fc00a2c39e90264f33305004495a9","hash":"3d9098c5ba7c467f7ac7306c53a13c7b409d2b24"}
,"/Users/mac/Documents/jenish/vouch-expo-offline/components/Text.tsx": {"path":"/Users/mac/Documents/jenish/vouch-expo-offline/components/Text.tsx","statementMap":{"0":{"start":{"line":22,"column":2},"end":{"line":22,"column":77}},"1":{"start":{"line":25,"column":15},"end":{"line":31,"column":3}},"2":{"start":{"line":25,"column":50},"end":{"line":31,"column":1}},"3":{"start":{"line":26,"column":105},"end":{"line":30,"column":3}}},"fnMap":{"0":{"name":"Text","decl":{"start":{"line":16,"column":24},"end":{"line":16,"column":28}},"loc":{"start":{"line":21,"column":14},"end":{"line":23,"column":1}},"line":21},"1":{"name":"(anonymous_1)","decl":{"start":{"line":25,"column":38},"end":{"line":25,"column":39}},"loc":{"start":{"line":25,"column":50},"end":{"line":31,"column":1}},"line":25},"2":{"name":"(anonymous_2)","decl":{"start":{"line":26,"column":8},"end":{"line":26,"column":9}},"loc":{"start":{"line":26,"column":105},"end":{"line":30,"column":3}},"line":26}},"branchMap":{"0":{"loc":{"start":{"line":18,"column":2},"end":{"line":18,"column":20}},"type":"default-arg","locations":[{"start":{"line":18,"column":12},"end":{"line":18,"column":20}}],"line":18},"1":{"loc":{"start":{"line":19,"column":2},"end":{"line":19,"column":23}},"type":"default-arg","locations":[{"start":{"line":19,"column":10},"end":{"line":19,"column":23}}],"line":19}},"s":{"0":549,"1":10,"2":10,"3":549},"f":{"0":549,"1":10,"2":549},"b":{"0":[35],"1":[49]},"_coverageSchema":"1a1c01bbd47fc00a2c39e90264f33305004495a9","hash":"614a0944c53dac0aceea47d20041899667698c8e"}
,"/Users/mac/Documents/jenish/vouch-expo-offline/components/View.tsx": {"path":"/Users/mac/Documents/jenish/vouch-expo-offline/components/View.tsx","statementMap":{"0":{"start":{"line":18,"column":2},"end":{"line":18,"column":70}},"1":{"start":{"line":21,"column":15},"end":{"line":26,"column":3}},"2":{"start":{"line":21,"column":50},"end":{"line":26,"column":1}},"3":{"start":{"line":22,"column":68},"end":{"line":25,"column":3}},"4":{"start":{"line":29,"column":2},"end":{"line":38,"column":3}},"5":{"start":{"line":31,"column":6},"end":{"line":31,"column":23}},"6":{"start":{"line":33,"column":6},"end":{"line":33,"column":30}},"7":{"start":{"line":35,"column":6},"end":{"line":35,"column":31}},"8":{"start":{"line":37,"column":6},"end":{"line":37,"column":26}}},"fnMap":{"0":{"name":"View","decl":{"start":{"line":17,"column":24},"end":{"line":17,"column":28}},"loc":{"start":{"line":17,"column":84},"end":{"line":19,"column":1}},"line":17},"1":{"name":"(anonymous_1)","decl":{"start":{"line":21,"column":38},"end":{"line":21,"column":39}},"loc":{"start":{"line":21,"column":50},"end":{"line":26,"column":1}},"line":21},"2":{"name":"(anonymous_2)","decl":{"start":{"line":22,"column":8},"end":{"line":22,"column":9}},"loc":{"start":{"line":22,"column":68},"end":{"line":25,"column":3}},"line":22},"3":{"name":"backgroundFor","decl":{"start":{"line":28,"column":9},"end":{"line":28,"column":22}},"loc":{"start":{"line":28,"column":71},"end":{"line":39,"column":1}},"line":28}},"branchMap":{"0":{"loc":{"start":{"line":17,"column":38},"end":{"line":17,"column":60}},"type":"default-arg","locations":[{"start":{"line":17,"column":48},"end":{"line":17,"column":60}}],"line":17},"1":{"loc":{"start":{"line":29,"column":2},"end":{"line":38,"column":3}},"type":"switch","locations":[{"start":{"line":30,"column":4},"end":{"line":31,"column":23}},{"start":{"line":32,"column":4},"end":{"line":33,"column":30}},{"start":{"line":34,"column":4},"end":{"line":35,"column":31}},{"start":{"line":36,"column":4},"end":{"line":37,"column":26}}],"line":29}},"s":{"0":435,"1":11,"2":11,"3":435,"4":435,"5":28,"6":14,"7":0,"8":393},"f":{"0":435,"1":11,"2":435,"3":435},"b":{"0":[393],"1":[28,14,0,393]},"_coverageSchema":"1a1c01bbd47fc00a2c39e90264f33305004495a9","hash":"8d0034499b3e20c0359b6f3a61b5fb76bf5cf111"}
,"/Users/mac/Documents/jenish/vouch-expo-offline/components/ui/icon-symbol.ios.tsx": {"path":"/Users/mac/Documents/jenish/vouch-expo-offline/components/ui/icon-symbol.ios.tsx","statementMap":{"0":{"start":{"line":17,"column":2},"end":{"line":31,"column":4}}},"fnMap":{"0":{"name":"IconSymbol","decl":{"start":{"line":4,"column":16},"end":{"line":4,"column":26}},"loc":{"start":{"line":16,"column":3},"end":{"line":32,"column":1}},"line":16}},"branchMap":{"0":{"loc":{"start":{"line":6,"column":2},"end":{"line":6,"column":11}},"type":"default-arg","locations":[{"start":{"line":6,"column":9},"end":{"line":6,"column":11}}],"line":6},"1":{"loc":{"start":{"line":9,"column":2},"end":{"line":9,"column":20}},"type":"default-arg","locations":[{"start":{"line":9,"column":11},"end":{"line":9,"column":20}}],"line":9}},"s":{"0":46},"f":{"0":46},"b":{"0":[0],"1":[46]},"_coverageSchema":"1a1c01bbd47fc00a2c39e90264f33305004495a9","hash":"a1b1590f272fd655cd87de068c3f36f662a4fe27"}
,"/Users/mac/Documents/jenish/vouch-expo-offline/src/db/queries/matches.queries.ts": {"path":"/Users/mac/Documents/jenish/vouch-expo-offline/src/db/queries/matches.queries.ts","statementMap":{"0":{"start":{"line":21,"column":2},"end":{"line":24,"column":27}},"1":{"start":{"line":28,"column":16},"end":{"line":28,"column":86}},"2":{"start":{"line":29,"column":2},"end":{"line":29,"column":13}},"3":{"start":{"line":33,"column":2},"end":{"line":33,"column":82}},"4":{"start":{"line":59,"column":15},"end":{"line":71,"column":37}},"5":{"start":{"line":73,"column":2},"end":{"line":75,"column":3}},"6":{"start":{"line":74,"column":4},"end":{"line":74,"column":14}},"7":{"start":{"line":77,"column":19},"end":{"line":77,"column":44}},"8":{"start":{"line":77,"column":37},"end":{"line":77,"column":43}},"9":{"start":{"line":78,"column":26},"end":{"line":94,"column":4}},"10":{"start":{"line":82,"column":75},"end":{"line":82,"column":88}},"11":{"start":{"line":96,"column":25},"end":{"line":96,"column":85}},"12":{"start":{"line":96,"column":55},"end":{"line":96,"column":83}},"13":{"start":{"line":97,"column":19},"end":{"line":97,"column":128}},"14":{"start":{"line":98,"column":21},"end":{"line":98,"column":76}},"15":{"start":{"line":98,"column":63},"end":{"line":98,"column":74}},"16":{"start":{"line":100,"column":2},"end":{"line":117,"column":3}},"17":{"start":{"line":101,"column":4},"end":{"line":109,"column":5}},"18":{"start":{"line":102,"column":17},"end":{"line":102,"column":44}},"19":{"start":{"line":103,"column":6},"end":{"line":108,"column":9}},"20":{"start":{"line":110,"column":18},"end":{"line":110,"column":64}},"21":{"start":{"line":110,"column":37},"end":{"line":110,"column":63}},"22":{"start":{"line":112,"column":6},"end":{"line":113,"column":93}},"23":{"start":{"line":114,"column":4},"end":{"line":116,"column":5}},"24":{"start":{"line":115,"column":6},"end":{"line":115,"column":82}},"25":{"start":{"line":119,"column":2},"end":{"line":135,"column":5}},"26":{"start":{"line":120,"column":17},"end":{"line":120,"column":37}},"27":{"start":{"line":121,"column":4},"end":{"line":134,"column":6}},"28":{"start":{"line":139,"column":2},"end":{"line":139,"column":68}},"29":{"start":{"line":143,"column":2},"end":{"line":143,"column":28}},"30":{"start":{"line":154,"column":16},"end":{"line":158,"column":13}},"31":{"start":{"line":159,"column":2},"end":{"line":159,"column":13}},"32":{"start":{"line":164,"column":16},"end":{"line":164,"column":100}},"33":{"start":{"line":165,"column":2},"end":{"line":165,"column":22}}},"fnMap":{"0":{"name":"upsertMatch","decl":{"start":{"line":17,"column":16},"end":{"line":17,"column":27}},"loc":{"start":{"line":20,"column":20},"end":{"line":25,"column":1}},"line":20},"1":{"name":"getMatch","decl":{"start":{"line":27,"column":22},"end":{"line":27,"column":30}},"loc":{"start":{"line":27,"column":92},"end":{"line":30,"column":1}},"line":27},"2":{"name":"setMatchRead","decl":{"start":{"line":32,"column":16},"end":{"line":32,"column":28}},"loc":{"start":{"line":32,"column":87},"end":{"line":34,"column":1}},"line":32},"3":{"name":"listMatches","decl":{"start":{"line":58,"column":22},"end":{"line":58,"column":33}},"loc":{"start":{"line":58,"column":62},"end":{"line":136,"column":1}},"line":58},"4":{"name":"(anonymous_4)","decl":{"start":{"line":77,"column":28},"end":{"line":77,"column":29}},"loc":{"start":{"line":77,"column":37},"end":{"line":77,"column":43}},"line":77},"5":{"name":"(anonymous_5)","decl":{"start":{"line":82,"column":66},"end":{"line":82,"column":67}},"loc":{"start":{"line":82,"column":75},"end":{"line":82,"column":88}},"line":82},"6":{"name":"(anonymous_6)","decl":{"start":{"line":96,"column":44},"end":{"line":96,"column":45}},"loc":{"start":{"line":96,"column":55},"end":{"line":96,"column":83}},"line":96},"7":{"name":"(anonymous_7)","decl":{"start":{"line":98,"column":54},"end":{"line":98,"column":55}},"loc":{"start":{"line":98,"column":63},"end":{"line":98,"column":74}},"line":98},"8":{"name":"(anonymous_8)","decl":{"start":{"line":110,"column":28},"end":{"line":110,"column":29}},"loc":{"start":{"line":110,"column":37},"end":{"line":110,"column":63}},"line":110},"9":{"name":"(anonymous_9)","decl":{"start":{"line":119,"column":18},"end":{"line":119,"column":19}},"loc":{"start":{"line":119,"column":27},"end":{"line":135,"column":3}},"line":119},"10":{"name":"listAllMatches","decl":{"start":{"line":138,"column":16},"end":{"line":138,"column":30}},"loc":{"start":{"line":138,"column":54},"end":{"line":140,"column":1}},"line":138},"11":{"name":"deleteAllMatches","decl":{"start":{"line":142,"column":16},"end":{"line":142,"column":32}},"loc":{"start":{"line":142,"column":53},"end":{"line":144,"column":1}},"line":142},"12":{"name":"getMatchByProfileId","decl":{"start":{"line":151,"column":22},"end":{"line":151,"column":41}},"loc":{"start":{"line":153,"column":33},"end":{"line":160,"column":1}},"line":153},"13":{"name":"matchExists","decl":{"start":{"line":163,"column":22},"end":{"line":163,"column":33}},"loc":{"start":{"line":163,"column":64},"end":{"line":166,"column":1}},"line":163}},"branchMap":{"0":{"loc":{"start":{"line":73,"column":2},"end":{"line":75,"column":3}},"type":"if","locations":[{"start":{"line":73,"column":2},"end":{"line":75,"column":3}},{"start":{},"end":{}}],"line":73},"1":{"loc":{"start":{"line":101,"column":4},"end":{"line":109,"column":5}},"type":"if","locations":[{"start":{"line":101,"column":4},"end":{"line":109,"column":5}},{"start":{},"end":{}}],"line":101},"2":{"loc":{"start":{"line":112,"column":6},"end":{"line":113,"column":93}},"type":"binary-expr","locations":[{"start":{"line":112,"column":6},"end":{"line":112,"column":41}},{"start":{"line":113,"column":7},"end":{"line":113,"column":32}},{"start":{"line":113,"column":36},"end":{"line":113,"column":92}}],"line":112},"3":{"loc":{"start":{"line":114,"column":4},"end":{"line":116,"column":5}},"type":"if","locations":[{"start":{"line":114,"column":4},"end":{"line":116,"column":5}},{"start":{},"end":{}}],"line":114},"4":{"loc":{"start":{"line":115,"column":39},"end":{"line":115,"column":75}},"type":"binary-expr","locations":[{"start":{"line":115,"column":39},"end":{"line":115,"column":70}},{"start":{"line":115,"column":74},"end":{"line":115,"column":75}}],"line":115},"5":{"loc":{"start":{"line":127,"column":16},"end":{"line":127,"column":55}},"type":"binary-expr","locations":[{"start":{"line":127,"column":16},"end":{"line":127,"column":49}},{"start":{"line":127,"column":53},"end":{"line":127,"column":55}}],"line":127},"6":{"loc":{"start":{"line":128,"column":23},"end":{"line":128,"column":41}},"type":"binary-expr","locations":[{"start":{"line":128,"column":23},"end":{"line":128,"column":33}},{"start":{"line":128,"column":37},"end":{"line":128,"column":41}}],"line":128},"7":{"loc":{"start":{"line":129,"column":27},"end":{"line":129,"column":49}},"type":"binary-expr","locations":[{"start":{"line":129,"column":27},"end":{"line":129,"column":41}},{"start":{"line":129,"column":45},"end":{"line":129,"column":49}}],"line":129},"8":{"loc":{"start":{"line":130,"column":21},"end":{"line":130,"column":37}},"type":"binary-expr","locations":[{"start":{"line":130,"column":21},"end":{"line":130,"column":29}},{"start":{"line":130,"column":33},"end":{"line":130,"column":37}}],"line":130},"9":{"loc":{"start":{"line":131,"column":25},"end":{"line":131,"column":45}},"type":"binary-expr","locations":[{"start":{"line":131,"column":25},"end":{"line":131,"column":37}},{"start":{"line":131,"column":41},"end":{"line":131,"column":45}}],"line":131},"10":{"loc":{"start":{"line":132,"column":19},"end":{"line":132,"column":46}},"type":"binary-expr","locations":[{"start":{"line":132,"column":19},"end":{"line":132,"column":41}},{"start":{"line":132,"column":45},"end":{"line":132,"column":46}}],"line":132}},"s":{"0":0,"1":0,"2":0,"3":0,"4":0,"5":0,"6":0,"7":0,"8":0,"9":0,"10":0,"11":0,"12":0,"13":0,"14":0,"15":0,"16":0,"17":0,"18":0,"19":0,"20":0,"21":0,"22":0,"23":0,"24":0,"25":0,"26":0,"27":0,"28":0,"29":0,"30":0,"31":0,"32":0,"33":0},"f":{"0":0,"1":0,"2":0,"3":0,"4":0,"5":0,"6":0,"7":0,"8":0,"9":0,"10":0,"11":0,"12":0,"13":0},"b":{"0":[0,0],"1":[0,0],"2":[0,0,0],"3":[0,0],"4":[0,0],"5":[0,0],"6":[0,0],"7":[0,0],"8":[0,0],"9":[0,0],"10":[0,0]},"_coverageSchema":"1a1c01bbd47fc00a2c39e90264f33305004495a9","hash":"e7fdef63b5b9d9a290fd8bf7c16daad2d5bccdee"}
,"/Users/mac/Documents/jenish/vouch-expo-offline/src/db/queries/settings.queries.ts": {"path":"/Users/mac/Documents/jenish/vouch-expo-offline/src/db/queries/settings.queries.ts","statementMap":{"0":{"start":{"line":28,"column":40},"end":{"line":28,"column":67}},"1":{"start":{"line":29,"column":37},"end":{"line":29,"column":49}},"2":{"start":{"line":32,"column":2},"end":{"line":32,"column":51}},"3":{"start":{"line":36,"column":2},"end":{"line":36,"column":49}},"4":{"start":{"line":40,"column":14},"end":{"line":40,"column":62}},"5":{"start":{"line":40,"column":40},"end":{"line":40,"column":60}},"6":{"start":{"line":41,"column":20},"end":{"line":41,"column":73}},"7":{"start":{"line":42,"column":19},"end":{"line":42,"column":70}},"8":{"start":{"line":43,"column":24},"end":{"line":43,"column":99}},"9":{"start":{"line":44,"column":2},"end":{"line":48,"column":4}},"10":{"start":{"line":57,"column":2},"end":{"line":63,"column":7}},"11":{"start":{"line":67,"column":2},"end":{"line":67,"column":64}},"12":{"start":{"line":74,"column":16},"end":{"line":74,"column":96}},"13":{"start":{"line":75,"column":2},"end":{"line":75,"column":20}},"14":{"start":{"line":80,"column":15},"end":{"line":80,"column":50}},"15":{"start":{"line":81,"column":2},"end":{"line":81,"column":29}},"16":{"start":{"line":85,"column":2},"end":{"line":85,"column":39}},"17":{"start":{"line":89,"column":2},"end":{"line":89,"column":32}}},"fnMap":{"0":{"name":"isThemeMode","decl":{"start":{"line":31,"column":9},"end":{"line":31,"column":20}},"loc":{"start":{"line":31,"column":63},"end":{"line":33,"column":1}},"line":31},"1":{"name":"isLanguage","decl":{"start":{"line":35,"column":9},"end":{"line":35,"column":19}},"loc":{"start":{"line":35,"column":61},"end":{"line":37,"column":1}},"line":35},"2":{"name":"parseSnapshot","decl":{"start":{"line":39,"column":9},"end":{"line":39,"column":22}},"loc":{"start":{"line":39,"column":64},"end":{"line":49,"column":1}},"line":39},"3":{"name":"(anonymous_3)","decl":{"start":{"line":40,"column":31},"end":{"line":40,"column":32}},"loc":{"start":{"line":40,"column":40},"end":{"line":40,"column":60}},"line":40},"4":{"name":"upsertAppSetting","decl":{"start":{"line":51,"column":16},"end":{"line":51,"column":32}},"loc":{"start":{"line":56,"column":20},"end":{"line":64,"column":1}},"line":56},"5":{"name":"deleteAppSetting","decl":{"start":{"line":66,"column":16},"end":{"line":66,"column":32}},"loc":{"start":{"line":66,"column":81},"end":{"line":68,"column":1}},"line":66},"6":{"name":"getAppSetting","decl":{"start":{"line":70,"column":22},"end":{"line":70,"column":35}},"loc":{"start":{"line":73,"column":31},"end":{"line":76,"column":1}},"line":73},"7":{"name":"getSettingsSnapshot","decl":{"start":{"line":79,"column":22},"end":{"line":79,"column":41}},"loc":{"start":{"line":79,"column":71},"end":{"line":82,"column":1}},"line":79},"8":{"name":"listAllAppSettings","decl":{"start":{"line":84,"column":16},"end":{"line":84,"column":34}},"loc":{"start":{"line":84,"column":63},"end":{"line":86,"column":1}},"line":84},"9":{"name":"deleteAllAppSettings","decl":{"start":{"line":88,"column":16},"end":{"line":88,"column":36}},"loc":{"start":{"line":88,"column":57},"end":{"line":90,"column":1}},"line":88}},"branchMap":{"0":{"loc":{"start":{"line":41,"column":20},"end":{"line":41,"column":73}},"type":"binary-expr","locations":[{"start":{"line":41,"column":20},"end":{"line":41,"column":40}},{"start":{"line":41,"column":44},"end":{"line":41,"column":73}}],"line":41},"1":{"loc":{"start":{"line":42,"column":19},"end":{"line":42,"column":70}},"type":"binary-expr","locations":[{"start":{"line":42,"column":19},"end":{"line":42,"column":38}},{"start":{"line":42,"column":42},"end":{"line":42,"column":70}}],"line":42},"2":{"loc":{"start":{"line":43,"column":24},"end":{"line":43,"column":99}},"type":"binary-expr","locations":[{"start":{"line":43,"column":24},"end":{"line":43,"column":55}},{"start":{"line":43,"column":59},"end":{"line":43,"column":99}}],"line":43},"3":{"loc":{"start":{"line":45,"column":15},"end":{"line":45,"column":60}},"type":"cond-expr","locations":[{"start":{"line":45,"column":40},"end":{"line":45,"column":49}},{"start":{"line":45,"column":52},"end":{"line":45,"column":60}}],"line":45},"4":{"loc":{"start":{"line":46,"column":14},"end":{"line":46,"column":52}},"type":"cond-expr","locations":[{"start":{"line":46,"column":37},"end":{"line":46,"column":45}},{"start":{"line":46,"column":48},"end":{"line":46,"column":52}}],"line":46}},"s":{"0":1,"1":1,"2":0,"3":0,"4":0,"5":0,"6":0,"7":0,"8":0,"9":0,"10":0,"11":0,"12":0,"13":0,"14":0,"15":0,"16":0,"17":0},"f":{"0":0,"1":0,"2":0,"3":0,"4":0,"5":0,"6":0,"7":0,"8":0,"9":0},"b":{"0":[0,0],"1":[0,0],"2":[0,0],"3":[0,0],"4":[0,0]},"_coverageSchema":"1a1c01bbd47fc00a2c39e90264f33305004495a9","hash":"9b553f897905c5ee85ff01b0d671212427b949f8"}
,"/Users/mac/Documents/jenish/vouch-expo-offline/src/db/schema/catalog.ts": {"path":"/Users/mac/Documents/jenish/vouch-expo-offline/src/db/schema/catalog.ts","statementMap":{"0":{"start":{"line":14,"column":31},"end":{"line":32,"column":1}},"1":{"start":{"line":27,"column":13},"end":{"line":31,"column":3}},"2":{"start":{"line":34,"column":39},"end":{"line":47,"column":1}},"3":{"start":{"line":39,"column":24},"end":{"line":39,"column":42}},"4":{"start":{"line":43,"column":13},"end":{"line":46,"column":3}},"5":{"start":{"line":49,"column":36},"end":{"line":62,"column":1}},"6":{"start":{"line":54,"column":24},"end":{"line":54,"column":42}},"7":{"start":{"line":58,"column":13},"end":{"line":61,"column":3}}},"fnMap":{"0":{"name":"(anonymous_0)","decl":{"start":{"line":27,"column":2},"end":{"line":27,"column":3}},"loc":{"start":{"line":27,"column":13},"end":{"line":31,"column":3}},"line":27},"1":{"name":"(anonymous_1)","decl":{"start":{"line":39,"column":18},"end":{"line":39,"column":19}},"loc":{"start":{"line":39,"column":24},"end":{"line":39,"column":42}},"line":39},"2":{"name":"(anonymous_2)","decl":{"start":{"line":43,"column":2},"end":{"line":43,"column":3}},"loc":{"start":{"line":43,"column":13},"end":{"line":46,"column":3}},"line":43},"3":{"name":"(anonymous_3)","decl":{"start":{"line":54,"column":18},"end":{"line":54,"column":19}},"loc":{"start":{"line":54,"column":24},"end":{"line":54,"column":42}},"line":54},"4":{"name":"(anonymous_4)","decl":{"start":{"line":58,"column":2},"end":{"line":58,"column":3}},"loc":{"start":{"line":58,"column":13},"end":{"line":61,"column":3}},"line":58}},"branchMap":{},"s":{"0":1,"1":0,"2":1,"3":0,"4":0,"5":1,"6":0,"7":0},"f":{"0":0,"1":0,"2":0,"3":0,"4":0},"b":{},"_coverageSchema":"1a1c01bbd47fc00a2c39e90264f33305004495a9","hash":"af579d0f4602c874e6d19a18a3b9a0253ba557a9"}
,"/Users/mac/Documents/jenish/vouch-expo-offline/src/db/schema/matches.ts": {"path":"/Users/mac/Documents/jenish/vouch-expo-offline/src/db/schema/matches.ts","statementMap":{"0":{"start":{"line":19,"column":23},"end":{"line":31,"column":1}},"1":{"start":{"line":25,"column":24},"end":{"line":25,"column":42}},"2":{"start":{"line":30,"column":13},"end":{"line":30,"column":66}}},"fnMap":{"0":{"name":"(anonymous_0)","decl":{"start":{"line":25,"column":18},"end":{"line":25,"column":19}},"loc":{"start":{"line":25,"column":24},"end":{"line":25,"column":42}},"line":25},"1":{"name":"(anonymous_1)","decl":{"start":{"line":30,"column":2},"end":{"line":30,"column":3}},"loc":{"start":{"line":30,"column":13},"end":{"line":30,"column":66}},"line":30}},"branchMap":{},"s":{"0":1,"1":0,"2":0},"f":{"0":0,"1":0},"b":{},"_coverageSchema":"1a1c01bbd47fc00a2c39e90264f33305004495a9","hash":"a42b52fc63ac9b4429ae15e9529a59f2943ed0cf"}
,"/Users/mac/Documents/jenish/vouch-expo-offline/src/db/schema/messages.ts": {"path":"/Users/mac/Documents/jenish/vouch-expo-offline/src/db/schema/messages.ts","statementMap":{"0":{"start":{"line":5,"column":32},"end":{"line":5,"column":80}},"1":{"start":{"line":20,"column":24},"end":{"line":40,"column":1}},"2":{"start":{"line":26,"column":24},"end":{"line":26,"column":34}},"3":{"start":{"line":36,"column":13},"end":{"line":39,"column":3}}},"fnMap":{"0":{"name":"(anonymous_0)","decl":{"start":{"line":26,"column":18},"end":{"line":26,"column":19}},"loc":{"start":{"line":26,"column":24},"end":{"line":26,"column":34}},"line":26},"1":{"name":"(anonymous_1)","decl":{"start":{"line":36,"column":2},"end":{"line":36,"column":3}},"loc":{"start":{"line":36,"column":13},"end":{"line":39,"column":3}},"line":36}},"branchMap":{},"s":{"0":1,"1":1,"2":0,"3":0},"f":{"0":0,"1":0},"b":{},"_coverageSchema":"1a1c01bbd47fc00a2c39e90264f33305004495a9","hash":"2c0ab9163c5296729a887e5f0ec34c3dd12c0c6b"}
,"/Users/mac/Documents/jenish/vouch-expo-offline/src/db/schema/settings.ts": {"path":"/Users/mac/Documents/jenish/vouch-expo-offline/src/db/schema/settings.ts","statementMap":{"0":{"start":{"line":12,"column":32},"end":{"line":16,"column":10}},"1":{"start":{"line":19,"column":63},"end":{"line":23,"column":1}},"2":{"start":{"line":25,"column":27},"end":{"line":29,"column":2}}},"fnMap":{},"branchMap":{},"s":{"0":1,"1":1,"2":1},"f":{},"b":{},"_coverageSchema":"1a1c01bbd47fc00a2c39e90264f33305004495a9","hash":"9f50cac42fc035f980121bf968d77da21c94d613"}
,"/Users/mac/Documents/jenish/vouch-expo-offline/src/features/auth/components/VerifyCodeScreen.tsx": {"path":"/Users/mac/Documents/jenish/vouch-expo-offline/src/features/auth/components/VerifyCodeScreen.tsx","statementMap":{"0":{"start":{"line":26,"column":21},"end":{"line":26,"column":30}},"1":{"start":{"line":27,"column":52},"end":{"line":27,"column":73}},"2":{"start":{"line":28,"column":20},"end":{"line":28,"column":62}},"3":{"start":{"line":30,"column":36},"end":{"line":30,"column":48}},"4":{"start":{"line":31,"column":32},"end":{"line":31,"column":47}},"5":{"start":{"line":32,"column":28},"end":{"line":32,"column":57}},"6":{"start":{"line":33,"column":42},"end":{"line":33,"column":71}},"7":{"start":{"line":34,"column":38},"end":{"line":34,"column":53}},"8":{"start":{"line":36,"column":20},"end":{"line":36,"column":57}},"9":{"start":{"line":38,"column":23},"end":{"line":56,"column":3}},"10":{"start":{"line":39,"column":19},"end":{"line":39,"column":36}},"11":{"start":{"line":40,"column":4},"end":{"line":47,"column":5}},"12":{"start":{"line":41,"column":6},"end":{"line":45,"column":8}},"13":{"start":{"line":46,"column":6},"end":{"line":46,"column":13}},"14":{"start":{"line":48,"column":4},"end":{"line":48,"column":19}},"15":{"start":{"line":49,"column":4},"end":{"line":49,"column":24}},"16":{"start":{"line":50,"column":4},"end":{"line":55,"column":5}},"17":{"start":{"line":51,"column":6},"end":{"line":51,"column":21}},"18":{"start":{"line":53,"column":6},"end":{"line":53,"column":58}},"19":{"start":{"line":54,"column":6},"end":{"line":54,"column":27}},"20":{"start":{"line":58,"column":27},"end":{"line":62,"column":3}},"21":{"start":{"line":59,"column":4},"end":{"line":59,"column":19}},"22":{"start":{"line":60,"column":4},"end":{"line":60,"column":18}},"23":{"start":{"line":61,"column":4},"end":{"line":61,"column":36}},"24":{"start":{"line":64,"column":2},"end":{"line":150,"column":4}},"25":{"start":{"line":85,"column":27},"end":{"line":85,"column":60}},"26":{"start":{"line":86,"column":36},"end":{"line":86,"column":63}},"27":{"start":{"line":99,"column":14},"end":{"line":99,"column":34}},"28":{"start":{"line":100,"column":14},"end":{"line":100,"column":36}},"29":{"start":{"line":101,"column":14},"end":{"line":101,"column":29}},"30":{"start":{"line":103,"column":27},"end":{"line":103,"column":43}},"31":{"start":{"line":104,"column":26},"end":{"line":104,"column":43}},"32":{"start":{"line":154,"column":18},"end":{"line":154,"column":47}},"33":{"start":{"line":155,"column":18},"end":{"line":155,"column":60}},"34":{"start":{"line":156,"column":2},"end":{"line":156,"column":33}},"35":{"start":{"line":159,"column":15},"end":{"line":207,"column":3}},"36":{"start":{"line":159,"column":45},"end":{"line":207,"column":1}},"37":{"start":{"line":174,"column":38},"end":{"line":181,"column":3}},"38":{"start":{"line":185,"column":34},"end":{"line":194,"column":3}}},"fnMap":{"0":{"name":"VerifyCodeScreen","decl":{"start":{"line":25,"column":24},"end":{"line":25,"column":40}},"loc":{"start":{"line":25,"column":43},"end":{"line":151,"column":1}},"line":25},"1":{"name":"(anonymous_1)","decl":{"start":{"line":38,"column":23},"end":{"line":38,"column":24}},"loc":{"start":{"line":38,"column":35},"end":{"line":56,"column":3}},"line":38},"2":{"name":"(anonymous_2)","decl":{"start":{"line":58,"column":27},"end":{"line":58,"column":28}},"loc":{"start":{"line":58,"column":33},"end":{"line":62,"column":3}},"line":58},"3":{"name":"(anonymous_3)","decl":{"start":{"line":85,"column":21},"end":{"line":85,"column":22}},"loc":{"start":{"line":85,"column":27},"end":{"line":85,"column":60}},"line":85},"4":{"name":"(anonymous_4)","decl":{"start":{"line":86,"column":19},"end":{"line":86,"column":20}},"loc":{"start":{"line":86,"column":36},"end":{"line":86,"column":63}},"line":86},"5":{"name":"(anonymous_5)","decl":{"start":{"line":98,"column":26},"end":{"line":98,"column":27}},"loc":{"start":{"line":98,"column":37},"end":{"line":102,"column":13}},"line":98},"6":{"name":"(anonymous_6)","decl":{"start":{"line":103,"column":21},"end":{"line":103,"column":22}},"loc":{"start":{"line":103,"column":27},"end":{"line":103,"column":43}},"line":103},"7":{"name":"(anonymous_7)","decl":{"start":{"line":104,"column":20},"end":{"line":104,"column":21}},"loc":{"start":{"line":104,"column":26},"end":{"line":104,"column":43}},"line":104},"8":{"name":"formatCountdown","decl":{"start":{"line":153,"column":9},"end":{"line":153,"column":24}},"loc":{"start":{"line":153,"column":55},"end":{"line":157,"column":1}},"line":153},"9":{"name":"(anonymous_9)","decl":{"start":{"line":159,"column":33},"end":{"line":159,"column":34}},"loc":{"start":{"line":159,"column":45},"end":{"line":207,"column":1}},"line":159},"10":{"name":"(anonymous_10)","decl":{"start":{"line":174,"column":15},"end":{"line":174,"column":16}},"loc":{"start":{"line":174,"column":38},"end":{"line":181,"column":3}},"line":174},"11":{"name":"(anonymous_11)","decl":{"start":{"line":185,"column":9},"end":{"line":185,"column":10}},"loc":{"start":{"line":185,"column":34},"end":{"line":194,"column":3}},"line":185}},"branchMap":{"0":{"loc":{"start":{"line":36,"column":20},"end":{"line":36,"column":57}},"type":"binary-expr","locations":[{"start":{"line":36,"column":20},"end":{"line":36,"column":42}},{"start":{"line":36,"column":46},"end":{"line":36,"column":57}}],"line":36},"1":{"loc":{"start":{"line":40,"column":4},"end":{"line":47,"column":5}},"type":"if","locations":[{"start":{"line":40,"column":4},"end":{"line":47,"column":5}},{"start":{},"end":{}}],"line":40},"2":{"loc":{"start":{"line":42,"column":8},"end":{"line":44,"column":47}},"type":"cond-expr","locations":[{"start":{"line":43,"column":12},"end":{"line":43,"column":37}},{"start":{"line":44,"column":12},"end":{"line":44,"column":47}}],"line":42},"3":{"loc":{"start":{"line":77,"column":13},"end":{"line":79,"column":60}},"type":"cond-expr","locations":[{"start":{"line":78,"column":16},"end":{"line":78,"column":58}},{"start":{"line":79,"column":16},"end":{"line":79,"column":60}}],"line":77},"4":{"loc":{"start":{"line":113,"column":11},"end":{"line":117,"column":18}},"type":"cond-expr","locations":[{"start":{"line":114,"column":12},"end":{"line":116,"column":19}},{"start":{"line":117,"column":14},"end":{"line":117,"column":18}}],"line":113},"5":{"loc":{"start":{"line":120,"column":13},"end":{"line":132,"column":13}},"type":"cond-expr","locations":[{"start":{"line":121,"column":14},"end":{"line":127,"column":21}},{"start":{"line":129,"column":14},"end":{"line":131,"column":23}}],"line":120},"6":{"loc":{"start":{"line":133,"column":13},"end":{"line":141,"column":20}},"type":"cond-expr","locations":[{"start":{"line":134,"column":14},"end":{"line":140,"column":21}},{"start":{"line":141,"column":16},"end":{"line":141,"column":20}}],"line":133},"7":{"loc":{"start":{"line":180,"column":21},"end":{"line":180,"column":72}},"type":"cond-expr","locations":[{"start":{"line":180,"column":31},"end":{"line":180,"column":56}},{"start":{"line":180,"column":59},"end":{"line":180,"column":72}}],"line":180},"8":{"loc":{"start":{"line":190,"column":17},"end":{"line":190,"column":79}},"type":"cond-expr","locations":[{"start":{"line":190,"column":29},"end":{"line":190,"column":51}},{"start":{"line":190,"column":54},"end":{"line":190,"column":79}}],"line":190}},"s":{"0":14,"1":14,"2":14,"3":14,"4":14,"5":14,"6":14,"7":14,"8":14,"9":14,"10":2,"11":2,"12":1,"13":1,"14":1,"15":1,"16":1,"17":1,"18":0,"19":0,"20":14,"21":1,"22":1,"23":1,"24":14,"25":1,"26":14,"27":4,"28":4,"29":4,"30":0,"31":0,"32":1,"33":1,"34":1,"35":1,"36":1,"37":14,"38":14},"f":{"0":14,"1":2,"2":1,"3":1,"4":14,"5":4,"6":0,"7":0,"8":1,"9":1,"10":14,"11":14},"b":{"0":[14,5],"1":[1,1],"2":[0,1],"3":[14,0],"4":[1,13],"5":[1,13],"6":[1,13],"7":[0,14],"8":[0,14]},"_coverageSchema":"1a1c01bbd47fc00a2c39e90264f33305004495a9","hash":"c44cf341b822a71f363ee522eec13ce6e3ff570e"}
,"/Users/mac/Documents/jenish/vouch-expo-offline/src/features/browse/performance.tsx": {"path":"/Users/mac/Documents/jenish/vouch-expo-offline/src/features/browse/performance.tsx","statementMap":{"0":{"start":{"line":15,"column":19},"end":{"line":15,"column":44}},"1":{"start":{"line":16,"column":20},"end":{"line":16,"column":37}},"2":{"start":{"line":19,"column":2},"end":{"line":19,"column":29}},"3":{"start":{"line":23,"column":2},"end":{"line":23,"column":32}},"4":{"start":{"line":27,"column":2},"end":{"line":27,"column":40}},"5":{"start":{"line":31,"column":2},"end":{"line":31,"column":65}},"6":{"start":{"line":36,"column":2},"end":{"line":38,"column":3}},"7":{"start":{"line":37,"column":4},"end":{"line":37,"column":11}},"8":{"start":{"line":39,"column":17},"end":{"line":39,"column":89}},"9":{"start":{"line":39,"column":53},"end":{"line":39,"column":88}},"10":{"start":{"line":40,"column":2},"end":{"line":40,"column":99}},"11":{"start":{"line":49,"column":17},"end":{"line":49,"column":26}},"12":{"start":{"line":50,"column":2},"end":{"line":50,"column":22}},"13":{"start":{"line":52,"column":2},"end":{"line":56,"column":18}},"14":{"start":{"line":53,"column":4},"end":{"line":53,"column":36}},"15":{"start":{"line":54,"column":4},"end":{"line":54,"column":37}},"16":{"start":{"line":55,"column":4},"end":{"line":55,"column":51}},"17":{"start":{"line":55,"column":17},"end":{"line":55,"column":50}},"18":{"start":{"line":58,"column":2},"end":{"line":60,"column":3}},"19":{"start":{"line":59,"column":4},"end":{"line":59,"column":16}},"20":{"start":{"line":61,"column":2},"end":{"line":65,"column":4}},"21":{"start":{"line":68,"column":18},"end":{"line":77,"column":1}}},"fnMap":{"0":{"name":"markBrowseRowMounted","decl":{"start":{"line":18,"column":16},"end":{"line":18,"column":36}},"loc":{"start":{"line":18,"column":62},"end":{"line":20,"column":1}},"line":18},"1":{"name":"markBrowseRowUnmounted","decl":{"start":{"line":22,"column":16},"end":{"line":22,"column":38}},"loc":{"start":{"line":22,"column":64},"end":{"line":24,"column":1}},"line":22},"2":{"name":"browseRowRenderCount","decl":{"start":{"line":26,"column":16},"end":{"line":26,"column":36}},"loc":{"start":{"line":26,"column":64},"end":{"line":28,"column":1}},"line":26},"3":{"name":"recordBrowseRowRender","decl":{"start":{"line":30,"column":16},"end":{"line":30,"column":37}},"loc":{"start":{"line":30,"column":63},"end":{"line":32,"column":1}},"line":30},"4":{"name":"logBrowseLikeToggle","decl":{"start":{"line":35,"column":16},"end":{"line":35,"column":35}},"loc":{"start":{"line":35,"column":61},"end":{"line":41,"column":1}},"line":35},"5":{"name":"(anonymous_5)","decl":{"start":{"line":39,"column":45},"end":{"line":39,"column":46}},"loc":{"start":{"line":39,"column":53},"end":{"line":39,"column":88}},"line":39},"6":{"name":"BrowseRowRenderBadge","decl":{"start":{"line":48,"column":16},"end":{"line":48,"column":36}},"loc":{"start":{"line":48,"column":75},"end":{"line":66,"column":1}},"line":48},"7":{"name":"(anonymous_7)","decl":{"start":{"line":52,"column":12},"end":{"line":52,"column":13}},"loc":{"start":{"line":52,"column":18},"end":{"line":56,"column":3}},"line":52},"8":{"name":"(anonymous_8)","decl":{"start":{"line":55,"column":11},"end":{"line":55,"column":12}},"loc":{"start":{"line":55,"column":17},"end":{"line":55,"column":50}},"line":55}},"branchMap":{"0":{"loc":{"start":{"line":27,"column":9},"end":{"line":27,"column":39}},"type":"binary-expr","locations":[{"start":{"line":27,"column":9},"end":{"line":27,"column":34}},{"start":{"line":27,"column":38},"end":{"line":27,"column":39}}],"line":27},"1":{"loc":{"start":{"line":36,"column":2},"end":{"line":38,"column":3}},"type":"if","locations":[{"start":{"line":36,"column":2},"end":{"line":38,"column":3}},{"start":{},"end":{}}],"line":36},"2":{"loc":{"start":{"line":58,"column":2},"end":{"line":60,"column":3}},"type":"if","locations":[{"start":{"line":58,"column":2},"end":{"line":60,"column":3}},{"start":{},"end":{}}],"line":58}},"s":{"0":1,"1":1,"2":4,"3":4,"4":4,"5":4,"6":0,"7":0,"8":0,"9":0,"10":0,"11":5,"12":5,"13":5,"14":4,"15":4,"16":4,"17":4,"18":5,"19":0,"20":5,"21":1},"f":{"0":4,"1":4,"2":4,"3":4,"4":0,"5":0,"6":5,"7":4,"8":4},"b":{"0":[4,2],"1":[0,0],"2":[0,5]},"_coverageSchema":"1a1c01bbd47fc00a2c39e90264f33305004495a9","hash":"8a5f24338818728ef01f3221f36baf8e69599086"}
,"/Users/mac/Documents/jenish/vouch-expo-offline/src/features/browse/components/BrowseFilterBar.tsx": {"path":"/Users/mac/Documents/jenish/vouch-expo-offline/src/features/browse/components/BrowseFilterBar.tsx","statementMap":{"0":{"start":{"line":33,"column":16},"end":{"line":33,"column":26}},"1":{"start":{"line":34,"column":19},"end":{"line":34,"column":42}},"2":{"start":{"line":35,"column":26},"end":{"line":35,"column":41}},"3":{"start":{"line":37,"column":18},"end":{"line":39,"column":3}},"4":{"start":{"line":38,"column":4},"end":{"line":38,"column":37}},"5":{"start":{"line":40,"column":18},"end":{"line":42,"column":3}},"6":{"start":{"line":41,"column":4},"end":{"line":41,"column":37}},"7":{"start":{"line":44,"column":16},"end":{"line":44,"column":42}},"8":{"start":{"line":45,"column":18},"end":{"line":45,"column":46}},"9":{"start":{"line":47,"column":2},"end":{"line":110,"column":4}},"10":{"start":{"line":54,"column":32},"end":{"line":54,"column":54}},"11":{"start":{"line":80,"column":28},"end":{"line":80,"column":41}},"12":{"start":{"line":81,"column":28},"end":{"line":81,"column":42}},"13":{"start":{"line":100,"column":38},"end":{"line":100,"column":58}},"14":{"start":{"line":114,"column":26},"end":{"line":114,"column":28}},"15":{"start":{"line":115,"column":2},"end":{"line":117,"column":3}},"16":{"start":{"line":116,"column":4},"end":{"line":116,"column":39}},"17":{"start":{"line":118,"column":2},"end":{"line":120,"column":3}},"18":{"start":{"line":119,"column":4},"end":{"line":119,"column":53}},"19":{"start":{"line":121,"column":2},"end":{"line":123,"column":3}},"20":{"start":{"line":122,"column":4},"end":{"line":122,"column":25}},"21":{"start":{"line":124,"column":2},"end":{"line":124,"column":53}},"22":{"start":{"line":127,"column":15},"end":{"line":176,"column":3}},"23":{"start":{"line":127,"column":41},"end":{"line":176,"column":1}},"24":{"start":{"line":131,"column":33},"end":{"line":143,"column":3}},"25":{"start":{"line":170,"column":31},"end":{"line":175,"column":3}}},"fnMap":{"0":{"name":"BrowseFilterBar","decl":{"start":{"line":31,"column":24},"end":{"line":31,"column":39}},"loc":{"start":{"line":31,"column":94},"end":{"line":111,"column":1}},"line":31},"1":{"name":"(anonymous_1)","decl":{"start":{"line":37,"column":18},"end":{"line":37,"column":19}},"loc":{"start":{"line":37,"column":24},"end":{"line":39,"column":3}},"line":37},"2":{"name":"(anonymous_2)","decl":{"start":{"line":40,"column":18},"end":{"line":40,"column":19}},"loc":{"start":{"line":40,"column":24},"end":{"line":42,"column":3}},"line":40},"3":{"name":"(anonymous_3)","decl":{"start":{"line":54,"column":15},"end":{"line":54,"column":16}},"loc":{"start":{"line":54,"column":32},"end":{"line":54,"column":54}},"line":54},"4":{"name":"(anonymous_4)","decl":{"start":{"line":80,"column":22},"end":{"line":80,"column":23}},"loc":{"start":{"line":80,"column":28},"end":{"line":80,"column":41}},"line":80},"5":{"name":"(anonymous_5)","decl":{"start":{"line":81,"column":22},"end":{"line":81,"column":23}},"loc":{"start":{"line":81,"column":28},"end":{"line":81,"column":42}},"line":81},"6":{"name":"(anonymous_6)","decl":{"start":{"line":100,"column":21},"end":{"line":100,"column":22}},"loc":{"start":{"line":100,"column":38},"end":{"line":100,"column":58}},"line":100},"7":{"name":"browseFilterSummary","decl":{"start":{"line":113,"column":9},"end":{"line":113,"column":28}},"loc":{"start":{"line":113,"column":68},"end":{"line":125,"column":1}},"line":113},"8":{"name":"(anonymous_8)","decl":{"start":{"line":127,"column":33},"end":{"line":127,"column":34}},"loc":{"start":{"line":127,"column":41},"end":{"line":176,"column":1}},"line":127},"9":{"name":"(anonymous_9)","decl":{"start":{"line":131,"column":10},"end":{"line":131,"column":11}},"loc":{"start":{"line":131,"column":33},"end":{"line":143,"column":3}},"line":131},"10":{"name":"(anonymous_10)","decl":{"start":{"line":170,"column":8},"end":{"line":170,"column":9}},"loc":{"start":{"line":170,"column":31},"end":{"line":175,"column":3}},"line":170}},"branchMap":{"0":{"loc":{"start":{"line":59,"column":9},"end":{"line":63,"column":16}},"type":"cond-expr","locations":[{"start":{"line":60,"column":10},"end":{"line":62,"column":17}},{"start":{"line":63,"column":12},"end":{"line":63,"column":16}}],"line":59},"1":{"loc":{"start":{"line":64,"column":9},"end":{"line":70,"column":16}},"type":"cond-expr","locations":[{"start":{"line":65,"column":10},"end":{"line":69,"column":17}},{"start":{"line":70,"column":12},"end":{"line":70,"column":16}}],"line":64},"2":{"loc":{"start":{"line":87,"column":13},"end":{"line":93,"column":20}},"type":"cond-expr","locations":[{"start":{"line":88,"column":14},"end":{"line":92,"column":21}},{"start":{"line":93,"column":16},"end":{"line":93,"column":20}}],"line":87},"3":{"loc":{"start":{"line":115,"column":2},"end":{"line":117,"column":3}},"type":"if","locations":[{"start":{"line":115,"column":2},"end":{"line":117,"column":3}},{"start":{},"end":{}}],"line":115},"4":{"loc":{"start":{"line":115,"column":6},"end":{"line":115,"column":56}},"type":"binary-expr","locations":[{"start":{"line":115,"column":6},"end":{"line":115,"column":30}},{"start":{"line":115,"column":34},"end":{"line":115,"column":56}}],"line":115},"5":{"loc":{"start":{"line":118,"column":2},"end":{"line":120,"column":3}},"type":"if","locations":[{"start":{"line":118,"column":2},"end":{"line":120,"column":3}},{"start":{},"end":{}}],"line":118},"6":{"loc":{"start":{"line":121,"column":2},"end":{"line":123,"column":3}},"type":"if","locations":[{"start":{"line":121,"column":2},"end":{"line":123,"column":3}},{"start":{},"end":{}}],"line":121},"7":{"loc":{"start":{"line":124,"column":9},"end":{"line":124,"column":52}},"type":"cond-expr","locations":[{"start":{"line":124,"column":28},"end":{"line":124,"column":45}},{"start":{"line":124,"column":48},"end":{"line":124,"column":52}}],"line":124},"8":{"loc":{"start":{"line":140,"column":21},"end":{"line":140,"column":71}},"type":"cond-expr","locations":[{"start":{"line":140,"column":31},"end":{"line":140,"column":52}},{"start":{"line":140,"column":55},"end":{"line":140,"column":71}}],"line":140},"9":{"loc":{"start":{"line":174,"column":21},"end":{"line":174,"column":68}},"type":"cond-expr","locations":[{"start":{"line":174,"column":31},"end":{"line":174,"column":52}},{"start":{"line":174,"column":55},"end":{"line":174,"column":68}}],"line":174}},"s":{"0":9,"1":9,"2":9,"3":9,"4":3,"5":9,"6":1,"7":9,"8":9,"9":9,"10":9,"11":0,"12":0,"13":9,"14":9,"15":9,"16":1,"17":9,"18":1,"19":9,"20":1,"21":9,"22":1,"23":1,"24":9,"25":9},"f":{"0":9,"1":3,"2":1,"3":9,"4":0,"5":0,"6":9,"7":9,"8":1,"9":9,"10":9},"b":{"0":[3,6],"1":[3,6],"2":[3,6],"3":[1,8],"4":[9,8],"5":[1,8],"6":[1,8],"7":[3,6],"8":[0,9],"9":[0,9]},"_coverageSchema":"1a1c01bbd47fc00a2c39e90264f33305004495a9","hash":"182010589e7eef596d8c01fa1c302d0b2d9a4d56"}
,"/Users/mac/Documents/jenish/vouch-expo-offline/src/features/browse/components/BrowseFilterPanel.tsx": {"path":"/Users/mac/Documents/jenish/vouch-expo-offline/src/features/browse/components/BrowseFilterPanel.tsx","statementMap":{"0":{"start":{"line":31,"column":21},"end":{"line":31,"column":31}},"1":{"start":{"line":32,"column":16},"end":{"line":32,"column":42}},"2":{"start":{"line":34,"column":2},"end":{"line":106,"column":4}},"3":{"start":{"line":43,"column":30},"end":{"line":43,"column":68}},"4":{"start":{"line":48,"column":30},"end":{"line":48,"column":66}},"5":{"start":{"line":57,"column":27},"end":{"line":57,"column":60}},"6":{"start":{"line":58,"column":10},"end":{"line":70,"column":12}},"7":{"start":{"line":64,"column":29},"end":{"line":64,"column":73}},"8":{"start":{"line":65,"column":38},"end":{"line":65,"column":68}},"9":{"start":{"line":86,"column":36},"end":{"line":86,"column":77}},"10":{"start":{"line":98,"column":36},"end":{"line":98,"column":57}},"11":{"start":{"line":118,"column":18},"end":{"line":118,"column":56}},"12":{"start":{"line":119,"column":2},"end":{"line":150,"column":4}},"13":{"start":{"line":129,"column":25},"end":{"line":129,"column":36}},"14":{"start":{"line":130,"column":34},"end":{"line":130,"column":60}},"15":{"start":{"line":142,"column":25},"end":{"line":142,"column":35}},"16":{"start":{"line":143,"column":34},"end":{"line":143,"column":60}},"17":{"start":{"line":153,"column":15},"end":{"line":223,"column":3}},"18":{"start":{"line":153,"column":45},"end":{"line":223,"column":1}},"19":{"start":{"line":170,"column":37},"end":{"line":179,"column":3}},"20":{"start":{"line":189,"column":50},"end":{"line":200,"column":3}},"21":{"start":{"line":216,"column":32},"end":{"line":222,"column":3}}},"fnMap":{"0":{"name":"BrowseFilterPanel","decl":{"start":{"line":29,"column":16},"end":{"line":29,"column":33}},"loc":{"start":{"line":29,"column":90},"end":{"line":107,"column":1}},"line":29},"1":{"name":"(anonymous_1)","decl":{"start":{"line":43,"column":19},"end":{"line":43,"column":20}},"loc":{"start":{"line":43,"column":30},"end":{"line":43,"column":68}},"line":43},"2":{"name":"(anonymous_2)","decl":{"start":{"line":48,"column":19},"end":{"line":48,"column":20}},"loc":{"start":{"line":48,"column":30},"end":{"line":48,"column":66}},"line":48},"3":{"name":"(anonymous_3)","decl":{"start":{"line":56,"column":40},"end":{"line":56,"column":41}},"loc":{"start":{"line":56,"column":53},"end":{"line":71,"column":9}},"line":56},"4":{"name":"(anonymous_4)","decl":{"start":{"line":64,"column":23},"end":{"line":64,"column":24}},"loc":{"start":{"line":64,"column":29},"end":{"line":64,"column":73}},"line":64},"5":{"name":"(anonymous_5)","decl":{"start":{"line":65,"column":21},"end":{"line":65,"column":22}},"loc":{"start":{"line":65,"column":38},"end":{"line":65,"column":68}},"line":65},"6":{"name":"(anonymous_6)","decl":{"start":{"line":86,"column":25},"end":{"line":86,"column":26}},"loc":{"start":{"line":86,"column":36},"end":{"line":86,"column":77}},"line":86},"7":{"name":"(anonymous_7)","decl":{"start":{"line":98,"column":19},"end":{"line":98,"column":20}},"loc":{"start":{"line":98,"column":36},"end":{"line":98,"column":57}},"line":98},"8":{"name":"Stepper","decl":{"start":{"line":109,"column":9},"end":{"line":109,"column":16}},"loc":{"start":{"line":117,"column":3},"end":{"line":151,"column":1}},"line":117},"9":{"name":"(anonymous_9)","decl":{"start":{"line":129,"column":19},"end":{"line":129,"column":20}},"loc":{"start":{"line":129,"column":25},"end":{"line":129,"column":36}},"line":129},"10":{"name":"(anonymous_10)","decl":{"start":{"line":130,"column":17},"end":{"line":130,"column":18}},"loc":{"start":{"line":130,"column":34},"end":{"line":130,"column":60}},"line":130},"11":{"name":"(anonymous_11)","decl":{"start":{"line":142,"column":19},"end":{"line":142,"column":20}},"loc":{"start":{"line":142,"column":25},"end":{"line":142,"column":35}},"line":142},"12":{"name":"(anonymous_12)","decl":{"start":{"line":143,"column":17},"end":{"line":143,"column":18}},"loc":{"start":{"line":143,"column":34},"end":{"line":143,"column":60}},"line":143},"13":{"name":"(anonymous_13)","decl":{"start":{"line":153,"column":33},"end":{"line":153,"column":34}},"loc":{"start":{"line":153,"column":45},"end":{"line":223,"column":1}},"line":153},"14":{"name":"(anonymous_14)","decl":{"start":{"line":170,"column":14},"end":{"line":170,"column":15}},"loc":{"start":{"line":170,"column":37},"end":{"line":179,"column":3}},"line":170},"15":{"name":"(anonymous_15)","decl":{"start":{"line":189,"column":8},"end":{"line":189,"column":9}},"loc":{"start":{"line":189,"column":50},"end":{"line":200,"column":3}},"line":189},"16":{"name":"(anonymous_16)","decl":{"start":{"line":216,"column":9},"end":{"line":216,"column":10}},"loc":{"start":{"line":216,"column":32},"end":{"line":222,"column":3}},"line":216}},"branchMap":{"0":{"loc":{"start":{"line":60,"column":19},"end":{"line":60,"column":61}},"type":"cond-expr","locations":[{"start":{"line":60,"column":38},"end":{"line":60,"column":43}},{"start":{"line":60,"column":46},"end":{"line":60,"column":61}}],"line":60},"1":{"loc":{"start":{"line":62,"column":34},"end":{"line":62,"column":100}},"type":"cond-expr","locations":[{"start":{"line":62,"column":53},"end":{"line":62,"column":67}},{"start":{"line":62,"column":70},"end":{"line":62,"column":100}}],"line":62},"2":{"loc":{"start":{"line":66,"column":45},"end":{"line":66,"column":85}},"type":"cond-expr","locations":[{"start":{"line":66,"column":56},"end":{"line":66,"column":69}},{"start":{"line":66,"column":72},"end":{"line":66,"column":85}}],"line":66},"3":{"loc":{"start":{"line":67,"column":17},"end":{"line":67,"column":59}},"type":"cond-expr","locations":[{"start":{"line":67,"column":36},"end":{"line":67,"column":41}},{"start":{"line":67,"column":44},"end":{"line":67,"column":59}}],"line":67},"4":{"loc":{"start":{"line":92,"column":7},"end":{"line":104,"column":14}},"type":"cond-expr","locations":[{"start":{"line":93,"column":8},"end":{"line":103,"column":15}},{"start":{"line":104,"column":10},"end":{"line":104,"column":14}}],"line":92},"5":{"loc":{"start":{"line":118,"column":18},"end":{"line":118,"column":56}},"type":"cond-expr","locations":[{"start":{"line":118,"column":35},"end":{"line":118,"column":40}},{"start":{"line":118,"column":43},"end":{"line":118,"column":56}}],"line":118},"6":{"loc":{"start":{"line":176,"column":21},"end":{"line":176,"column":87}},"type":"cond-expr","locations":[{"start":{"line":176,"column":31},"end":{"line":176,"column":56}},{"start":{"line":176,"column":59},"end":{"line":176,"column":87}}],"line":176},"7":{"loc":{"start":{"line":192,"column":17},"end":{"line":192,"column":78}},"type":"cond-expr","locations":[{"start":{"line":192,"column":28},"end":{"line":192,"column":50}},{"start":{"line":192,"column":53},"end":{"line":192,"column":78}}],"line":192},"8":{"loc":{"start":{"line":193,"column":21},"end":{"line":197,"column":38}},"type":"cond-expr","locations":[{"start":{"line":194,"column":8},"end":{"line":194,"column":30}},{"start":{"line":195,"column":8},"end":{"line":197,"column":38}}],"line":193},"9":{"loc":{"start":{"line":195,"column":8},"end":{"line":197,"column":38}},"type":"cond-expr","locations":[{"start":{"line":196,"column":10},"end":{"line":196,"column":35}},{"start":{"line":197,"column":10},"end":{"line":197,"column":38}}],"line":195},"10":{"loc":{"start":{"line":221,"column":21},"end":{"line":221,"column":72}},"type":"cond-expr","locations":[{"start":{"line":221,"column":31},"end":{"line":221,"column":56}},{"start":{"line":221,"column":59},"end":{"line":221,"column":72}}],"line":221}},"s":{"0":9,"1":9,"2":9,"3":1,"4":0,"5":36,"6":36,"7":1,"8":36,"9":1,"10":3,"11":18,"12":18,"13":0,"14":18,"15":1,"16":18,"17":1,"18":1,"19":36,"20":36,"21":3},"f":{"0":9,"1":1,"2":0,"3":36,"4":1,"5":36,"6":1,"7":3,"8":18,"9":0,"10":18,"11":1,"12":18,"13":1,"14":36,"15":36,"16":3},"b":{"0":[9,27],"1":[9,27],"2":[9,27],"3":[9,27],"4":[3,6],"5":[17,1],"6":[0,36],"7":[9,27],"8":[9,27],"9":[0,27],"10":[0,3]},"_coverageSchema":"1a1c01bbd47fc00a2c39e90264f33305004495a9","hash":"489019994b2f9a7c67d5b4e914f0336fc21d94b8"}
,"/Users/mac/Documents/jenish/vouch-expo-offline/src/features/browse/components/BrowseRow.tsx": {"path":"/Users/mac/Documents/jenish/vouch-expo-offline/src/features/browse/components/BrowseRow.tsx","statementMap":{"0":{"start":{"line":26,"column":18},"end":{"line":91,"column":2}},"1":{"start":{"line":28,"column":21},"end":{"line":28,"column":31}},"2":{"start":{"line":29,"column":19},"end":{"line":29,"column":43}},"3":{"start":{"line":30,"column":16},"end":{"line":30,"column":35}},"4":{"start":{"line":32,"column":15},"end":{"line":32,"column":57}},"5":{"start":{"line":33,"column":20},"end":{"line":33,"column":97}},"6":{"start":{"line":35,"column":2},"end":{"line":90,"column":2}},"7":{"start":{"line":40,"column":21},"end":{"line":40,"column":47}},"8":{"start":{"line":41,"column":30},"end":{"line":41,"column":49}},"9":{"start":{"line":79,"column":25},"end":{"line":79,"column":49}},"10":{"start":{"line":80,"column":34},"end":{"line":80,"column":67}},"11":{"start":{"line":95,"column":15},"end":{"line":139,"column":3}},"12":{"start":{"line":95,"column":45},"end":{"line":139,"column":1}},"13":{"start":{"line":96,"column":30},"end":{"line":105,"column":3}},"14":{"start":{"line":131,"column":53},"end":{"line":138,"column":3}}},"fnMap":{"0":{"name":"BrowseRow","decl":{"start":{"line":26,"column":32},"end":{"line":26,"column":41}},"loc":{"start":{"line":26,"column":101},"end":{"line":91,"column":1}},"line":26},"1":{"name":"(anonymous_1)","decl":{"start":{"line":40,"column":15},"end":{"line":40,"column":16}},"loc":{"start":{"line":40,"column":21},"end":{"line":40,"column":47}},"line":40},"2":{"name":"(anonymous_2)","decl":{"start":{"line":41,"column":13},"end":{"line":41,"column":14}},"loc":{"start":{"line":41,"column":30},"end":{"line":41,"column":49}},"line":41},"3":{"name":"(anonymous_3)","decl":{"start":{"line":79,"column":19},"end":{"line":79,"column":20}},"loc":{"start":{"line":79,"column":25},"end":{"line":79,"column":49}},"line":79},"4":{"name":"(anonymous_4)","decl":{"start":{"line":80,"column":17},"end":{"line":80,"column":18}},"loc":{"start":{"line":80,"column":34},"end":{"line":80,"column":67}},"line":80},"5":{"name":"(anonymous_5)","decl":{"start":{"line":95,"column":33},"end":{"line":95,"column":34}},"loc":{"start":{"line":95,"column":45},"end":{"line":139,"column":1}},"line":95},"6":{"name":"(anonymous_6)","decl":{"start":{"line":96,"column":7},"end":{"line":96,"column":8}},"loc":{"start":{"line":96,"column":30},"end":{"line":105,"column":3}},"line":96},"7":{"name":"(anonymous_7)","decl":{"start":{"line":131,"column":14},"end":{"line":131,"column":15}},"loc":{"start":{"line":131,"column":53},"end":{"line":138,"column":3}},"line":131}},"branchMap":{"0":{"loc":{"start":{"line":33,"column":20},"end":{"line":33,"column":97}},"type":"cond-expr","locations":[{"start":{"line":33,"column":28},"end":{"line":33,"column":67}},{"start":{"line":33,"column":70},"end":{"line":33,"column":97}}],"line":33},"1":{"loc":{"start":{"line":61,"column":11},"end":{"line":63,"column":18}},"type":"cond-expr","locations":[{"start":{"line":62,"column":12},"end":{"line":62,"column":87}},{"start":{"line":63,"column":14},"end":{"line":63,"column":18}}],"line":61},"2":{"loc":{"start":{"line":82,"column":18},"end":{"line":82,"column":48}},"type":"cond-expr","locations":[{"start":{"line":82,"column":26},"end":{"line":82,"column":38}},{"start":{"line":82,"column":41},"end":{"line":82,"column":48}}],"line":82},"3":{"loc":{"start":{"line":84,"column":19},"end":{"line":84,"column":64}},"type":"cond-expr","locations":[{"start":{"line":84,"column":27},"end":{"line":84,"column":43}},{"start":{"line":84,"column":46},"end":{"line":84,"column":64}}],"line":84},"4":{"loc":{"start":{"line":88,"column":5},"end":{"line":88,"column":69}},"type":"cond-expr","locations":[{"start":{"line":88,"column":15},"end":{"line":88,"column":62}},{"start":{"line":88,"column":65},"end":{"line":88,"column":69}}],"line":88},"5":{"loc":{"start":{"line":100,"column":21},"end":{"line":100,"column":79}},"type":"cond-expr","locations":[{"start":{"line":100,"column":31},"end":{"line":100,"column":56}},{"start":{"line":100,"column":59},"end":{"line":100,"column":79}}],"line":100},"6":{"loc":{"start":{"line":137,"column":21},"end":{"line":137,"column":114}},"type":"cond-expr","locations":[{"start":{"line":137,"column":29},"end":{"line":137,"column":60}},{"start":{"line":137,"column":63},"end":{"line":137,"column":114}}],"line":137},"7":{"loc":{"start":{"line":137,"column":63},"end":{"line":137,"column":114}},"type":"cond-expr","locations":[{"start":{"line":137,"column":73},"end":{"line":137,"column":98}},{"start":{"line":137,"column":101},"end":{"line":137,"column":114}}],"line":137}},"s":{"0":1,"1":5,"2":5,"3":5,"4":5,"5":5,"6":5,"7":1,"8":5,"9":1,"10":5,"11":1,"12":1,"13":5,"14":5},"f":{"0":5,"1":1,"2":5,"3":1,"4":5,"5":1,"6":5,"7":5},"b":{"0":[2,3],"1":[0,5],"2":[2,3],"3":[2,3],"4":[5,0],"5":[0,5],"6":[2,3],"7":[0,3]},"_coverageSchema":"1a1c01bbd47fc00a2c39e90264f33305004495a9","hash":"83f08a484bef134793b32400bbcd5348bc724b13"}
,"/Users/mac/Documents/jenish/vouch-expo-offline/src/features/browse/model/browseFilters.ts": {"path":"/Users/mac/Documents/jenish/vouch-expo-offline/src/features/browse/model/browseFilters.ts","statementMap":{"0":{"start":{"line":19,"column":26},"end":{"line":19,"column":55}},"1":{"start":{"line":20,"column":31},"end":{"line":20,"column":52}},"2":{"start":{"line":22,"column":44},"end":{"line":27,"column":1}},"3":{"start":{"line":30,"column":2},"end":{"line":35,"column":4}},"4":{"start":{"line":39,"column":2},"end":{"line":39,"column":67}},"5":{"start":{"line":44,"column":16},"end":{"line":44,"column":47}},"6":{"start":{"line":45,"column":15},"end":{"line":45,"column":68}},"7":{"start":{"line":46,"column":2},"end":{"line":46,"column":56}},"8":{"start":{"line":51,"column":16},"end":{"line":51,"column":49}},"9":{"start":{"line":52,"column":15},"end":{"line":52,"column":66}},"10":{"start":{"line":53,"column":2},"end":{"line":53,"column":54}},"11":{"start":{"line":57,"column":2},"end":{"line":57,"column":50}},"12":{"start":{"line":61,"column":2},"end":{"line":61,"column":48}},"13":{"start":{"line":68,"column":2},"end":{"line":68,"column":48}},"14":{"start":{"line":72,"column":2},"end":{"line":72,"column":42}},"15":{"start":{"line":77,"column":2},"end":{"line":82,"column":4}},"16":{"start":{"line":87,"column":2},"end":{"line":89,"column":3}},"17":{"start":{"line":88,"column":4},"end":{"line":88,"column":15}},"18":{"start":{"line":90,"column":15},"end":{"line":90,"column":48}},"19":{"start":{"line":91,"column":13},"end":{"line":91,"column":44}},"20":{"start":{"line":92,"column":2},"end":{"line":92,"column":25}},"21":{"start":{"line":97,"column":2},"end":{"line":97,"column":52}}},"fnMap":{"0":{"name":"isDefaultFilters","decl":{"start":{"line":29,"column":16},"end":{"line":29,"column":32}},"loc":{"start":{"line":29,"column":66},"end":{"line":36,"column":1}},"line":29},"1":{"name":"clampAge","decl":{"start":{"line":38,"column":9},"end":{"line":38,"column":17}},"loc":{"start":{"line":38,"column":41},"end":{"line":40,"column":1}},"line":38},"2":{"name":"nudgeAgeFrom","decl":{"start":{"line":43,"column":16},"end":{"line":43,"column":28}},"loc":{"start":{"line":43,"column":83},"end":{"line":47,"column":1}},"line":43},"3":{"name":"nudgeAgeTo","decl":{"start":{"line":50,"column":16},"end":{"line":50,"column":26}},"loc":{"start":{"line":50,"column":81},"end":{"line":54,"column":1}},"line":50},"4":{"name":"setAgeFrom","decl":{"start":{"line":56,"column":16},"end":{"line":56,"column":26}},"loc":{"start":{"line":56,"column":81},"end":{"line":58,"column":1}},"line":56},"5":{"name":"setAgeTo","decl":{"start":{"line":60,"column":16},"end":{"line":60,"column":24}},"loc":{"start":{"line":60,"column":79},"end":{"line":62,"column":1}},"line":60},"6":{"name":"setMaxDistanceKm","decl":{"start":{"line":64,"column":16},"end":{"line":64,"column":32}},"loc":{"start":{"line":67,"column":17},"end":{"line":69,"column":1}},"line":67},"7":{"name":"setVerifiedOnly","decl":{"start":{"line":71,"column":16},"end":{"line":71,"column":31}},"loc":{"start":{"line":71,"column":84},"end":{"line":73,"column":1}},"line":71},"8":{"name":"activeFilterCount","decl":{"start":{"line":76,"column":16},"end":{"line":76,"column":33}},"loc":{"start":{"line":76,"column":66},"end":{"line":83,"column":1}},"line":76},"9":{"name":"ageRangeLabel","decl":{"start":{"line":86,"column":16},"end":{"line":86,"column":29}},"loc":{"start":{"line":86,"column":62},"end":{"line":93,"column":1}},"line":86},"10":{"name":"distanceLabel","decl":{"start":{"line":96,"column":16},"end":{"line":96,"column":29}},"loc":{"start":{"line":96,"column":62},"end":{"line":98,"column":1}},"line":96}},"branchMap":{"0":{"loc":{"start":{"line":31,"column":4},"end":{"line":34,"column":34}},"type":"binary-expr","locations":[{"start":{"line":31,"column":4},"end":{"line":31,"column":28}},{"start":{"line":32,"column":4},"end":{"line":32,"column":26}},{"start":{"line":33,"column":4},"end":{"line":33,"column":34}},{"start":{"line":34,"column":4},"end":{"line":34,"column":34}}],"line":31},"1":{"loc":{"start":{"line":44,"column":16},"end":{"line":44,"column":47}},"type":"binary-expr","locations":[{"start":{"line":44,"column":16},"end":{"line":44,"column":29}},{"start":{"line":44,"column":33},"end":{"line":44,"column":47}}],"line":44},"2":{"loc":{"start":{"line":45,"column":25},"end":{"line":45,"column":58}},"type":"binary-expr","locations":[{"start":{"line":45,"column":25},"end":{"line":45,"column":40}},{"start":{"line":45,"column":44},"end":{"line":45,"column":58}}],"line":45},"3":{"loc":{"start":{"line":51,"column":16},"end":{"line":51,"column":49}},"type":"binary-expr","locations":[{"start":{"line":51,"column":16},"end":{"line":51,"column":31}},{"start":{"line":51,"column":35},"end":{"line":51,"column":49}}],"line":51},"4":{"loc":{"start":{"line":52,"column":25},"end":{"line":52,"column":56}},"type":"binary-expr","locations":[{"start":{"line":52,"column":25},"end":{"line":52,"column":38}},{"start":{"line":52,"column":42},"end":{"line":52,"column":56}}],"line":52},"5":{"loc":{"start":{"line":78,"column":5},"end":{"line":78,"column":37}},"type":"cond-expr","locations":[{"start":{"line":78,"column":32},"end":{"line":78,"column":33}},{"start":{"line":78,"column":36},"end":{"line":78,"column":37}}],"line":78},"6":{"loc":{"start":{"line":79,"column":5},"end":{"line":79,"column":35}},"type":"cond-expr","locations":[{"start":{"line":79,"column":30},"end":{"line":79,"column":31}},{"start":{"line":79,"column":34},"end":{"line":79,"column":35}}],"line":79},"7":{"loc":{"start":{"line":80,"column":5},"end":{"line":80,"column":43}},"type":"cond-expr","locations":[{"start":{"line":80,"column":38},"end":{"line":80,"column":39}},{"start":{"line":80,"column":42},"end":{"line":80,"column":43}}],"line":80},"8":{"loc":{"start":{"line":81,"column":5},"end":{"line":81,"column":33}},"type":"cond-expr","locations":[{"start":{"line":81,"column":28},"end":{"line":81,"column":29}},{"start":{"line":81,"column":32},"end":{"line":81,"column":33}}],"line":81},"9":{"loc":{"start":{"line":87,"column":2},"end":{"line":89,"column":3}},"type":"if","locations":[{"start":{"line":87,"column":2},"end":{"line":89,"column":3}},{"start":{},"end":{}}],"line":87},"10":{"loc":{"start":{"line":87,"column":6},"end":{"line":87,"column":56}},"type":"binary-expr","locations":[{"start":{"line":87,"column":6},"end":{"line":87,"column":30}},{"start":{"line":87,"column":34},"end":{"line":87,"column":56}}],"line":87},"11":{"loc":{"start":{"line":90,"column":15},"end":{"line":90,"column":48}},"type":"binary-expr","locations":[{"start":{"line":90,"column":15},"end":{"line":90,"column":30}},{"start":{"line":90,"column":34},"end":{"line":90,"column":48}}],"line":90},"12":{"loc":{"start":{"line":91,"column":13},"end":{"line":91,"column":44}},"type":"binary-expr","locations":[{"start":{"line":91,"column":13},"end":{"line":91,"column":26}},{"start":{"line":91,"column":30},"end":{"line":91,"column":44}}],"line":91},"13":{"loc":{"start":{"line":97,"column":9},"end":{"line":97,"column":51}},"type":"cond-expr","locations":[{"start":{"line":97,"column":28},"end":{"line":97,"column":33}},{"start":{"line":97,"column":36},"end":{"line":97,"column":51}}],"line":97}},"s":{"0":2,"1":2,"2":2,"3":2,"4":7,"5":6,"6":6,"7":6,"8":1,"9":1,"10":1,"11":0,"12":0,"13":4,"14":2,"15":20,"16":3,"17":1,"18":2,"19":2,"20":2,"21":3},"f":{"0":2,"1":7,"2":6,"3":1,"4":0,"5":0,"6":4,"7":2,"8":20,"9":3,"10":3},"b":{"0":[2,1,1,1],"1":[6,4],"2":[6,3],"3":[1,0],"4":[1,0],"5":[3,17],"6":[0,20],"7":[3,17],"8":[3,17],"9":[1,2],"10":[3,1],"11":[2,0],"12":[2,1],"13":[1,2]},"_coverageSchema":"1a1c01bbd47fc00a2c39e90264f33305004495a9","hash":"18c14d202208303fd8bae29a807a7454489f43a7"}
,"/Users/mac/Documents/jenish/vouch-expo-offline/src/features/browse/model/feed.ts": {"path":"/Users/mac/Documents/jenish/vouch-expo-offline/src/features/browse/model/feed.ts","statementMap":{"0":{"start":{"line":20,"column":2},"end":{"line":20,"column":39}},"1":{"start":{"line":27,"column":15},"end":{"line":27,"column":58}},"2":{"start":{"line":27,"column":49},"end":{"line":27,"column":56}},"3":{"start":{"line":28,"column":16},"end":{"line":28,"column":32}},"4":{"start":{"line":29,"column":2},"end":{"line":34,"column":3}},"5":{"start":{"line":30,"column":4},"end":{"line":33,"column":5}},"6":{"start":{"line":31,"column":6},"end":{"line":31,"column":24}},"7":{"start":{"line":32,"column":6},"end":{"line":32,"column":23}},"8":{"start":{"line":35,"column":2},"end":{"line":35,"column":42}}},"fnMap":{"0":{"name":"emptyFeed","decl":{"start":{"line":19,"column":16},"end":{"line":19,"column":25}},"loc":{"start":{"line":19,"column":45},"end":{"line":21,"column":1}},"line":19},"1":{"name":"mergePage","decl":{"start":{"line":23,"column":16},"end":{"line":23,"column":25}},"loc":{"start":{"line":26,"column":16},"end":{"line":36,"column":1}},"line":26},"2":{"name":"(anonymous_2)","decl":{"start":{"line":27,"column":39},"end":{"line":27,"column":40}},"loc":{"start":{"line":27,"column":49},"end":{"line":27,"column":56}},"line":27}},"branchMap":{"0":{"loc":{"start":{"line":30,"column":4},"end":{"line":33,"column":5}},"type":"if","locations":[{"start":{"line":30,"column":4},"end":{"line":33,"column":5}},{"start":{},"end":{}}],"line":30}},"s":{"0":4,"1":6,"2":5,"3":6,"4":6,"5":9,"6":7,"7":7,"8":6},"f":{"0":4,"1":6,"2":5},"b":{"0":[7,2]},"_coverageSchema":"1a1c01bbd47fc00a2c39e90264f33305004495a9","hash":"5ae9c9bd86ff9006bb378603b676759b36c0b3a7"}
,"/Users/mac/Documents/jenish/vouch-expo-offline/src/features/browse/store/user-swipes.ts": {"path":"/Users/mac/Documents/jenish/vouch-expo-offline/src/features/browse/store/user-swipes.ts","statementMap":{"0":{"start":{"line":21,"column":18},"end":{"line":21,"column":54}},"1":{"start":{"line":22,"column":18},"end":{"line":22,"column":52}},"2":{"start":{"line":25,"column":2},"end":{"line":25,"column":42}},"3":{"start":{"line":29,"column":14},"end":{"line":29,"column":38}},"4":{"start":{"line":30,"column":2},"end":{"line":32,"column":3}},"5":{"start":{"line":31,"column":4},"end":{"line":31,"column":11}},"6":{"start":{"line":33,"column":2},"end":{"line":35,"column":3}},"7":{"start":{"line":34,"column":4},"end":{"line":34,"column":15}},"8":{"start":{"line":40,"column":2},"end":{"line":42,"column":3}},"9":{"start":{"line":41,"column":4},"end":{"line":41,"column":11}},"10":{"start":{"line":43,"column":2},"end":{"line":43,"column":37}},"11":{"start":{"line":44,"column":2},"end":{"line":44,"column":20}},"12":{"start":{"line":53,"column":2},"end":{"line":53,"column":76}},"13":{"start":{"line":60,"column":15},"end":{"line":60,"column":82}},"14":{"start":{"line":60,"column":41},"end":{"line":60,"column":80}},"15":{"start":{"line":61,"column":18},"end":{"line":61,"column":35}},"16":{"start":{"line":63,"column":2},"end":{"line":68,"column":3}},"17":{"start":{"line":64,"column":4},"end":{"line":67,"column":5}},"18":{"start":{"line":65,"column":6},"end":{"line":65,"column":41}},"19":{"start":{"line":66,"column":6},"end":{"line":66,"column":29}},"20":{"start":{"line":69,"column":2},"end":{"line":74,"column":3}},"21":{"start":{"line":70,"column":4},"end":{"line":73,"column":5}},"22":{"start":{"line":71,"column":6},"end":{"line":71,"column":37}},"23":{"start":{"line":72,"column":6},"end":{"line":72,"column":29}},"24":{"start":{"line":76,"column":2},"end":{"line":78,"column":3}},"25":{"start":{"line":77,"column":4},"end":{"line":77,"column":22}},"26":{"start":{"line":82,"column":2},"end":{"line":87,"column":3}},"27":{"start":{"line":83,"column":4},"end":{"line":86,"column":5}},"28":{"start":{"line":84,"column":6},"end":{"line":84,"column":37}},"29":{"start":{"line":85,"column":6},"end":{"line":85,"column":24}},"30":{"start":{"line":91,"column":12},"end":{"line":91,"column":36}},"31":{"start":{"line":92,"column":2},"end":{"line":95,"column":3}},"32":{"start":{"line":93,"column":4},"end":{"line":93,"column":20}},"33":{"start":{"line":94,"column":4},"end":{"line":94,"column":34}},"34":{"start":{"line":96,"column":2},"end":{"line":96,"column":20}},"35":{"start":{"line":97,"column":2},"end":{"line":102,"column":4}},"36":{"start":{"line":98,"column":4},"end":{"line":98,"column":26}},"37":{"start":{"line":99,"column":4},"end":{"line":101,"column":5}},"38":{"start":{"line":100,"column":6},"end":{"line":100,"column":34}},"39":{"start":{"line":111,"column":2},"end":{"line":115,"column":4}},"40":{"start":{"line":112,"column":23},"end":{"line":112,"column":65}},"41":{"start":{"line":113,"column":10},"end":{"line":113,"column":32}},"42":{"start":{"line":114,"column":10},"end":{"line":114,"column":32}}},"fnMap":{"0":{"name":"getDecision","decl":{"start":{"line":24,"column":16},"end":{"line":24,"column":27}},"loc":{"start":{"line":24,"column":66},"end":{"line":26,"column":1}},"line":24},"1":{"name":"notify","decl":{"start":{"line":28,"column":9},"end":{"line":28,"column":15}},"loc":{"start":{"line":28,"column":41},"end":{"line":36,"column":1}},"line":28},"2":{"name":"setDecision","decl":{"start":{"line":39,"column":16},"end":{"line":39,"column":27}},"loc":{"start":{"line":39,"column":82},"end":{"line":45,"column":1}},"line":39},"3":{"name":"toggleLike","decl":{"start":{"line":52,"column":16},"end":{"line":52,"column":26}},"loc":{"start":{"line":52,"column":52},"end":{"line":54,"column":1}},"line":52},"4":{"name":"hydrateFromSwipes","decl":{"start":{"line":57,"column":16},"end":{"line":57,"column":33}},"loc":{"start":{"line":59,"column":8},"end":{"line":79,"column":1}},"line":59},"5":{"name":"(anonymous_5)","decl":{"start":{"line":60,"column":32},"end":{"line":60,"column":33}},"loc":{"start":{"line":60,"column":41},"end":{"line":60,"column":80}},"line":60},"6":{"name":"clearUserSwipes","decl":{"start":{"line":81,"column":16},"end":{"line":81,"column":31}},"loc":{"start":{"line":81,"column":40},"end":{"line":88,"column":1}},"line":81},"7":{"name":"subscribeProfile","decl":{"start":{"line":90,"column":9},"end":{"line":90,"column":25}},"loc":{"start":{"line":90,"column":79},"end":{"line":103,"column":1}},"line":90},"8":{"name":"(anonymous_8)","decl":{"start":{"line":97,"column":9},"end":{"line":97,"column":10}},"loc":{"start":{"line":97,"column":15},"end":{"line":102,"column":3}},"line":97},"9":{"name":"useUserSwipe","decl":{"start":{"line":110,"column":16},"end":{"line":110,"column":28}},"loc":{"start":{"line":110,"column":67},"end":{"line":116,"column":1}},"line":110},"10":{"name":"(anonymous_10)","decl":{"start":{"line":112,"column":4},"end":{"line":112,"column":5}},"loc":{"start":{"line":112,"column":23},"end":{"line":112,"column":65}},"line":112},"11":{"name":"(anonymous_11)","decl":{"start":{"line":113,"column":4},"end":{"line":113,"column":5}},"loc":{"start":{"line":113,"column":10},"end":{"line":113,"column":32}},"line":113},"12":{"name":"(anonymous_12)","decl":{"start":{"line":114,"column":4},"end":{"line":114,"column":5}},"loc":{"start":{"line":114,"column":10},"end":{"line":114,"column":32}},"line":114}},"branchMap":{"0":{"loc":{"start":{"line":25,"column":9},"end":{"line":25,"column":41}},"type":"binary-expr","locations":[{"start":{"line":25,"column":9},"end":{"line":25,"column":33}},{"start":{"line":25,"column":37},"end":{"line":25,"column":41}}],"line":25},"1":{"loc":{"start":{"line":30,"column":2},"end":{"line":32,"column":3}},"type":"if","locations":[{"start":{"line":30,"column":2},"end":{"line":32,"column":3}},{"start":{},"end":{}}],"line":30},"2":{"loc":{"start":{"line":40,"column":2},"end":{"line":42,"column":3}},"type":"if","locations":[{"start":{"line":40,"column":2},"end":{"line":42,"column":3}},{"start":{},"end":{}}],"line":40},"3":{"loc":{"start":{"line":53,"column":25},"end":{"line":53,"column":74}},"type":"cond-expr","locations":[{"start":{"line":53,"column":61},"end":{"line":53,"column":65}},{"start":{"line":53,"column":68},"end":{"line":53,"column":74}}],"line":53},"4":{"loc":{"start":{"line":64,"column":4},"end":{"line":67,"column":5}},"type":"if","locations":[{"start":{"line":64,"column":4},"end":{"line":67,"column":5}},{"start":{},"end":{}}],"line":64},"5":{"loc":{"start":{"line":70,"column":4},"end":{"line":73,"column":5}},"type":"if","locations":[{"start":{"line":70,"column":4},"end":{"line":73,"column":5}},{"start":{},"end":{}}],"line":70},"6":{"loc":{"start":{"line":70,"column":8},"end":{"line":70,"column":65}},"type":"binary-expr","locations":[{"start":{"line":70,"column":8},"end":{"line":70,"column":28}},{"start":{"line":70,"column":32},"end":{"line":70,"column":65}}],"line":70},"7":{"loc":{"start":{"line":83,"column":4},"end":{"line":86,"column":5}},"type":"if","locations":[{"start":{"line":83,"column":4},"end":{"line":86,"column":5}},{"start":{},"end":{}}],"line":83},"8":{"loc":{"start":{"line":92,"column":2},"end":{"line":95,"column":3}},"type":"if","locations":[{"start":{"line":92,"column":2},"end":{"line":95,"column":3}},{"start":{},"end":{}}],"line":92},"9":{"loc":{"start":{"line":99,"column":4},"end":{"line":101,"column":5}},"type":"if","locations":[{"start":{"line":99,"column":4},"end":{"line":101,"column":5}},{"start":{},"end":{}}],"line":99}},"s":{"0":5,"1":5,"2":82,"3":21,"4":21,"5":17,"6":4,"7":4,"8":13,"9":0,"10":13,"11":13,"12":4,"13":10,"14":4,"15":10,"16":10,"17":4,"18":2,"19":2,"20":10,"21":6,"22":2,"23":2,"24":10,"25":4,"26":13,"27":8,"28":4,"29":4,"30":18,"31":18,"32":18,"33":18,"34":18,"35":18,"36":18,"37":18,"38":18,"39":18,"40":18,"41":58,"42":0},"f":{"0":82,"1":21,"2":13,"3":4,"4":10,"5":4,"6":13,"7":18,"8":18,"9":18,"10":18,"11":58,"12":0},"b":{"0":[82,55],"1":[17,4],"2":[0,13],"3":[2,2],"4":[2,2],"5":[2,4],"6":[6,2],"7":[4,4],"8":[18,0],"9":[18,0]},"_coverageSchema":"1a1c01bbd47fc00a2c39e90264f33305004495a9","hash":"7eefd17a8eeb85364f451088bd425bd3d9e008f7"}
,"/Users/mac/Documents/jenish/vouch-expo-offline/src/features/chat/constants.ts": {"path":"/Users/mac/Documents/jenish/vouch-expo-offline/src/features/chat/constants.ts","statementMap":{"0":{"start":{"line":2,"column":30},"end":{"line":2,"column":34}}},"fnMap":{},"branchMap":{},"s":{"0":1},"f":{},"b":{},"_coverageSchema":"1a1c01bbd47fc00a2c39e90264f33305004495a9","hash":"680cf0303fbb203cf169151665faf91267a433cc"}
,"/Users/mac/Documents/jenish/vouch-expo-offline/src/features/chat/components/MatchRow.tsx": {"path":"/Users/mac/Documents/jenish/vouch-expo-offline/src/features/chat/components/MatchRow.tsx","statementMap":{"0":{"start":{"line":21,"column":17},"end":{"line":81,"column":2}},"1":{"start":{"line":22,"column":21},"end":{"line":22,"column":31}},"2":{"start":{"line":24,"column":15},"end":{"line":24,"column":53}},"3":{"start":{"line":25,"column":18},"end":{"line":25,"column":38}},"4":{"start":{"line":26,"column":18},"end":{"line":30,"column":19}},"5":{"start":{"line":32,"column":2},"end":{"line":80,"column":4}},"6":{"start":{"line":37,"column":21},"end":{"line":37,"column":38}},"7":{"start":{"line":38,"column":30},"end":{"line":38,"column":49}},"8":{"start":{"line":84,"column":2},"end":{"line":86,"column":3}},"9":{"start":{"line":85,"column":4},"end":{"line":85,"column":30}},"10":{"start":{"line":88,"column":4},"end":{"line":92,"column":12}},"11":{"start":{"line":93,"column":2},"end":{"line":93,"column":45}},"12":{"start":{"line":97,"column":2},"end":{"line":106,"column":3}},"13":{"start":{"line":99,"column":6},"end":{"line":99,"column":22}},"14":{"start":{"line":101,"column":6},"end":{"line":101,"column":24}},"15":{"start":{"line":103,"column":6},"end":{"line":103,"column":30}},"16":{"start":{"line":105,"column":6},"end":{"line":105,"column":20}},"17":{"start":{"line":110,"column":17},"end":{"line":110,"column":39}},"18":{"start":{"line":111,"column":15},"end":{"line":111,"column":42}},"19":{"start":{"line":112,"column":2},"end":{"line":114,"column":3}},"20":{"start":{"line":113,"column":4},"end":{"line":113,"column":17}},"21":{"start":{"line":115,"column":2},"end":{"line":117,"column":3}},"22":{"start":{"line":116,"column":4},"end":{"line":116,"column":22}},"23":{"start":{"line":118,"column":16},"end":{"line":118,"column":37}},"24":{"start":{"line":119,"column":2},"end":{"line":121,"column":3}},"25":{"start":{"line":120,"column":4},"end":{"line":120,"column":23}},"26":{"start":{"line":122,"column":15},"end":{"line":122,"column":37}},"27":{"start":{"line":123,"column":2},"end":{"line":123,"column":20}},"28":{"start":{"line":128,"column":15},"end":{"line":175,"column":3}},"29":{"start":{"line":128,"column":45},"end":{"line":175,"column":1}},"30":{"start":{"line":129,"column":30},"end":{"line":138,"column":3}}},"fnMap":{"0":{"name":"MatchRow","decl":{"start":{"line":21,"column":31},"end":{"line":21,"column":39}},"loc":{"start":{"line":21,"column":75},"end":{"line":81,"column":1}},"line":21},"1":{"name":"(anonymous_1)","decl":{"start":{"line":37,"column":15},"end":{"line":37,"column":16}},"loc":{"start":{"line":37,"column":21},"end":{"line":37,"column":38}},"line":37},"2":{"name":"(anonymous_2)","decl":{"start":{"line":38,"column":13},"end":{"line":38,"column":14}},"loc":{"start":{"line":38,"column":30},"end":{"line":38,"column":49}},"line":38},"3":{"name":"formatPreview","decl":{"start":{"line":83,"column":9},"end":{"line":83,"column":22}},"loc":{"start":{"line":83,"column":53},"end":{"line":94,"column":1}},"line":83},"4":{"name":"statusCaption","decl":{"start":{"line":96,"column":9},"end":{"line":96,"column":22}},"loc":{"start":{"line":96,"column":75},"end":{"line":107,
[...]
,"/Users/mac/Documents/jenish/vouch-expo-offline/src/realtime/dedupe.ts": {"path":"/Users/mac/Documents/jenish/vouch-expo-offline/src/realtime/dedupe.ts","statementMap":{"0":{"start":{"line":11,"column":18},"end":{"line":11,"column":35}},"1":{"start":{"line":12,"column":26},"end":{"line":12,"column":27}},"2":{"start":{"line":14,"column":2},"end":{"line":27,"column":4}},"3":{"start":{"line":17,"column":6},"end":{"line":19,"column":7}},"4":{"start":{"line":18,"column":8},"end":{"line":18,"column":21}},"5":{"start":{"line":20,"column":6},"end":{"line":22,"column":7}},"6":{"start":{"line":21,"column":8},"end":{"line":21,"column":21}},"7":{"start":{"line":23,"column":6},"end":{"line":23,"column":28}},"8":{"start":{"line":24,"column":6},"end":{"line":24,"column":43}},"9":{"start":{"line":25,"column":6},"end":{"line":25,"column":18}}},"fnMap":{"0":{"name":"createEventDedupe","decl":{"start":{"line":10,"column":16},"end":{"line":10,"column":33}},"loc":{"start":{"line":10,"column":36},"end":{"line":28,"column":1}},"line":10},"1":{"name":"(anonymous_1)","decl":{"start":{"line":16,"column":4},"end":{"line":16,"column":5}},"loc":{"start":{"line":16,"column":42},"end":{"line":26,"column":5}},"line":16}},"branchMap":{"0":{"loc":{"start":{"line":17,"column":6},"end":{"line":19,"column":7}},"type":"if","locations":[{"start":{"line":17,"column":6},"end":{"line":19,"column":7}},{"start":{},"end":{}}],"line":17},"1":{"loc":{"start":{"line":20,"column":6},"end":{"line":22,"column":7}},"type":"if","locations":[{"start":{"line":20,"column":6},"end":{"line":22,"column":7}},{"start":{},"end":{}}],"line":20}},"s":{"0":5,"1":5,"2":5,"3":13,"4":2,"5":11,"6":2,"7":9,"8":9,"9":9},"f":{"0":5,"1":13},"b":{"0":[2,11],"1":[2,9]},"_coverageSchema":"1a1c01bbd47fc00a2c39e90264f33305004495a9","hash":"2b7e59ecdfcb4c2ecdefd7d9ad3aaa456851cc7a"}
,"/Users/mac/Documents/jenish/vouch-expo-offline/src/realtime/publishes.ts": {"path":"/Users/mac/Documents/jenish/vouch-expo-offline/src/realtime/publishes.ts","statementMap":{"0":{"start":{"line":29,"column":18},"end":{"line":29,"column":45}},"1":{"start":{"line":30,"column":15},"end":{"line":30,"column":16}},"2":{"start":{"line":34,"column":2},"end":{"line":34,"column":16}},"3":{"start":{"line":35,"column":2},"end":{"line":35,"column":47}},"4":{"start":{"line":38,"column":45},"end":{"line":38,"column":49}},"5":{"start":{"line":41,"column":2},"end":{"line":41,"column":27}},"6":{"start":{"line":42,"column":2},"end":{"line":44,"column":3}},"7":{"start":{"line":43,"column":4},"end":{"line":43,"column":20}},"8":{"start":{"line":53,"column":19},"end":{"line":53,"column":40}},"9":{"start":{"line":54,"column":17},"end":{"line":54,"column":75}},"10":{"start":{"line":56,"column":2},"end":{"line":61,"column":13}},"11":{"start":{"line":57,"column":4},"end":{"line":57,"column":20}},"12":{"start":{"line":58,"column":4},"end":{"line":60,"column":5}},"13":{"start":{"line":59,"column":6},"end":{"line":59,"column":48}},"14":{"start":{"line":59,"column":23},"end":{"line":59,"column":38}},"15":{"start":{"line":71,"column":15},"end":{"line":71,"column":65}},"16":{"start":{"line":72,"column":2},"end":{"line":83,"column":3}},"17":{"start":{"line":74,"column":6},"end":{"line":74,"column":95}},"18":{"start":{"line":76,"column":20},"end":{"line":76,"column":137}},"19":{"start":{"line":77,"column":6},"end":{"line":77,"column":77}},"20":{"start":{"line":80,"column":6},"end":{"line":80,"column":89}},"21":{"start":{"line":82,"column":6},"end":{"line":82,"column":65}},"22":{"start":{"line":84,"column":2},"end":{"line":84,"column":62}},"23":{"start":{"line":89,"column":2},"end":{"line":91,"column":3}},"24":{"start":{"line":90,"column":4},"end":{"line":90,"column":11}},"25":{"start":{"line":92,"column":2},"end":{"line":92,"column":26}},"26":{"start":{"line":96,"column":2},"end":{"line":96,"column":26}},"27":{"start":{"line":97,"column":2},"end":{"line":97,"column":42}},"28":{"start":{"line":97,"column":15},"end":{"line":97,"column":41}},"29":{"start":{"line":102,"column":2},"end":{"line":104,"column":3}},"30":{"start":{"line":103,"column":4},"end":{"line":103,"column":38}},"31":{"start":{"line":108,"column":2},"end":{"line":108,"column":26}}},"fnMap":{"0":{"name":"nextId","decl":{"start":{"line":33,"column":16},"end":{"line":33,"column":22}},"loc":{"start":{"line":33,"column":47},"end":{"line":36,"column":1}},"line":33},"1":{"name":"dispatch","decl":{"start":{"line":40,"column":9},"end":{"line":40,"column":17}},"loc":{"start":{"line":40,"column":46},"end":{"line":45,"column":1}},"line":40},"2":{"name":"deliver","decl":{"start":{"line":52,"column":9},"end":{"line":52,"column":16}},"loc":{"start":{"line":52,"column":45},"end":{"line":62,"column":1}},"line":52},"3":{"name":"(anonymous_3)","decl":{"start":{"line":56,"column":13},"end":{"line":56,"column":14}},"loc":{"start":{"line":56,"column":19},"end":{"line":61,"column":3}},"line":56},"4":{"name":"(anonymous_4)","decl":{"start":{"line":59,"column":17},"end":{"line":59,"column":18}},"loc":{"start":{"line":59,"column":23},"end":{"line":59,"column":38}},"line":59},"5":{"name":"toEvent","decl":{"start":{"line":70,"column":9},"end":{"line":70,"column":16}},"loc":{"start":{"line":70,"column":59},"end":{"line":85,"column":1}},"line":70},"6":{"name":"emit","decl":{"start":{"line":88,"column":16},"end":{"line":88,"column":20}},"loc":{"start":{"line":88,"column":54},"end":{"line":93,"column":1}},"line":88},"7":{"name":"subscribeToRealtime","decl":{"start":{"line":95,"column":16},"end":{"line":95,"column":35}},"loc":{"start":{"line":95,"column":76},"end":{"line":98,"column":1}},"line":95},"8":{"name":"(anonymous_8)","decl":{"start":{"line":97,"column":9},"end":{"line":97,"column":10}},"loc":{"start":{"line":97,"column":15},"end":{"line":97,"column":41}},"line":97},"9":{"name":"forceDuplicateEvent","decl":{"start":{"line":101,"column":16},"end":{"line":101,"column":35}},"loc":{"start":{"line":101,"column":44},"end":{"line":105,"column":1}},"line":101},"10":{"name":"getLastEmittedEvent","decl":{"start":{"line":107,"column":16},"end":{"line":107,"column":35}},"loc":{"start":{"line":107,"column":60},"end":{"line":109,"column":1}},"line":107}},"branchMap":{"0":{"loc":{"start":{"line":58,"column":4},"end":{"line":60,"column":5}},"type":"if","locations":[{"start":{"line":58,"column":4},"end":{"line":60,"column":5}},{"start":{},"end":{}}],"line":58},"1":{"loc":{"start":{"line":72,"column":2},"end":{"line":83,"column":3}},"type":"switch","locations":[{"start":{"line":73,"column":4},"end":{"line":74,"column":95}},{"start":{"line":75,"column":4},"end":{"line":78,"column":5}},{"start":{"line":79,"column":4},"end":{"line":80,"column":89}},{"start":{"line":81,"column":4},"end":{"line":82,"column":65}}],"line":72},"2":{"loc":{"start":{"line":77,"column":13},"end":{"line":77,"column":76}},"type":"cond-expr","locations":[{"start":{"line":77,"column":30},"end":{"line":77,"column":68}},{"start":{"line":77,"column":71},"end":{"line":77,"column":76}}],"line":77},"3":{"loc":{"start":{"line":89,"column":2},"end":{"line":91,"column":3}},"type":"if","locations":[{"start":{"line":89,"column":2},"end":{"line":91,"column":3}},{"start":{},"end":{}}],"line":89},"4":{"loc":{"start":{"line":102,"column":2},"end":{"line":104,"column":3}},"type":"if","locations":[{"start":{"line":102,"column":2},"end":{"line":104,"column":3}},{"start":{},"end":{}}],"line":102}},"s":{"0":1,"1":1,"2":12,"3":12,"4":1,"5":11,"6":11,"7":56,"8":9,"9":9,"10":9,"11":9,"12":9,"13":1,"14":1,"15":10,"16":10,"17":3,"18":1,"19":1,"20":4,"21":1,"22":1,"23":11,"24":1,"25":10,"26":8,"27":8,"28":1,"29":1,"30":1,"31":1},"f":{"0":12,"1":11,"2":9,"3":9,"4":1,"5":10,"6":11,"7":8,"8":1,"9":1,"10":1},"b":{"0":[1,8],"1":[3,1,4,1],"2":[0,1],"3":[1,10],"4":[1,0]},"_coverageSchema":"1a1c01bbd47fc00a2c39e90264f33305004495a9","hash":"d6ae8a494955bd1cac666d7d4f1518d64aa0a67e"}
,"/Users/mac/Documents/jenish/vouch-expo-offline/src/realtime/realtimeChannel.ts": {"path":"/Users/mac/Documents/jenish/vouch-expo-offline/src/realtime/realtimeChannel.ts","statementMap":{"0":{"start":{"line":30,"column":21},"end":{"line":30,"column":43}},"1":{"start":{"line":31,"column":16},"end":{"line":31,"column":70}},"2":{"start":{"line":32,"column":2},"end":{"line":32,"column":30}},"3":{"start":{"line":33,"column":2},"end":{"line":37,"column":5}},"4":{"start":{"line":40,"column":25},"end":{"line":40,"column":37}},"5":{"start":{"line":49,"column":16},"end":{"line":49,"column":43}},"6":{"start":{"line":50,"column":2},"end":{"line":52,"column":3}},"7":{"start":{"line":51,"column":4},"end":{"line":51,"column":11}},"8":{"start":{"line":53,"column":2},"end":{"line":59,"column":5}},"9":{"start":{"line":64,"column":16},"end":{"line":64,"column":43}},"10":{"start":{"line":65,"column":2},"end":{"line":67,"column":3}},"11":{"start":{"line":66,"column":4},"end":{"line":66,"column":11}},"12":{"start":{"line":68,"column":2},"end":{"line":68,"column":61}},"13":{"start":{"line":73,"column":2},"end":{"line":75,"column":3}},"14":{"start":{"line":74,"column":4},"end":{"line":74,"column":17}},"15":{"start":{"line":76,"column":2},"end":{"line":76,"column":82}},"16":{"start":{"line":77,"column":2},"end":{"line":77,"column":14}}},"fnMap":{"0":{"name":"forceMatchEvent","decl":{"start":{"line":29,"column":16},"end":{"line":29,"column":31}},"loc":{"start":{"line":29,"column":40},"end":{"line":38,"column":1}},"line":29},"1":{"name":"forceIncomingMessage","decl":{"start":{"line":48,"column":22},"end":{"line":48,"column":42}},"loc":{"start":{"line":48,"column":75},"end":{"line":60,"column":1}},"line":48},"2":{"name":"simulateTyping","decl":{"start":{"line":63,"column":22},"end":{"line":63,"column":36}},"loc":{"start":{"line":63,"column":69},"end":{"line":69,"column":1}},"line":63},"3":{"name":"simulateReciprocalLike","decl":{"start":{"line":72,"column":16},"end":{"line":72,"column":38}},"loc":{"start":{"line":72,"column":67},"end":{"line":78,"column":1}},"line":72}},"branchMap":{"0":{"loc":{"start":{"line":50,"column":2},"end":{"line":52,"column":3}},"type":"if","locations":[{"start":{"line":50,"column":2},"end":{"line":52,"column":3}},{"start":{},"end":{}}],"line":50},"1":{"loc":{"start":{"line":65,"column":2},"end":{"line":67,"column":3}},"type":"if","locations":[{"start":{"line":65,"column":2},"end":{"line":67,"column":3}},{"start":{},"end":{}}],"line":65},"2":{"loc":{"start":{"line":73,"column":2},"end":{"line":75,"column":3}},"type":"if","locations":[{"start":{"line":73,"column":2},"end":{"line":75,"column":3}},{"start":{},"end":{}}],"line":73}},"s":{"0":3,"1":3,"2":3,"3":3,"4":1,"5":2,"6":2,"7":1,"8":1,"9":2,"10":2,"11":1,"12":1,"13":2,"14":1,"15":1,"16":1},"f":{"0":3,"1":2,"2":2,"3":2},"b":{"0":[1,1],"1":[1,1],"2":[1,1]},"_coverageSchema":"1a1c01bbd47fc00a2c39e90264f33305004495a9","hash":"a51d9c465d470ef8ecccae552eb59b5f3744a0bf"}
,"/Users/mac/Documents/jenish/vouch-expo-offline/src/store/mode/AppModeProvider.tsx": {"path":"/Users/mac/Documents/jenish/vouch-expo-offline/src/store/mode/AppModeProvider.tsx","statementMap":{"0":{"start":{"line":19,"column":23},"end":{"line":19,"column":70}},"1":{"start":{"line":29,"column":31},"end":{"line":29,"column":58}},"2":{"start":{"line":31,"column":18},"end":{"line":34,"column":8}},"3":{"start":{"line":32,"column":4},"end":{"line":32,"column":26}},"4":{"start":{"line":33,"column":4},"end":{"line":33,"column":23}},"5":{"start":{"line":36,"column":16},"end":{"line":39,"column":3}},"6":{"start":{"line":37,"column":11},"end":{"line":37,"column":28}},"7":{"start":{"line":41,"column":2},"end":{"line":41,"column":85}},"8":{"start":{"line":45,"column":14},"end":{"line":45,"column":40}},"9":{"start":{"line":46,"column":2},"end":{"line":48,"column":3}},"10":{"start":{"line":47,"column":4},"end":{"line":47,"column":73}},"11":{"start":{"line":49,"column":2},"end":{"line":49,"column":13}}},"fnMap":{"0":{"name":"AppModeProvider","decl":{"start":{"line":28,"column":16},"end":{"line":28,"column":31}},"loc":{"start":{"line":28,"column":71},"end":{"line":42,"column":1}},"line":28},"1":{"name":"(anonymous_1)","decl":{"start":{"line":31,"column":30},"end":{"line":31,"column":31}},"loc":{"start":{"line":31,"column":49},"end":{"line":34,"column":3}},"line":31},"2":{"name":"(anonymous_2)","decl":{"start":{"line":37,"column":4},"end":{"line":37,"column":5}},"loc":{"start":{"line":37,"column":11},"end":{"line":37,"column":28}},"line":37},"3":{"name":"useAppMode","decl":{"start":{"line":44,"column":16},"end":{"line":44,"column":26}},"loc":{"start":{"line":44,"column":50},"end":{"line":50,"column":1}},"line":44}},"branchMap":{"0":{"loc":{"start":{"line":46,"column":2},"end":{"line":48,"column":3}},"type":"if","locations":[{"start":{"line":46,"column":2},"end":{"line":48,"column":3}},{"start":{},"end":{}}],"line":46}},"s":{"0":1,"1":7,"2":7,"3":1,"4":1,"5":7,"6":7,"7":7,"8":7,"9":7,"10":0,"11":7},"f":{"0":7,"1":1,"2":7,"3":7},"b":{"0":[0,7]},"_coverageSchema":"1a1c01bbd47fc00a2c39e90264f33305004495a9","hash":"eddca7bffa7613371facec0db3763fd21b50f8f1"}
,"/Users/mac/Documents/jenish/vouch-expo-offline/src/store/mode/mode-snapshot.ts": {"path":"/Users/mac/Documents/jenish/vouch-expo-offline/src/store/mode/mode-snapshot.ts","statementMap":{"0":{"start":{"line":9,"column":20},"end":{"line":9,"column":28}},"1":{"start":{"line":12,"column":2},"end":{"line":12,"column":14}},"2":{"start":{"line":16,"column":2},"end":{"line":16,"column":14}}},"fnMap":{"0":{"name":"setModeSnapshot","decl":{"start":{"line":11,"column":16},"end":{"line":11,"column":31}},"loc":{"start":{"line":11,"column":53},"end":{"line":13,"column":1}},"line":11},"1":{"name":"getModeSnapshot","decl":{"start":{"line":15,"column":16},"end":{"line":15,"column":31}},"loc":{"start":{"line":15,"column":43},"end":{"line":17,"column":1}},"line":15}},"branchMap":{},"s":{"0":1,"1":1,"2":0},"f":{"0":1,"1":0},"b":{},"_coverageSchema":"1a1c01bbd47fc00a2c39e90264f33305004495a9","hash":"f11f3a42f159085303607a2c8eb6bcab9862ecc1"}
,"/Users/mac/Documents/jenish/vouch-expo-offline/src/theme/breakpoints.ts": {"path":"/Users/mac/Documents/jenish/vouch-expo-offline/src/theme/breakpoints.ts","statementMap":{"0":{"start":{"line":7,"column":27},"end":{"line":11,"column":10}}},"fnMap":{},"branchMap":{},"s":{"0":11},"f":{},"b":{},"_coverageSchema":"1a1c01bbd47fc00a2c39e90264f33305004495a9","hash":"3d5d3654cc94baed9213198b222da65e4a9c454a"}
,"/Users/mac/Documents/jenish/vouch-expo-offline/src/theme/index.ts": {"path":"/Users/mac/Documents/jenish/vouch-expo-offline/src/theme/index.ts","statementMap":{},"fnMap":{},"branchMap":{},"s":{},"f":{},"b":{},"_coverageSchema":"1a1c01bbd47fc00a2c39e90264f33305004495a9","hash":"44e2c96e2bffab706ee0b5c263d45f04a05270c1"}
,"/Users/mac/Documents/jenish/vouch-expo-offline/src/theme/tokens.ts": {"path":"/Users/mac/Documents/jenish/vouch-expo-offline/src/theme/tokens.ts","statementMap":{"0":{"start":{"line":9,"column":28},"end":{"line":22,"column":10}},"1":{"start":{"line":24,"column":14},"end":{"line":24,"column":32}},"2":{"start":{"line":25,"column":13},"end":{"line":25,"column":30}},"3":{"start":{"line":27,"column":26},"end":{"line":123,"column":10}},"4":{"start":{"line":128,"column":23},"end":{"line":142,"column":10}},"5":{"start":{"line":146,"column":22},"end":{"line":155,"column":10}},"6":{"start":{"line":163,"column":23},"end":{"line":193,"column":10}},"7":{"start":{"line":198,"column":25},"end":{"line":202,"column":10}},"8":{"start":{"line":210,"column":22},"end":{"line":229,"column":10}}},"fnMap":{},"branchMap":{},"s":{"0":11,"1":11,"2":11,"3":11,"4":11,"5":11,"6":11,"7":11,"8":11},"f":{},"b":{},"_coverageSchema":"1a1c01bbd47fc00a2c39e90264f33305004495a9","hash":"a3eb9885265a4d1e66ea5cca0ea998fdc4b96e2d"}
,"/Users/mac/Documents/jenish/vouch-expo-offline/src/theme/unistyles.ts": {"path":"/Users/mac/Documents/jenish/vouch-expo-offline/src/theme/unistyles.ts","statementMap":{"0":{"start":{"line":19,"column":0},"end":{"line":26,"column":3}}},"fnMap":{},"branchMap":{},"s":{"0":11},"f":{},"b":{},"_coverageSchema":"1a1c01bbd47fc00a2c39e90264f33305004495a9","hash":"7767282db89eb9eabdb30dd297afdf7ae3c737cc"}
,"/Users/mac/Documents/jenish/vouch-expo-offline/src/theme/use-theme.ts": {"path":"/Users/mac/Documents/jenish/vouch-expo-offline/src/theme/use-theme.ts","statementMap":{"0":{"start":{"line":10,"column":20},"end":{"line":10,"column":34}},"1":{"start":{"line":11,"column":2},"end":{"line":11,"column":15}},"2":{"start":{"line":15,"column":18},"end":{"line":15,"column":44}},"3":{"start":{"line":16,"column":22},"end":{"line":16,"column":50}},"4":{"start":{"line":17,"column":19},"end":{"line":17,"column":78}},"5":{"start":{"line":17,"column":47},"end":{"line":17,"column":78}},"6":{"start":{"line":18,"column":23},"end":{"line":18,"column":69}},"7":{"start":{"line":18,"column":29},"end":{"line":18,"column":69}},"8":{"start":{"line":19,"column":2},"end":{"line":19,"column":58}},"9":{"start":{"line":23,"column":2},"end":{"line":23,"column":37}}},"fnMap":{"0":{"name":"useTheme","decl":{"start":{"line":9,"column":16},"end":{"line":9,"column":24}},"loc":{"start":{"line":9,"column":27},"end":{"line":12,"column":1}},"line":9},"1":{"name":"useColorMode","decl":{"start":{"line":14,"column":16},"end":{"line":14,"column":28}},"loc":{"start":{"line":14,"column":31},"end":{"line":20,"column":1}},"line":14},"2":{"name":"(anonymous_2)","decl":{"start":{"line":17,"column":19},"end":{"line":17,"column":20}},"loc":{"start":{"line":17,"column":47},"end":{"line":17,"column":78}},"line":17},"3":{"name":"(anonymous_3)","decl":{"start":{"line":18,"column":23},"end":{"line":18,"column":24}},"loc":{"start":{"line":18,"column":29},"end":{"line":18,"column":69}},"line":18},"4":{"name":"getTheme","decl":{"start":{"line":22,"column":16},"end":{"line":22,"column":24}},"loc":{"start":{"line":22,"column":27},"end":{"line":24,"column":1}},"line":22}},"branchMap":{},"s":{"0":73,"1":73,"2":0,"3":0,"4":0,"5":0,"6":0,"7":0,"8":0,"9":0},"f":{"0":73,"1":0,"2":0,"3":0,"4":0},"b":{},"_coverageSchema":"1a1c01bbd47fc00a2c39e90264f33305004495a9","hash":"708d8eb3c63f4a8357798ebbfcc460a89042ebd0"}
,"/Users/mac/Documents/jenish/vouch-expo-offline/src/theme/themes/dark.ts": {"path":"/Users/mac/Documents/jenish/vouch-expo-offline/src/theme/themes/dark.ts","statementMap":{"0":{"start":{"line":8,"column":20},"end":{"line":97,"column":10}}},"fnMap":{},"branchMap":{},"s":{"0":11},"f":{},"b":{},"_coverageSchema":"1a1c01bbd47fc00a2c39e90264f33305004495a9","hash":"1276e87338d3b8566e3a917f51a27a5d517e45bf"}
,"/Users/mac/Documents/jenish/vouch-expo-offline/src/theme/themes/light.ts": {"path":"/Users/mac/Documents/jenish/vouch-expo-offline/src/theme/themes/light.ts","statementMap":{"0":{"start":{"line":8,"column":21},"end":{"line":97,"column":10}}},"fnMap":{},"branchMap":{},"s":{"0":11},"f":{},"b":{},"_coverageSchema":"1a1c01bbd47fc00a2c39e90264f33305004495a9","hash":"736854af636c9fe143ed512780044bd0ce1f6b9d"}
,"/Users/mac/Documents/jenish/vouch-expo-offline/src/theme/themes/navigation.ts": {"path":"/Users/mac/Documents/jenish/vouch-expo-offline/src/theme/themes/navigation.ts","statementMap":{"0":{"start":{"line":19,"column":53},"end":{"line":30,"column":1}},"1":{"start":{"line":32,"column":52},"end":{"line":43,"column":1}}},"fnMap":{},"branchMap":{},"s":{"0":11,"1":11},"f":{},"b":{},"_coverageSchema":"1a1c01bbd47fc00a2c39e90264f33305004495a9","hash":"f262133a47846b477620e84823732e8acf43aad5"}
}
