TN:
SF:components/Button.tsx
FN:24,Button
FN:36,(anonymous_1)
FN:47,(anonymous_2)
FN:70,(anonymous_3)
FN:98,(anonymous_4)
FNF:5
FNH:5
FNDA:35,Button
FNDA:35,(anonymous_1)
FNDA:3,(anonymous_2)
FNDA:35,(anonymous_3)
FNDA:34,(anonymous_4)
DA:32,35
DA:36,35
DA:47,3
DA:48,3
DA:53,3
DA:58,3
DA:63,3
DA:69,3
DA:77,35
DA:78,35
DA:98,34
LF:11
LH:11
BRDA:25,0,0,14
BRDA:26,1,0,21
BRDA:27,2,0,21
BRDA:38,3,0,34
BRDA:38,3,1,1
BRDA:85,4,0,21
BRDA:85,4,1,14
BRDA:89,5,0,13
BRDA:89,5,1,22
BRDA:92,6,0,0
BRDA:92,6,1,35
BRDA:94,7,0,35
BRDA:94,7,1,10
BRF:13
BRH:12
end_of_record
TN:
SF:components/Text.tsx
FN:16,Text
FN:25,(anonymous_1)
FN:26,(anonymous_2)
FNF:3
FNH:3
FNDA:549,Text
FNDA:10,(anonymous_1)
FNDA:549,(anonymous_2)
DA:22,549
DA:25,10
DA:26,549
LF:3
LH:3
BRDA:18,0,0,35
BRDA:19,1,0,49
BRF:2
BRH:2
end_of_record
TN:
SF:components/View.tsx
FN:17,View
FN:21,(anonymous_1)
FN:22,(anonymous_2)
FN:28,backgroundFor
FNF:4
FNH:4
FNDA:435,View
FNDA:11,(anonymous_1)
FNDA:435,(anonymous_2)
FNDA:435,backgroundFor
DA:18,435
DA:21,11
DA:22,435
DA:29,435
DA:31,28
DA:33,14
DA:35,0
DA:37,393
LF:8
LH:7
BRDA:17,0,0,393
BRDA:29,1,0,28
BRDA:29,1,1,14
BRDA:29,1,2,0
BRDA:29,1,3,393
BRF:5
BRH:4
end_of_record
TN:
SF:components/ui/icon-symbol.ios.tsx
FN:4,IconSymbol
FNF:1
FNH:1
FNDA:46,IconSymbol
DA:17,46
LF:1
LH:1
BRDA:6,0,0,0
BRDA:9,1,0,46
BRF:2
BRH:1
end_of_record
TN:
SF:src/db/queries/matches.queries.ts
FN:17,upsertMatch
FN:27,getMatch
FN:32,setMatchRead
FN:58,listMatches
FN:77,(anonymous_4)
FN:82,(anonymous_5)
FN:96,(anonymous_6)
FN:98,(anonymous_7)
FN:110,(anonymous_8)
FN:119,(anonymous_9)
FN:138,listAllMatches
FN:142,deleteAllMatches
FN:151,getMatchByProfileId
FN:163,matchExists
FNF:14
FNH:0
FNDA:0,upsertMatch
FNDA:0,getMatch
FNDA:0,setMatchRead
FNDA:0,listMatches
FNDA:0,(anonymous_4)
FNDA:0,(anonymous_5)
FNDA:0,(anonymous_6)
FNDA:0,(anonymous_7)
FNDA:0,(anonymous_8)
FNDA:0,(anonymous_9)
FNDA:0,listAllMatches
FNDA:0,deleteAllMatches
FNDA:0,getMatchByProfileId
FNDA:0,matchExists
DA:21,0
DA:28,0
DA:29,0
DA:33,0
DA:59,0
DA:73,0
DA:74,0
DA:77,0
DA:78,0
DA:82,0
DA:96,0
DA:97,0
DA:98,0
DA:100,0
DA:101,0
DA:102,0
DA:103,0
DA:110,0
DA:112,0
DA:114,0
DA:115,0
DA:119,0
DA:120,0
DA:121,0
DA:139,0
DA:143,0
DA:154,0
DA:159,0
DA:164,0
DA:165,0
LF:30
LH:0
BRDA:73,0,0,0
BRDA:73,0,1,0
BRDA:101,1,0,0
BRDA:101,1,1,0
BRDA:112,2,0,0
BRDA:112,2,1,0
BRDA:112,2,2,0
BRDA:114,3,0,0
BRDA:114,3,1,0
BRDA:115,4,0,0
BRDA:115,4,1,0
BRDA:127,5,0,0
BRDA:127,5,1,0
BRDA:128,6,0,0
BRDA:128,6,1,0
BRDA:129,7,0,0
BRDA:129,7,1,0
BRDA:130,8,0,0
BRDA:130,8,1,0
BRDA:131,9,0,0
BRDA:131,9,1,0
BRDA:132,10,0,0
BRDA:132,10,1,0
BRF:23
BRH:0
end_of_record
TN:
SF:src/db/queries/settings.queries.ts
FN:31,isThemeMode
FN:35,isLanguage
FN:39,parseSnapshot
FN:40,(anonymous_3)
FN:51,upsertAppSetting
FN:66,deleteAppSetting
FN:70,getAppSetting
FN:79,getSettingsSnapshot
FN:84,listAllAppSettings
FN:88,deleteAllAppSettings
FNF:10
FNH:0
FNDA:0,isThemeMode
FNDA:0,isLanguage
FNDA:0,parseSnapshot
FNDA:0,(anonymous_3)
FNDA:0,upsertAppSetting
FNDA:0,deleteAppSetting
FNDA:0,getAppSetting
FNDA:0,getSettingsSnapshot
FNDA:0,listAllAppSettings
FNDA:0,deleteAllAppSettings
DA:28,1
DA:29,1
DA:32,0
DA:36,0
DA:40,0
DA:41,0
DA:42,0
DA:43,0
DA:44,0
DA:57,0
DA:67,0
DA:74,0
DA:75,0
DA:80,0
DA:81,0
DA:85,0
DA:89,0
LF:17
LH:2
BRDA:41,0,0,0
BRDA:41,0,1,0
BRDA:42,1,0,0
BRDA:42,1,1,0
BRDA:43,2,0,0
BRDA:43,2,1,0
BRDA:45,3,0,0
BRDA:45,3,1,0
BRDA:46,4,0,0
BRDA:46,4,1,0
BRF:10
BRH:0
end_of_record
TN:
SF:src/db/schema/catalog.ts
FN:27,(anonymous_0)
FN:39,(anonymous_1)
FN:43,(anonymous_2)
FN:54,(anonymous_3)
FN:58,(anonymous_4)
FNF:5
FNH:0
FNDA:0,(anonymous_0)
FNDA:0,(anonymous_1)
FNDA:0,(anonymous_2)
FNDA:0,(anonymous_3)
FNDA:0,(anonymous_4)
DA:14,1
DA:27,0
DA:34,1
DA:39,0
DA:43,0
DA:49,1
DA:54,0
DA:58,0
LF:8
LH:3
BRF:0
BRH:0
end_of_record
TN:
SF:src/db/schema/matches.ts
FN:25,(anonymous_0)
FN:30,(anonymous_1)
FNF:2
FNH:0
FNDA:0,(anonymous_0)
FNDA:0,(anonymous_1)
DA:19,1
DA:25,0
DA:30,0
LF:3
LH:1
BRF:0
BRH:0
end_of_record
TN:
SF:src/db/schema/messages.ts
FN:26,(anonymous_0)
FN:36,(anonymous_1)
FNF:2
FNH:0
FNDA:0,(anonymous_0)
FNDA:0,(anonymous_1)
DA:5,1
DA:20,1
DA:26,0
DA:36,0
LF:4
LH:2
BRF:0
BRH:0
end_of_record
TN:
SF:src/db/schema/settings.ts
FNF:0
FNH:0
DA:12,1
DA:19,1
DA:25,1
LF:3
LH:3
BRF:0
BRH:0
end_of_record
TN:
SF:src/features/auth/components/VerifyCodeScreen.tsx
FN:25,VerifyCodeScreen
FN:38,(anonymous_1)
FN:58,(anonymous_2)
FN:85,(anonymous_3)
FN:86,(anonymous_4)
FN:98,(anonymous_5)
FN:103,(anonymous_6)
FN:104,(anonymous_7)
FN:153,formatCountdown
FN:159,(anonymous_9)
FN:174,(anonymous_10)
FN:185,(anonymous_11)
FNF:12
FNH:10
FNDA:14,VerifyCodeScreen
FNDA:2,(anonymous_1)
FNDA:1,(anonymous_2)
FNDA:1,(anonymous_3)
FNDA:14,(anonymous_4)
FNDA:4,(anonymous_5)
FNDA:0,(anonymous_6)
FNDA:0,(anonymous_7)
FNDA:1,formatCountdown
FNDA:1,(anonymous_9)
FNDA:14,(anonymous_10)
FNDA:14,(anonymous_11)
DA:26,14
DA:27,14
DA:28,14
DA:30,14
DA:31,14
DA:32,14
DA:33,14
DA:34,14
DA:36,14
DA:38,14
DA:39,2
DA:40,2
DA:41,1
DA:46,1
DA:48,1
DA:49,1
DA:50,1
DA:51,1
DA:53,0
DA:54,0
DA:58,14
DA:59,1
DA:60,1
DA:61,1
DA:64,14
DA:85,1
DA:86,14
DA:99,4
DA:100,4
DA:101,4
DA:103,0
DA:104,0
DA:154,1
DA:155,1
DA:156,1
DA:159,1
DA:174,14
DA:185,14
LF:38
LH:34
BRDA:36,0,0,14
BRDA:36,0,1,5
BRDA:40,1,0,1
BRDA:40,1,1,1
BRDA:42,2,0,0
BRDA:42,2,1,1
BRDA:77,3,0,14
BRDA:77,3,1,0
BRDA:113,4,0,1
BRDA:113,4,1,13
BRDA:120,5,0,1
BRDA:120,5,1,13
BRDA:133,6,0,1
BRDA:133,6,1,13
BRDA:180,7,0,0
BRDA:180,7,1,14
BRDA:190,8,0,0
BRDA:190,8,1,14
BRF:18
BRH:14
end_of_record
TN:
SF:src/features/browse/performance.tsx
FN:18,markBrowseRowMounted
FN:22,markBrowseRowUnmounted
FN:26,browseRowRenderCount
FN:30,recordBrowseRowRender
FN:35,logBrowseLikeToggle
FN:39,(anonymous_5)
FN:48,BrowseRowRenderBadge
FN:52,(anonymous_7)
FN:55,(anonymous_8)
FNF:9
FNH:7
FNDA:4,markBrowseRowMounted
FNDA:4,markBrowseRowUnmounted
FNDA:4,browseRowRenderCount
FNDA:4,recordBrowseRowRender
FNDA:0,logBrowseLikeToggle
FNDA:0,(anonymous_5)
FNDA:5,BrowseRowRenderBadge
FNDA:4,(anonymous_7)
FNDA:4,(anonymous_8)
DA:15,1
DA:16,1
DA:19,4
DA:23,4
DA:27,4
DA:31,4
DA:36,0
DA:37,0
DA:39,0
DA:40,0
DA:49,5
DA:50,5
DA:52,5
DA:53,4
DA:54,4
DA:55,4
DA:58,5
DA:59,0
DA:61,5
DA:68,1
LF:20
LH:15
BRDA:27,0,0,4
BRDA:27,0,1,2
BRDA:36,1,0,0
BRDA:36,1,1,0
BRDA:58,2,0,0
BRDA:58,2,1,5
BRF:6
BRH:3
end_of_record
TN:
SF:src/features/browse/components/BrowseFilterBar.tsx
FN:31,BrowseFilterBar
FN:37,(anonymous_1)
FN:40,(anonymous_2)
FN:54,(anonymous_3)
FN:80,(anonymous_4)
FN:81,(anonymous_5)
FN:100,(anonymous_6)
FN:113,browseFilterSummary
FN:127,(anonymous_8)
FN:131,(anonymous_9)
FN:170,(anonymous_10)
FNF:11
FNH:9
FNDA:9,BrowseFilterBar
FNDA:3,(anonymous_1)
FNDA:1,(anonymous_2)
FNDA:9,(anonymous_3)
FNDA:0,(anonymous_4)
FNDA:0,(anonymous_5)
FNDA:9,(anonymous_6)
FNDA:9,browseFilterSummary
FNDA:1,(anonymous_8)
FNDA:9,(anonymous_9)
FNDA:9,(anonymous_10)
DA:33,9
DA:34,9
DA:35,9
DA:37,9
DA:38,3
DA:40,9
DA:41,1
DA:44,9
DA:45,9
DA:47,9
DA:54,9
DA:80,0
DA:81,0
DA:100,9
DA:114,9
DA:115,9
DA:116,1
DA:118,9
DA:119,1
DA:121,9
DA:122,1
DA:124,9
DA:127,1
DA:131,9
DA:170,9
LF:25
LH:23
BRDA:59,0,0,3
BRDA:59,0,1,6
BRDA:64,1,0,3
BRDA:64,1,1,6
BRDA:87,2,0,3
BRDA:87,2,1,6
BRDA:115,3,0,1
BRDA:115,3,1,8
BRDA:115,4,0,9
BRDA:115,4,1,8
BRDA:118,5,0,1
BRDA:118,5,1,8
BRDA:121,6,0,1
BRDA:121,6,1,8
BRDA:124,7,0,3
BRDA:124,7,1,6
BRDA:140,8,0,0
BRDA:140,8,1,9
BRDA:174,9,0,0
BRDA:174,9,1,9
BRF:20
BRH:18
end_of_record
TN:
SF:src/features/browse/components/BrowseFilterPanel.tsx
FN:29,BrowseFilterPanel
FN:43,(anonymous_1)
FN:48,(anonymous_2)
FN:56,(anonymous_3)
FN:64,(anonymous_4)
FN:65,(anonymous_5)
FN:86,(anonymous_6)
FN:98,(anonymous_7)
FN:109,Stepper
FN:129,(anonymous_9)
FN:130,(anonymous_10)
FN:142,(anonymous_11)
FN:143,(anonymous_12)
FN:153,(anonymous_13)
FN:170,(anonymous_14)
FN:189,(anonymous_15)
FN:216,(anonymous_16)
FNF:17
FNH:15
FNDA:9,BrowseFilterPanel
FNDA:1,(anonymous_1)
FNDA:0,(anonymous_2)
FNDA:36,(anonymous_3)
FNDA:1,(anonymous_4)
FNDA:36,(anonymous_5)
FNDA:1,(anonymous_6)
FNDA:3,(anonymous_7)
FNDA:18,Stepper
FNDA:0,(anonymous_9)
FNDA:18,(anonymous_10)
FNDA:1,(anonymous_11)
FNDA:18,(anonymous_12)
FNDA:1,(anonymous_13)
FNDA:36,(anonymous_14)
FNDA:36,(anonymous_15)
FNDA:3,(anonymous_16)
DA:31,9
DA:32,9
DA:34,9
DA:43,1
DA:48,0
DA:57,36
DA:58,36
DA:64,1
DA:65,36
DA:86,1
DA:98,3
DA:118,18
DA:119,18
DA:129,0
DA:130,18
DA:142,1
DA:143,18
DA:153,1
DA:170,36
DA:189,36
DA:216,3
LF:21
LH:19
BRDA:60,0,0,9
BRDA:60,0,1,27
BRDA:62,1,0,9
BRDA:62,1,1,27
BRDA:66,2,0,9
BRDA:66,2,1,27
BRDA:67,3,0,9
BRDA:67,3,1,27
BRDA:92,4,0,3
BRDA:92,4,1,6
BRDA:118,5,0,17
BRDA:118,5,1,1
BRDA:176,6,0,0
BRDA:176,6,1,36
BRDA:192,7,0,9
BRDA:192,7,1,27
BRDA:193,8,0,9
BRDA:193,8,1,27
BRDA:195,9,0,0
BRDA:195,9,1,27
BRDA:221,10,0,0
BRDA:221,10,1,3
BRF:22
BRH:19
end_of_record
TN:
SF:src/features/browse/components/BrowseRow.tsx
FN:26,BrowseRow
FN:40,(anonymous_1)
FN:41,(anonymous_2)
FN:79,(anonymous_3)
FN:80,(anonymous_4)
FN:95,(anonymous_5)
FN:96,(anonymous_6)
FN:131,(anonymous_7)
FNF:8
FNH:8
FNDA:5,BrowseRow
FNDA:1,(anonymous_1)
FNDA:5,(anonymous_2)
FNDA:1,(anonymous_3)
FNDA:5,(anonymous_4)
FNDA:1,(anonymous_5)
FNDA:5,(anonymous_6)
FNDA:5,(anonymous_7)
DA:26,1
DA:28,5
DA:29,5
DA:30,5
DA:32,5
DA:33,5
DA:35,5
DA:40,1
DA:41,5
DA:79,1
DA:80,5
DA:95,1
DA:96,5
DA:131,5
LF:14
LH:14
BRDA:33,0,0,2
BRDA:33,0,1,3
BRDA:61,1,0,0
BRDA:61,1,1,5
BRDA:82,2,0,2
BRDA:82,2,1,3
BRDA:84,3,0,2
BRDA:84,3,1,3
BRDA:88,4,0,5
BRDA:88,4,1,0
BRDA:100,5,0,0
BRDA:100,5,1,5
BRDA:137,6,0,2
BRDA:137,6,1,3
BRDA:137,7,0,0
BRDA:137,7,1,3
BRF:16
BRH:12
end_of_record
TN:
SF:src/features/browse/model/browseFilters.ts
FN:29,isDefaultFilters
FN:38,clampAge
FN:43,nudgeAgeFrom
FN:50,nudgeAgeTo
FN:56,setAgeFrom
FN:60,setAgeTo
FN:64,setMaxDistanceKm
FN:71,setVerifiedOnly
FN:76,activeFilterCount
FN:86,ageRangeLabel
FN:96,distanceLabel
FNF:11
FNH:9
FNDA:2,isDefaultFilters
FNDA:7,clampAge
FNDA:6,nudgeAgeFrom
FNDA:1,nudgeAgeTo
FNDA:0,setAgeFrom
FNDA:0,setAgeTo
FNDA:4,setMaxDistanceKm
FNDA:2,setVerifiedOnly
FNDA:20,activeFilterCount
FNDA:3,ageRangeLabel
FNDA:3,distanceLabel
DA:19,2
DA:20,2
DA:22,2
DA:30,2
DA:39,7
DA:44,6
DA:45,6
DA:46,6
DA:51,1
DA:52,1
DA:53,1
DA:57,0
DA:61,0
DA:68,4
DA:72,2
DA:77,20
DA:87,3
DA:88,1
DA:90,2
DA:91,2
DA:92,2
DA:97,3
LF:22
LH:20
BRDA:31,0,0,2
BRDA:31,0,1,1
BRDA:31,0,2,1
BRDA:31,0,3,1
BRDA:44,1,0,6
BRDA:44,1,1,4
BRDA:45,2,0,6
BRDA:45,2,1,3
BRDA:51,3,0,1
BRDA:51,3,1,0
BRDA:52,4,0,1
BRDA:52,4,1,0
BRDA:78,5,0,3
BRDA:78,5,1,17
BRDA:79,6,0,0
BRDA:79,6,1,20
BRDA:80,7,0,3
BRDA:80,7,1,17
BRDA:81,8,0,3
BRDA:81,8,1,17
BRDA:87,9,0,1
BRDA:87,9,1,2
BRDA:87,10,0,3
BRDA:87,10,1,1
BRDA:90,11,0,2
BRDA:90,11,1,0
BRDA:91,12,0,2
BRDA:91,12,1,1
BRDA:97,13,0,1
BRDA:97,13,1,2
BRF:30
BRH:26
end_of_record
TN:
SF:src/features/browse/model/feed.ts
FN:19,emptyFeed
FN:23,mergePage
FN:27,(anonymous_2)
FNF:3
FNH:3
FNDA:4,emptyFeed
FNDA:6,mergePage
FNDA:5,(anonymous_2)
DA:20,4
DA:27,6
DA:28,6
DA:29,6
DA:30,9
DA:31,7
DA:32,7
DA:35,6
LF:8
LH:8
BRDA:30,0,0,7
BRDA:30,0,1,2
BRF:2
BRH:2
end_of_record
TN:
SF:src/features/browse/store/user-swipes.ts
FN:24,getDecision
FN:28,notify
FN:39,setDecision
FN:52,toggleLike
FN:57,hydrateFromSwipes
FN:60,(anonymous_5)
FN:81,clearUserSwipes
FN:90,subscribeProfile
FN:97,(anonymous_8)
FN:110,useUserSwipe
FN:112,(anonymous_10)
FN:113,(anonymous_11)
FN:114,(anonymous_12)
FNF:13
FNH:12
FNDA:82,getDecision
FNDA:21,notify
FNDA:13,setDecision
FNDA:4,toggleLike
FNDA:10,hydrateFromSwipes
FNDA:4,(anonymous_5)
FNDA:13,clearUserSwipes
FNDA:18,subscribeProfile
FNDA:18,(anonymous_8)
FNDA:18,useUserSwipe
FNDA:18,(anonymous_10)
FNDA:58,(anonymous_11)
FNDA:0,(anonymous_12)
DA:21,5
DA:22,5
DA:25,82
DA:29,21
DA:30,21
DA:31,17
DA:33,4
DA:34,4
DA:40,13
DA:41,0
DA:43,13
DA:44,13
DA:53,4
DA:60,10
DA:61,10
DA:63,10
DA:64,4
DA:65,2
DA:66,2
DA:69,10
DA:70,6
DA:71,2
DA:72,2
DA:76,10
DA:77,4
DA:82,13
DA:83,8
DA:84,4
DA:85,4
DA:91,18
DA:92,18
DA:93,18
DA:94,18
DA:96,18
DA:97,18
DA:98,18
DA:99,18
DA:100,18
DA:111,18
DA:112,18
DA:113,58
DA:114,0
LF:42
LH:40
BRDA:25,0,0,82
BRDA:25,0,1,55
BRDA:30,1,0,17
BRDA:30,1,1,4
BRDA:40,2,0,0
BRDA:40,2,1,13
BRDA:53,3,0,2
BRDA:53,3,1,2
BRDA:64,4,0,2
BRDA:64,4,1,2
BRDA:70,5,0,2
BRDA:70,5,1,4
BRDA:70,6,0,6
BRDA:70,6,1,2
BRDA:83,7,0,4
BRDA:83,7,1,4
BRDA:92,8,0,18
BRDA:92,8,1,0
BRDA:99,9,0,18
BRDA:99,9,1,0
BRF:20
BRH:17
end_of_record
TN:
SF:src/features/chat/constants.ts
FNF:0
FNH:0
DA:2,1
LF:1
LH:1
BRF:0
BRH:0
end_of_record
TN:
SF:src/features/chat/components/MatchRow.tsx
FN:21,MatchRow
FN:37,(anonymous_1)
FN:38,(anonymous_2)
FN:83,formatPreview
FN:96,statusCaption
FN:109,formatRelativeTime
FN:128,(anonymous_6)
FN:129,(anonymous_7)
FNF:8
FNH:6
FNDA:4,MatchRow
FNDA:1,(anonymous_1)
FNDA:4,(anonymous_2)
FNDA:4,formatPreview
FNDA:0,statusCaption
FNDA:0,formatRelativeTime
FNDA:1,(anonymous_6)
FNDA:4,(anonymous_7)
DA:21,1
DA:22,4
DA:24,4
DA:25,4
DA:26,4
DA:32,4
DA:37,1
DA:38,4
DA:84,4
DA:85,2
DA:88,2
DA:93,2
DA:97,0
DA:99,0
DA:101,0
DA:103,0
DA:105,0
DA:110,0
DA:111,0
DA:112,0
DA:113,0
DA:115,0
DA:116,0
DA:118,0
DA:119,0
DA:120,0
DA:122,0
DA:123,0
DA:128,1
DA:129,4
LF:30
LH:14
BRDA:26,0,0,0
BRDA:26,0,1,4
BRDA:26,1,0,4
BRDA:26,1,1,0
BRDA:28,2,0,0
BRDA:28,2,1,4
BRDA:56,3,0,1
BRDA:56,3,1,3
BRDA:65,4,0,1
BRDA:65,4,1,3
BRDA:72,5,0,1
BRDA:72,5,1,3
BRDA:84,6,0,2
BRDA:84,6,1,2
BRDA:88,7,0,0
BRDA:88,7,1,2
BRDA:90,8,0,0
BRDA:90,8,1,2
BRDA:90,9,0,2
BRDA:90,9,1,2
BRDA:90,9,2,2
BRDA:97,10,0,0
BRDA:97,10,1,0
BRDA:97,10,2,0
BRDA:97,10,3,0
BRDA:112,11,0,0
BRDA:112,11,1,0
BRDA:115,12,0,0
BRDA:115,12,1,0
BRDA:119,13,0,0
BRDA:119,13,1,0
BRDA:133,14,0,0
BRDA:133,14,1,4
BRF:33
BRH:17
end_of_record
TN:
SF:src/features/chat/components/MessageBubble.tsx
FN:26,MessageBubble
FN:78,(anonymous_1)
FN:79,(anonymous_2)
FN:90,(anonymous_3)
FN:91,(anonymous_4)
FN:106,(anonymous_5)
FN:107,(anonymous_6)
FN:111,(anonymous_7)
FN:146,(anonymous_8)
FNF:9
FNH:8
FNDA:4,MessageBubble
FNDA:1,(anonymous_1)
FNDA:2,(anonymous_2)
FNDA:0,(anonymous_3)
FNDA:2,(anonymous_4)
FNDA:1,(anonymous_5)
FNDA:4,(anonymous_6)
FNDA:4,(anonymous_7)
FNDA:4,(anonymous_8)
DA:27,4
DA:28,4
DA:29,4
DA:30,4
DA:32,4
DA:36,4
DA:78,1
DA:79,2
DA:90,0
DA:91,2
DA:106,1
DA:107,4
DA:111,4
DA:146,4
LF:14
LH:13
BRDA:29,0,0,4
BRDA:29,0,1,4
BRDA:32,1,0,4
BRDA:32,1,1,0
BRDA:34,2,0,0
BRDA:34,2,1,0
BRDA:44,3,0,4
BRDA:44,3,1,0
BRDA:50,4,0,2
BRDA:50,4,1,2
BRDA:50,5,0,4
BRDA:50,5,1,4
BRDA:59,6,0,0
BRDA:59,6,1,4
BRDA:59,7,0,4
BRDA:59,7,1,4
BRDA:59,7,2,4
BRDA:67,8,0,2
BRDA:67,8,1,2
BRDA:67,9,0,4
BRDA:67,9,1,4
BRDA:73,10,0,2
BRDA:73,10,1,0
BRDA:85,11,0,2
BRDA:85,11,1,0
BRDA:108,12,0,4
BRDA:108,12,1,0
BRDA:114,13,0,4
BRDA:114,13,1,0
BRDA:115,14,0,4
BRDA:115,14,1,0
BRDA:118,15,0,4
BRDA:118,15,1,0
BRDA:119,16,0,2
BRDA:119,16,1,2
BRDA:123,17,0,4
BRDA:123,17,1,0
BRDA:150,18,0,0
BRDA:150,18,1,4
BRF:39
BRH:26
end_of_record
TN:
SF:src/features/chat/components/MessageComposer.tsx
FN:20,MessageComposer
FN:26,(anonymous_1)
FN:53,(anonymous_2)
FN:66,(anonymous_3)
FN:91,(anonymous_4)
FNF:5
FNH:5
FNDA:5,MessageComposer
FNDA:1,(anonymous_1)
FNDA:5,(anonymous_2)
FNDA:1,(anonymous_3)
FNDA:5,(anonymous_4)
DA:21,5
DA:22,5
DA:24,5
DA:26,5
DA:27,1
DA:28,0
DA:30,1
DA:31,1
DA:34,5
DA:53,5
DA:66,1
DA:91,5
LF:12
LH:11
BRDA:24,0,0,5
BRDA:24,0,1,4
BRDA:27,1,0,0
BRDA:27,1,1,1
BRDA:57,2,0,1
BRDA:57,2,1,4
BRDA:97,3,0,1
BRDA:97,3,1,4
BRDA:98,4,0,0
BRDA:98,4,1,1
BRF:10
BRH:8
end_of_record
TN:
SF:src/features/chat/model/thread.ts
FN:24,newestFirst
FN:26,(anonymous_1)
FN:36,mergeNewest
FN:40,(anonymous_3)
FN:43,(anonymous_4)
FN:51,appendOlder
FN:55,(anonymous_6)
FN:56,(anonymous_7)
FN:60,withStatus
FN:65,(anonymous_9)
FN:71,withoutMessage
FN:75,(anonymous_11)
FNF:12
FNH:12
FNDA:1,newestFirst
FNDA:2,(anonymous_1)
FNDA:2,mergeNewest
FNDA:4,(anonymous_3)
FNDA:3,(anonymous_4)
FNDA:2,appendOlder
FNDA:2,(anonymous_6)
FNDA:2,(anonymous_7)
FNDA:1,withStatus
FNDA:2,(anonymous_9)
FNDA:1,withoutMessage
FNDA:2,(anonymous_11)
DA:25,1
DA:26,2
DA:40,4
DA:41,2
DA:43,3
DA:55,2
DA:56,2
DA:65,1
DA:66,2
DA:75,2
LF:10
LH:10
BRDA:26,0,0,2
BRDA:26,0,1,1
BRDA:26,1,0,0
BRDA:26,1,1,1
BRDA:26,2,0,1
BRDA:26,2,1,0
BRDA:66,3,0,1
BRDA:66,3,1,1
BRDA:66,4,0,2
BRDA:66,4,1,1
BRF:10
BRH:8
end_of_record
TN:
SF:src/features/chat/realtime/chatRealtime.ts
FN:39,__resetChatRealtimeForTests
FN:43,startChatRealtime
FN:52,(anonymous_2)
FN:54,(anonymous_3)
FN:59,handle
FNF:5
FNH:5
FNDA:7,__resetChatRealtimeForTests
FNDA:8,startChatRealtime
FNDA:7,(anonymous_2)
FNDA:7,(anonymous_3)
FNDA:7,handle
DA:36,1
DA:40,7
DA:44,8
DA:45,1
DA:47,7
DA:49,7
DA:52,7
DA:54,7
DA:55,7
DA:60,7
DA:61,1
DA:63,6
DA:65,6
DA:67,1
DA:72,1
DA:73,1
DA:78,4
DA:79,1
DA:82,3
DA:83,3
DA:84,1
DA:86,2
DA:87,2
DA:88,0
DA:90,2
DA:91,2
DA:101,2
DA:102,2
DA:103,2
DA:106,1
DA:107,1
DA:110,0
DA:111,0
LF:33
LH:30
BRDA:44,0,0,1
BRDA:44,0,1,7
BRDA:60,1,0,1
BRDA:60,1,1,6
BRDA:65,2,0,1
BRDA:65,2,1,4
BRDA:65,2,2,1
BRDA:65,2,3,0
BRDA:78,3,0,1
BRDA:78,3,1,3
BRDA:83,4,0,1
BRDA:83,4,1,2
BRDA:86,5,0,2
BRDA:86,5,1,2
BRDA:87,6,0,0
BRDA:87,6,1,2
BRDA:87,7,0,2
BRDA:87,7,1,2
BRF:18
BRH:16
end_of_record
TN:
SF:src/features/chat/store/matches.ts
FN:18,doRefresh
FN:24,notify
FN:31,refreshMatches
FN:32,(anonymous_3)
FN:38,subscribeMatches
FN:40,(anonymous_5)
FN:45,getMatchesSnapshot
FN:50,useMatches
FNF:8
FNH:8
FNDA:1,doRefresh
FNDA:1,notify
FNDA:1,refreshMatches
FNDA:1,(anonymous_3)
FNDA:2,subscribeMatches
FNDA:2,(anonymous_5)
FNDA:10,getMatchesSnapshot
FNDA:3,useMatches
DA:14,1
DA:15,1
DA:16,1
DA:19,1
DA:20,1
DA:21,1
DA:25,1
DA:26,1
DA:32,1
DA:33,1
DA:35,1
DA:39,2
DA:40,2
DA:41,2
DA:46,10
DA:51,3
LF:16
LH:16
BRDA:32,0,0,1
BRDA:32,0,1,1
BRF:2
BRH:2
end_of_record
TN:
SF:src/features/chat/store/message-status.ts
FN:20,getMessageStatus
FN:24,notifyId
FN:34,setMessageStatusMirror
FN:42,removeMessageMirror
FN:50,clearMessageMirror
FN:58,subscribe
FN:65,(anonymous_6)
FN:77,useMessageStatus
FN:79,(anonymous_8)
FN:80,(anonymous_9)
FN:81,(anonymous_10)
FNF:11
FNH:10
FNDA:27,getMessageStatus
FNDA:9,notifyId
FNDA:5,setMessageStatusMirror
FNDA:1,removeMessageMirror
FNDA:11,clearMessageMirror
FNDA:7,subscribe
FNDA:7,(anonymous_6)
FNDA:7,useMessageStatus
FNDA:7,(anonymous_8)
FNDA:22,(anonymous_9)
FNDA:0,(anonymous_10)
DA:17,2
DA:18,2
DA:21,27
DA:25,9
DA:26,9
DA:27,1
DA:28,1
DA:35,5
DA:36,0
DA:38,5
DA:39,5
DA:43,1
DA:44,0
DA:46,1
DA:47,1
DA:51,11
DA:52,11
DA:53,11
DA:54,3
DA:59,7
DA:60,7
DA:61,7
DA:62,7
DA:64,7
DA:65,7
DA:66,7
DA:67,7
DA:68,7
DA:78,7
DA:79,7
DA:80,22
DA:81,0
LF:32
LH:29
BRDA:21,0,0,27
BRDA:21,0,1,22
BRDA:26,1,0,1
BRDA:26,1,1,8
BRDA:35,2,0,0
BRDA:35,2,1,5
BRDA:43,3,0,0
BRDA:43,3,1,1
BRDA:60,4,0,7
BRDA:60,4,1,0
BRDA:67,5,0,7
BRDA:67,5,1,0
BRF:12
BRH:8
end_of_record
TN:
SF:src/features/chat/store/typing.ts
FN:17,notify
FN:27,beginTyping
FN:38,(anonymous_2)
FN:47,getTypingSnapshot
FN:51,subscribe
FN:58,(anonymous_5)
FN:67,useTyping
FN:69,(anonymous_7)
FN:70,(anonymous_8)
FN:71,(anonymous_9)
FNF:10
FNH:9
FNDA:4,notify
FNDA:3,beginTyping
FNDA:2,(anonymous_2)
FNDA:25,getTypingSnapshot
FNDA:7,subscribe
FNDA:7,(anonymous_5)
FNDA:7,useTyping
FNDA:7,(anonymous_7)
FNDA:25,(anonymous_8)
FNDA:0,(anonymous_9)
DA:11,1
DA:13,1
DA:14,1
DA:15,1
DA:18,4
DA:19,4
DA:20,4
DA:21,4
DA:28,3
DA:29,2
DA:30,2
DA:32,3
DA:33,3
DA:34,1
DA:36,3
DA:39,2
DA:40,2
DA:41,2
DA:48,25
DA:52,7
DA:53,7
DA:54,7
DA:55,7
DA:57,7
DA:58,7
DA:59,7
DA:60,7
DA:61,7
DA:68,7
DA:69,7
DA:70,25
DA:71,0
LF:32
LH:31
BRDA:19,0,0,4
BRDA:19,0,1,0
BRDA:28,1,0,2
BRDA:28,1,1,1
BRDA:33,2,0,1
BRDA:33,2,1,2
BRDA:40,3,0,2
BRDA:40,3,1,0
BRDA:53,4,0,7
BRDA:53,4,1,0
BRDA:60,5,0,7
BRDA:60,5,1,0
BRF:12
BRH:8
end_of_record
TN:
SF:src/features/discover/model/deck.ts
FN:36,createDeck
FN:41,advance
FN:50,undoDeck
FN:57,isEmpty
FN:62,depthForSlot
FN:80,classifySwipe
FN:105,exitVector
FNF:7
FNH:6
FNDA:10,createDeck
FNDA:13,advance
FNDA:5,undoDeck
FNDA:2,isEmpty
FNDA:0,depthForSlot
FNDA:10,classifySwipe
FNDA:6,exitVector
DA:23,1
DA:24,1
DA:25,1
DA:26,1
DA:27,1
DA:30,1
DA:33,1
DA:34,1
DA:37,10
DA:42,13
DA:43,13
DA:44,0
DA:46,13
DA:51,5
DA:52,1
DA:54,4
DA:58,2
DA:63,0
DA:82,10
DA:83,10
DA:85,10
DA:86,10
DA:88,10
DA:89,7
DA:90,3
DA:92,4
DA:93,3
DA:95,1
DA:98,3
DA:99,3
DA:101,0
DA:112,6
DA:113,6
DA:115,3
DA:117,2
DA:119,1
LF:36
LH:33
BRDA:43,0,0,0
BRDA:43,0,1,13
BRDA:51,1,0,1
BRDA:51,1,1,4
BRDA:80,2,0,8
BRDA:82,3,0,2
BRDA:82,3,1,8
BRDA:85,4,0,10
BRDA:85,4,1,1
BRDA:86,5,0,10
BRDA:86,5,1,1
BRDA:88,6,0,7
BRDA:88,6,1,3
BRDA:89,7,0,3
BRDA:89,7,1,4
BRDA:89,8,0,7
BRDA:89,8,1,5
BRDA:89,8,2,1
BRDA:92,9,0,3
BRDA:92,9,1,1
BRDA:92,10,0,4
BRDA:92,10,1,1
BRDA:92,10,2,0
BRDA:98,11,0,3
BRDA:98,11,1,0
BRDA:98,12,0,3
BRDA:98,12,1,1
BRDA:98,12,2,1
BRDA:109,13,0,4
BRDA:112,14,0,2
BRDA:112,14,1,4
BRDA:113,15,0,3
BRDA:113,15,1,2
BRDA:113,15,2,1
BRF:34
BRH:31
end_of_record
TN:
SF:src/features/onboarding/schema.ts
FN:202,getFieldsForStep
FN:203,(anonymous_1)
FN:210,getVisibleFields
FN:211,(anonymous_3)
FN:219,fieldZodSchema
FN:276,buildStepZodSchema
FNF:6
FNH:6
FNDA:7,getFieldsForStep
FNDA:77,(anonymous_1)
FNDA:5,getVisibleFields
FNDA:21,(anonymous_3)
FNDA:20,fieldZodSchema
FNDA:3,buildStepZodSchema
DA:58,1
DA:181,1
DA:183,1
DA:190,1
DA:200,1
DA:203,77
DA:211,5
DA:212,21
DA:213,17
DA:215,4
DA:220,20
DA:224,20
DA:226,1
DA:227,1
DA:228,1
DA:231,1
DA:232,1
DA:233,1
DA:234,1
DA:237,4
DA:244,4
DA:247,14
DA:248,14
DA:249,14
DA:250,14
DA:251,14
DA:253,14
DA:254,4
DA:255,4
DA:258,10
DA:259,10
DA:260,10
DA:261,10
DA:263,10
DA:267,20
DA:280,3
DA:281,3
DA:282,15
DA:284,3
LF:39
LH:39
BRDA:212,0,0,17
BRDA:212,0,1,4
BRDA:220,1,0,20
BRDA:220,1,1,20
BRDA:224,2,0,1
BRDA:224,2,1,1
BRDA:224,2,2,4
BRDA:224,2,3,14
BRDA:227,3,0,1
BRDA:227,3,1,0
BRDA:227,4,0,1
BRDA:227,4,1,1
BRDA:231,5,0,1
BRDA:231,5,1,0
BRDA:232,6,0,1
BRDA:232,6,1,1
BRDA:233,7,0,1
BRDA:233,7,1,0
BRDA:233,8,0,1
BRDA:233,8,1,1
BRDA:237,9,0,4
BRDA:237,9,1,0
BRDA:241,10,0,4
BRDA:241,10,1,4
BRDA:242,11,0,4
BRDA:242,11,1,4
BRDA:247,12,0,14
BRDA:247,12,1,3
BRDA:248,13,0,14
BRDA:248,13,1,9
BRDA:249,14,0,14
BRDA:249,14,1,14
BRDA:250,15,0,14
BRDA:250,15,1,14
BRDA:251,16,0,14
BRDA:251,16,1,14
BRDA:253,17,0,4
BRDA:253,17,1,10
BRDA:260,18,0,10
BRDA:260,18,1,0
BRF:40
BRH:35
end_of_record
TN:
SF:src/features/profile/components/ProfileActionBar.tsx
FN:30,ProfileActionBar
FN:49,(anonymous_1)
FN:65,(anonymous_2)
FN:66,(anonymous_3)
FN:81,(anonymous_4)
FN:82,(anonymous_5)
FN:98,(anonymous_6)
FN:99,(anonymous_7)
FN:116,(anonymous_8)
FN:129,(anonymous_9)
FNF:10
FNH:9
FNDA:5,ProfileActionBar
FNDA:1,(anonymous_1)
FNDA:0,(anonymous_2)
FNDA:5,(anonymous_3)
FNDA:1,(anonymous_4)
FNDA:5,(anonymous_5)
FNDA:2,(anonymous_6)
FNDA:5,(anonymous_7)
FNDA:1,(anonymous_8)
FNDA:15,(anonymous_9)
DA:38,5
DA:41,5
DA:43,5
DA:50,1
DA:65,0
DA:67,5
DA:81,1
DA:83,5
DA:98,2
DA:100,5
DA:114,1
DA:116,1
DA:130,15
DA:148,15
LF:14
LH:13
BRDA:41,0,0,1
BRDA:41,0,1,4
BRDA:45,1,0,1
BRDA:45,1,1,4
BRDA:61,2,0,0
BRDA:61,2,1,5
BRDA:72,3,0,0
BRDA:72,3,1,5
BRDA:88,4,0,0
BRDA:88,4,1,5
BRDA:103,5,0,1
BRDA:103,5,1,4
BRDA:105,6,0,1
BRDA:105,6,1,4
BRDA:153,7,0,1
BRDA:153,7,1,14
BRDA:154,8,0,1
BRDA:154,8,1,14
BRDA:154,9,0,15
BRDA:154,9,1,14
BRDA:157,10,0,15
BRDA:157,10,1,5
BRDA:157,10,2,1
BRF:23
BRH:20
end_of_record
TN:
SF:src/features/profile/components/ProfileBody.tsx
FN:18,ProfileBody
FN:39,(anonymous_1)
FN:52,(anonymous_2)
FNF:3
FNH:3
FNDA:5,ProfileBody
FNDA:10,(anonymous_1)
FNDA:1,(anonymous_2)
DA:20,5
DA:22,5
DA:40,10
DA:52,1
LF:4
LH:4
BRDA:28,0,0,5
BRDA:28,0,1,0
BRDA:37,1,0,5
BRDA:37,1,1,0
BRF:4
BRH:2
end_of_record
TN:
SF:src/features/profile/components/ProfileGallery.tsx
FN:23,ProfileGallery
FN:32,(anonymous_1)
FN:35,(anonymous_2)
FN:41,(anonymous_3)
FN:60,(anonymous_4)
FN:66,(anonymous_5)
FN:79,(anonymous_6)
FN:94,(anonymous_7)
FN:98,(anonymous_8)
FN:124,(anonymous_9)
FNF:10
FNH:9
FNDA:9,ProfileGallery
FNDA:8,(anonymous_1)
FNDA:0,(anonymous_2)
FNDA:1,(anonymous_3)
FNDA:24,(anonymous_4)
FNDA:17,(anonymous_5)
FNDA:12,(anonymous_6)
FNDA:2,(anonymous_7)
FNDA:17,(anonymous_8)
FNDA:12,(anonymous_9)
DA:25,9
DA:26,9
DA:27,9
DA:32,9
DA:33,8
DA:34,8
DA:35,4
DA:41,9
DA:42,1
DA:43,1
DA:46,9
DA:47,0
DA:56,9
DA:60,24
DA:67,17
DA:80,12
DA:92,2
DA:94,2
DA:98,17
DA:124,12
LF:20
LH:19
BRDA:34,0,0,4
BRDA:34,0,1,4
BRDA:46,1,0,0
BRDA:46,1,1,9
BRDA:77,2,0,4
BRDA:77,2,1,5
BRDA:83,3,0,4
BRDA:83,3,1,8
BRDA:125,4,0,4
BRDA:125,4,1,8
BRDA:128,5,0,4
BRDA:128,5,1,8
BRF:12
BRH:11
end_of_record
TN:
SF:src/features/profile/components/ProfileHeader.tsx
FN:31,ProfileHeader
FN:44,(anonymous_1)
FN:49,(anonymous_2)
FN:77,(anonymous_3)
FNF:4
FNH:4
FNDA:5,ProfileHeader
FNDA:5,(anonymous_1)
FNDA:5,(anonymous_2)
FNDA:1,(anonymous_3)
DA:42,5
DA:44,5
DA:49,5
DA:54,5
DA:77,1
LF:5
LH:5
BRDA:60,0,0,5
BRDA:60,0,1,0
BRF:2
BRH:1
end_of_record
TN:
SF:src/features/profile/components/ProfileScreen.tsx
FN:31,ProfileScreen
FN:35,(anonymous_1)
FN:40,(anonymous_2)
FN:123,(anonymous_3)
FNF:4
FNH:3
FNDA:5,ProfileScreen
FNDA:0,(anonymous_1)
FNDA:3,(anonymous_2)
FNDA:1,(anonymous_3)
DA:32,5
DA:33,5
DA:35,5
DA:36,0
DA:39,5
DA:44,3
DA:45,1
DA:46,1
DA:48,2
DA:49,2
DA:55,5
DA:56,0
DA:63,5
DA:64,0
DA:81,5
DA:82,0
DA:85,5
DA:87,5
DA:123,1
LF:19
LH:15
BRDA:44,0,0,1
BRDA:44,0,1,2
BRDA:55,1,0,0
BRDA:55,1,1,5
BRDA:55,2,0,5
BRDA:55,2,1,0
BRDA:63,3,0,0
BRDA:63,3,1,5
BRDA:63,4,0,5
BRDA:63,4,1,0
BRDA:81,5,0,0
BRDA:81,5,1,5
BRF:12
BRH:7
end_of_record
TN:
SF:src/features/profile/hooks/useProfile.ts
FN:34,useProfile
FN:40,(anonymous_1)
FN:69,(anonymous_2)
FN:75,(anonymous_3)
FN:78,(anonymous_4)
FN:79,(anonymous_5)
FN:84,(anonymous_6)
FN:89,(anonymous_7)
FNF:8
FNH:6
FNDA:8,useProfile
FNDA:4,(anonymous_1)
FNDA:4,(anonymous_2)
FNDA:8,(anonymous_3)
FNDA:8,(anonymous_4)
FNDA:8,(anonymous_5)
FNDA:0,(anonymous_6)
FNDA:0,(anonymous_7)
DA:35,8
DA:36,8
DA:37,8
DA:38,8
DA:40,8
DA:41,4
DA:42,4
DA:43,4
DA:44,4
DA:45,4
DA:46,4
DA:50,4
DA:51,0
DA:53,4
DA:54,0
DA:55,0
DA:57,4
DA:58,4
DA:59,4
DA:61,0
DA:62,0
DA:64,0
DA:65,0
DA:69,8
DA:70,4
DA:74,8
DA:76,8
DA:77,8
DA:78,8
DA:80,8
DA:81,8
DA:85,0
DA:86,0
DA:89,8
DA:90,0
DA:95,8
DA:97,8
LF:37
LH:27
BRDA:50,0,0,0
BRDA:50,0,1,4
BRDA:53,1,0,0
BRDA:53,1,1,4
BRDA:58,2,0,4
BRDA:58,2,1,3
BRDA:61,3,0,0
BRDA:61,3,1,0
BRDA:80,4,0,8
BRDA:80,4,1,0
BRDA:85,5,0,0
BRDA:85,5,1,0
BRF:12
BRH:5
end_of_record
TN:
SF:src/features/settings/components/SettingsScreen.tsx
FN:62,SettingsScreen
FN:71,(anonymous_1)
FN:72,(anonymous_2)
FN:75,(anonymous_3)
FN:76,(anonymous_4)
FN:79,(anonymous_5)
FN:80,(anonymous_6)
FN:85,(anonymous_7)
FN:91,(anonymous_8)
FN:98,(anonymous_9)
FN:132,(anonymous_10)
FN:140,(anonymous_11)
FN:141,(anonymous_12)
FN:212,(anonymous_13)
FN:237,Section
FN:252,ChoiceChips
FN:265,(anonymous_16)
FN:273,(anonymous_17)
FN:274,(anonymous_18)
FN:285,(anonymous_19)
FN:327,(anonymous_20)
FN:351,(anonymous_21)
FN:373,(anonymous_22)
FNF:23
FNH:20
FNDA:7,SettingsScreen
FNDA:1,(anonymous_1)
FNDA:1,(anonymous_2)
FNDA:1,(anonymous_3)
FNDA:1,(anonymous_4)
FNDA:1,(anonymous_5)
FNDA:1,(anonymous_6)
FNDA:0,(anonymous_7)
FNDA:0,(anonymous_8)
FNDA:0,(anonymous_9)
FNDA:14,(anonymous_10)
FNDA:1,(anonymous_11)
FNDA:14,(anonymous_12)
FNDA:7,(anonymous_13)
FNDA:21,Section
FNDA:14,ChoiceChips
FNDA:35,(anonymous_16)
FNDA:2,(anonymous_17)
FNDA:35,(anonymous_18)
FNDA:1,(anonymous_19)
FNDA:14,(anonymous_20)
FNDA:35,(anonymous_21)
FNDA:7,(anonymous_22)
DA:37,1
DA:42,1
DA:48,1
DA:63,7
DA:64,7
DA:65,7
DA:66,7
DA:68,7
DA:69,7
DA:71,7
DA:72,1
DA:75,7
DA:76,1
DA:79,7
DA:80,1
DA:81,1
DA:85,7
DA:86,0
DA:92,0
DA:98,7
DA:99,0
DA:100,0
DA:101,0
DA:102,0
DA:103,0
DA:104,0
DA:105,0
DA:107,0
DA:111,7
DA:133,14
DA:134,14
DA:140,1
DA:141,14
DA:212,7
DA:238,21
DA:263,14
DA:266,35
DA:267,35
DA:273,2
DA:274,35
DA:285,1
DA:327,14
DA:351,35
DA:373,7
LF:44
LH:34
BRDA:117,0,0,1
BRDA:117,0,1,6
BRDA:144,1,0,7
BRDA:144,1,1,7
BRDA:149,2,0,7
BRDA:149,2,1,7
BRDA:222,3,0,0
BRDA:222,3,1,7
BRDA:275,4,0,14
BRDA:275,4,1,21
BRDA:330,5,0,7
BRDA:330,5,1,7
BRDA:331,6,0,7
BRDA:331,6,1,7
BRDA:333,7,0,0
BRDA:333,7,1,7
BRDA:352,8,0,14
BRDA:352,8,1,21
BRDA:354,9,0,0
BRDA:354,9,1,21
BRDA:358,10,0,14
BRDA:358,10,1,21
BRDA:381,11,0,0
BRDA:381,11,1,7
BRF:24
BRH:20
end_of_record
TN:
SF:src/features/settings/store/settings.ts
FN:27,getSettings
FN:31,notify
FN:37,subscribe
FN:39,(anonymous_3)
FN:45,hydrateSettings
FN:57,patchSettings
FN:71,resetSettingsState
FN:75,useSettings
FNF:8
FNH:8
FNDA:374,getSettings
FNDA:6,notify
FNDA:21,subscribe
FNDA:21,(anonymous_3)
FNDA:2,hydrateSettings
FNDA:7,patchSettings
FNDA:5,resetSettingsState
FNDA:31,useSettings
DA:18,4
DA:24,4
DA:25,4
DA:28,374
DA:32,6
DA:33,2
DA:38,21
DA:39,21
DA:40,21
DA:46,2
DA:51,0
DA:53,2
DA:54,2
DA:58,7
DA:59,7
DA:64,3
DA:66,4
DA:67,4
DA:72,5
DA:76,31
LF:20
LH:19
BRDA:46,0,0,0
BRDA:46,0,1,2
BRDA:47,1,0,2
BRDA:47,1,1,0
BRDA:47,1,2,0
BRDA:59,2,0,3
BRDA:59,2,1,4
BRDA:60,3,0,7
BRDA:60,3,1,3
BRDA:60,3,2,3
BRF:10
BRH:7
end_of_record
TN:
SF:src/features/voucher/browse/performance.tsx
FN:18,markVoucherRowMounted
FN:22,markVoucherRowUnmounted
FN:26,voucherRowRenderCount
FN:30,recordVoucherRowRender
FN:35,logVoucherShortlistToggle
FN:39,(anonymous_5)
FN:50,VoucherRowRenderBadge
FN:54,(anonymous_7)
FN:57,(anonymous_8)
FNF:9
FNH:7
FNDA:4,markVoucherRowMounted
FNDA:4,markVoucherRowUnmounted
FNDA:4,voucherRowRenderCount
FNDA:4,recordVoucherRowRender
FNDA:0,logVoucherShortlistToggle
FNDA:0,(anonymous_5)
FNDA:5,VoucherRowRenderBadge
FNDA:4,(anonymous_7)
FNDA:4,(anonymous_8)
DA:15,1
DA:16,1
DA:19,4
DA:23,4
DA:27,4
DA:31,4
DA:36,0
DA:37,0
DA:39,0
DA:40,0
DA:51,5
DA:52,5
DA:54,5
DA:55,4
DA:56,4
DA:57,4
DA:60,5
DA:61,0
DA:63,5
DA:70,1
LF:20
LH:15
BRDA:27,0,0,4
BRDA:27,0,1,2
BRDA:36,1,0,0
BRDA:36,1,1,0
BRDA:60,2,0,0
BRDA:60,2,1,5
BRF:6
BRH:3
end_of_record
TN:
SF:src/features/voucher/browse/components/VoucherBrowseRow.tsx
FN:27,VoucherBrowseRow
FN:52,(anonymous_1)
FN:53,(anonymous_2)
FN:89,(anonymous_3)
FN:90,(anonymous_4)
FN:105,(anonymous_5)
FN:106,(anonymous_6)
FN:141,(anonymous_7)
FNF:8
FNH:8
FNDA:5,VoucherBrowseRow
FNDA:1,(anonymous_1)
FNDA:5,(anonymous_2)
FNDA:1,(anonymous_3)
FNDA:5,(anonymous_4)
FNDA:1,(anonymous_5)
FNDA:5,(anonymous_6)
FNDA:5,(anonymous_7)
DA:27,1
DA:33,5
DA:34,5
DA:35,5
DA:37,5
DA:38,5
DA:42,5
DA:52,1
DA:53,5
DA:89,1
DA:90,5
DA:105,1
DA:106,5
DA:141,5
LF:14
LH:14
BRDA:38,0,0,2
BRDA:38,0,1,3
BRDA:71,1,0,0
BRDA:71,1,1,5
BRDA:92,2,0,2
BRDA:92,2,1,3
BRDA:94,3,0,2
BRDA:94,3,1,3
BRDA:98,4,0,5
BRDA:98,4,1,0
BRDA:110,5,0,0
BRDA:110,5,1,5
BRDA:147,6,0,2
BRDA:147,6,1,3
BRDA:149,7,0,0
BRDA:149,7,1,3
BRF:16
BRH:12
end_of_record
TN:
SF:src/features/voucher/browse/store/user-shortlist.ts
FN:21,getShortlisted
FN:25,notify
FN:36,setShortlisted
FN:49,toggleShortlist
FN:54,hydrateFromShortlists
FN:57,(anonymous_5)
FN:78,clearUserShortlist
FN:87,subscribeProfile
FN:94,(anonymous_8)
FN:107,useUserShortlist
FN:109,(anonymous_10)
FN:110,(anonymous_11)
FN:111,(anonymous_12)
FNF:13
FNH:12
FNDA:68,getShortlisted
FNDA:18,notify
FNDA:10,setShortlisted
FNDA:4,toggleShortlist
FNDA:2,hydrateFromShortlists
FNDA:2,(anonymous_5)
FNDA:9,clearUserShortlist
FNDA:10,subscribeProfile
FNDA:10,(anonymous_8)
FNDA:10,useUserShortlist
FNDA:10,(anonymous_10)
FNDA:33,(anonymous_11)
FNDA:0,(anonymous_12)
DA:18,3
DA:19,3
DA:22,68
DA:26,18
DA:27,18
DA:28,15
DA:30,3
DA:31,3
DA:37,10
DA:38,0
DA:40,10
DA:41,10
DA:50,4
DA:57,2
DA:58,2
DA:60,2
DA:61,2
DA:62,1
DA:63,1
DA:66,2
DA:67,4
DA:68,2
DA:69,2
DA:73,2
DA:74,3
DA:79,9
DA:80,8
DA:81,5
DA:82,5
DA:88,10
DA:89,10
DA:90,10
DA:91,10
DA:93,10
DA:94,10
DA:95,10
DA:96,10
DA:97,10
DA:108,10
DA:109,10
DA:110,33
DA:111,0
LF:42
LH:40
BRDA:22,0,0,68
BRDA:22,0,1,14
BRDA:27,1,0,15
BRDA:27,1,1,3
BRDA:37,2,0,0
BRDA:37,2,1,10
BRDA:61,3,0,1
BRDA:61,3,1,1
BRDA:67,4,0,2
BRDA:67,4,1,2
BRDA:67,5,0,4
BRDA:67,5,1,2
BRDA:80,6,0,5
BRDA:80,6,1,3
BRDA:89,7,0,10
BRDA:89,7,1,0
BRDA:96,8,0,10
BRDA:96,8,1,0
BRF:18
BRH:15
end_of_record
TN:
SF:src/features/voucher/shortlist/components/VouchNoteEditor.tsx
FN:31,VouchNoteEditor
FN:40,(anonymous_1)
FN:44,(anonymous_2)
FN:45,(anonymous_3)
FN:53,(anonymous_4)
FN:58,(anonymous_5)
FN:60,(anonymous_6)
FN:110,(anonymous_7)
FNF:8
FNH:8
FNDA:8,VouchNoteEditor
FNDA:3,(anonymous_1)
FNDA:3,(anonymous_2)
FNDA:3,(anonymous_3)
FNDA:5,(anonymous_4)
FNDA:2,(anonymous_5)
FNDA:2,(anonymous_6)
FNDA:1,(anonymous_7)
DA:12,1
DA:13,1
DA:14,1
DA:32,8
DA:34,8
DA:35,8
DA:36,8
DA:40,8
DA:41,3
DA:44,8
DA:45,3
DA:46,3
DA:47,1
DA:49,3
DA:53,8
DA:54,5
DA:55,5
DA:56,2
DA:58,5
DA:59,2
DA:60,2
DA:61,2
DA:66,8
DA:68,8
DA:110,1
LF:25
LH:25
BRDA:46,0,0,1
BRDA:46,0,1,2
BRDA:55,1,0,2
BRDA:55,1,1,3
BRDA:74,2,0,1
BRDA:74,2,1,7
BRDA:93,3,0,1
BRDA:93,3,1,7
BRF:8
BRH:8
end_of_record
TN:
SF:src/hooks/use-verification-code.ts
FN:19,useVerificationCode
FN:21,(anonymous_1)
FN:23,(anonymous_2)
FN:27,(anonymous_3)
FN:28,(anonymous_4)
FN:29,(anonymous_5)
FN:36,(anonymous_6)
FNF:7
FNH:6
FNDA:14,useVerificationCode
FNDA:7,(anonymous_1)
FNDA:7,(anonymous_2)
FNDA:7,(anonymous_3)
FNDA:0,(anonymous_4)
FNDA:7,(anonymous_5)
FNDA:1,(anonymous_6)
DA:10,1
DA:20,14
DA:21,14
DA:23,14
DA:24,7
DA:27,14
DA:28,7
DA:29,7
DA:32,14
DA:33,14
DA:34,14
DA:36,14
DA:38,14
LF:13
LH:13
BRDA:32,0,0,14
BRDA:32,0,1,0
BRF:2
BRH:1
end_of_record
TN:
SF:src/i18n/ar.ts
FNF:0
FNH:0
DA:8,3
LF:1
LH:1
BRF:0
BRH:0
end_of_record
TN:
SF:src/i18n/en.ts
FNF:0
FNH:0
DA:7,3
LF:1
LH:1
BRF:0
BRH:0
end_of_record
TN:
SF:src/i18n/index.ts
FN:21,translate
FN:36,useI18n
FNF:2
FNH:2
FNDA:285,translate
FNDA:20,useI18n
DA:17,3
DA:25,285
DA:26,285
DA:27,285
DA:28,285
DA:29,31
DA:30,54
DA:33,285
DA:37,20
DA:38,20
DA:39,20
LF:11
LH:11
BRDA:26,0,0,285
BRDA:26,0,1,0
BRDA:27,1,0,285
BRDA:27,1,1,0
BRDA:28,2,0,31
BRDA:28,2,1,254
BRF:6
BRH:4
end_of_record
TN:
SF:src/mocks/devPanelControls.ts
FN:38,subscribeControls
FN:40,(anonymous_1)
FN:43,getControlsSnapshot
FN:47,setDevPanelControls
FN:54,resetDevPanelControls
FN:59,useDevPanelControls
FNF:6
FNH:6
FNDA:3,subscribeControls
FNDA:3,(anonymous_1)
FNDA:26,getControlsSnapshot
FNDA:38,setDevPanelControls
FNDA:28,resetDevPanelControls
FNDA:5,useDevPanelControls
DA:25,2
DA:35,2
DA:36,2
DA:39,3
DA:40,3
DA:44,26
DA:48,38
DA:49,38
DA:50,4
DA:55,28
DA:60,5
LF:11
LH:11
BRF:0
BRH:0
end_of_record
TN:
SF:src/mocks/partnerReply.ts
FN:31,nextIncomingLine
FN:37,resetPartnerReplyCursor
FN:44,replyDelayMs
FN:53,maybeSchedulePartnerReply
FN:64,(anonymous_4)
FN:71,emitIncoming
FN:76,counter
FN:82,cancelPendingReplies
FNF:8
FNH:8
FNDA:5,nextIncomingLine
FNDA:7,resetPartnerReplyCursor
FNDA:2,replyDelayMs
FNDA:4,maybeSchedulePartnerReply
FNDA:2,(anonymous_4)
FNDA:3,emitIncoming
FNDA:3,counter
FNDA:6,cancelPendingReplies
DA:18,1
DA:29,1
DA:32,5
DA:33,5
DA:34,5
DA:38,7
DA:41,1
DA:45,2
DA:54,4
DA:55,1
DA:57,3
DA:58,1
DA:60,2
DA:61,0
DA:64,2
DA:65,2
DA:66,2
DA:68,2
DA:72,3
DA:75,1
DA:77,3
DA:78,3
DA:83,6
DA:84,0
DA:86,6
LF:25
LH:23
BRDA:54,0,0,1
BRDA:54,0,1,3
BRDA:54,1,0,4
BRDA:54,1,1,3
BRDA:57,2,0,1
BRDA:57,2,1,2
BRDA:60,3,0,0
BRDA:60,3,1,2
BRF:8
BRH:7
end_of_record
TN:
SF:src/mocks/reciprocity.ts
FN:14,reciprocates
FN:24,seedIndex
FN:25,(anonymous_2)
FN:29,matchIdForProfile
FN:39,maybeEmitMatchOnLike
FN:51,getMatchEmitCount
FN:55,resetMatchEmitCursor
FNF:7
FNH:7
FNDA:66,reciprocates
FNDA:66,seedIndex
FNDA:1897,(anonymous_2)
FNDA:3,matchIdForProfile
FNDA:3,maybeEmitMatchOnLike
FNDA:3,getMatchEmitCount
FNDA:5,resetMatchEmitCursor
DA:15,66
DA:16,66
DA:17,1
DA:21,65
DA:25,1897
DA:30,3
DA:33,1
DA:42,3
DA:43,2
DA:45,1
DA:46,1
DA:47,1
DA:52,3
DA:56,5
LF:14
LH:14
BRDA:16,0,0,1
BRDA:16,0,1,65
BRDA:21,1,0,65
BRDA:21,1,1,42
BRDA:42,2,0,2
BRDA:42,2,1,1
BRDA:42,3,0,3
BRDA:42,3,1,2
BRF:8
BRH:8
end_of_record
TN:
SF:src/mocks/server.ts
FN:20,(anonymous_0)
FN:27,(anonymous_1)
FN:33,delay
FN:34,(anonymous_3)
FN:37,latencyMs
FN:49,request
FNF:6
FNH:6
FNDA:1,(anonymous_0)
FNDA:1,(anonymous_1)
FNDA:3,delay
FNDA:3,(anonymous_3)
FNDA:3,latencyMs
FNDA:5,request
DA:21,1
DA:22,1
DA:28,1
DA:29,1
DA:34,3
DA:38,3
DA:39,3
DA:50,5
DA:51,5
DA:52,1
DA:54,4
DA:55,1
DA:57,3
DA:58,3
LF:14
LH:14
BRDA:51,0,0,1
BRDA:51,0,1,4
BRDA:54,1,0,1
BRDA:54,1,1,3
BRDA:54,2,0,4
BRDA:54,2,1,3
BRF:6
BRH:6
end_of_record
TN:
SF:src/mocks/seed/profiles.ts
FN:62,mulberry32
FN:64,(anonymous_1)
FN:73,pick
FN:79,buildCatalog
FN:136,assertSeedProfiles
FN:145,(anonymous_5)
FNF:6
FNH:6
FNDA:2,mulberry32
FNDA:1594,(anonymous_1)
FNDA:994,pick
FNDA:2,buildCatalog
FNDA:2,assertSeedProfiles
FNDA:120,(anonymous_5)
DA:11,2
DA:20,2
DA:28,2
DA:33,2
DA:40,2
DA:46,2
DA:63,2
DA:64,2
DA:65,1594
DA:66,1594
DA:67,1594
DA:68,1594
DA:69,1594
DA:74,994
DA:77,2
DA:80,2
DA:81,2
DA:83,2
DA:84,120
DA:86,120
DA:87,120
DA:88,120
DA:89,120
DA:90,120
DA:91,120
DA:92,120
DA:94,120
DA:95,120
DA:96,514
DA:99,120
DA:100,120
DA:102,120
DA:108,120
DA:115,120
DA:130,2
DA:133,2
DA:137,2
DA:138,0
DA:140,2
DA:141,120
DA:142,0
DA:145,120
DA:146,2
DA:147,0
DA:151,2
LF:45
LH:42
BRDA:102,0,0,50
BRDA:102,0,1,70
BRDA:104,1,0,28
BRDA:104,1,1,42
BRDA:136,2,0,2
BRDA:137,3,0,0
BRDA:137,3,1,2
BRDA:141,4,0,0
BRDA:141,4,1,120
BRDA:146,5,0,0
BRDA:146,5,1,2
BRF:11
BRH:8
end_of_record
TN:
SF:src/network/connectivity.ts
FN:29,isReachable
FN:33,notify
FN:39,applyState
FN:49,getRealOnline
FN:53,subscribeConnectivity
FN:55,(anonymous_5)
FN:58,useRealOnline
FN:63,isOffline
FN:68,subscribeOffline
FN:71,(anonymous_9)
FN:78,useOffline
FNF:11
FNH:11
FNDA:24,isReachable
FNDA:14,notify
FNDA:24,applyState
FNDA:26,getRealOnline
FNDA:4,subscribeConnectivity
FNDA:4,(anonymous_5)
FNDA:7,useRealOnline
FNDA:8,isOffline
FNDA:2,subscribeOffline
FNDA:2,(anonymous_9)
FNDA:5,useOffline
DA:26,2
DA:27,2
DA:30,24
DA:34,14
DA:35,6
DA:40,24
DA:41,24
DA:42,14
DA:43,14
DA:47,2
DA:50,26
DA:54,4
DA:55,4
DA:59,7
DA:64,8
DA:69,2
DA:70,2
DA:71,2
DA:72,2
DA:73,2
DA:79,5
DA:80,5
DA:81,5
LF:23
LH:23
BRDA:30,0,0,24
BRDA:30,0,1,17
BRDA:41,1,0,14
BRDA:41,1,1,10
BRDA:64,2,0,8
BRDA:64,2,1,7
BRDA:81,3,0,5
BRDA:81,3,1,4
BRF:8
BRH:8
end_of_record
TN:
SF:src/outbox/actions.ts
FN:43,newIdempotencyKey
FN:48,toPayload
FNF:2
FNH:2
FNDA:17,newIdempotencyKey
FNDA:8,toPayload
DA:44,17
DA:49,8
DA:53,3
DA:57,3
DA:59,1
DA:61,1
LF:6
LH:6
BRDA:49,0,0,1
BRDA:49,0,1,2
BRDA:49,0,2,3
BRDA:49,0,3,1
BRDA:49,0,4,2
BRDA:49,0,5,3
BRDA:49,0,6,1
BRDA:49,0,7,1
BRF:8
BRH:8
end_of_record
TN:
SF:src/outbox/backoff.ts
FN:13,backoffDelayMs
FN:22,jitterDelay
FN:28,nextBackoffDelayMs
FN:33,exceedsAttemptCap
FNF:4
FNH:4
FNDA:10,backoffDelayMs
FNDA:8,jitterDelay
FNDA:5,nextBackoffDelayMs
FNDA:8,exceedsAttemptCap
DA:1,3
DA:2,3
DA:3,3
DA:5,3
DA:14,10
DA:15,10
DA:23,8
DA:24,8
DA:29,5
DA:34,8
LF:10
LH:10
BRDA:22,0,0,0
BRDA:28,1,0,3
BRF:2
BRH:1
end_of_record
TN:
SF:src/outbox/drain.ts
FN:70,attemptDrain
FN:93,recoverStaleInFlight
FN:104,payloadMessageId
FN:110,drainLoop
FN:113,(anonymous_4)
FN:144,send
FN:211,scheduleWake
FN:216,(anonymous_7)
FN:228,scheduleDrainAttempt
FN:230,(anonymous_9)
FN:233,(anonymous_10)
FN:245,startOutboxWatcher
FN:253,(anonymous_12)
FN:259,(anonymous_13)
FN:273,isDraining
FN:278,__resetOutboxWatcherForTests
FNF:16
FNH:13
FNDA:24,attemptDrain
FNDA:22,recoverStaleInFlight
FNDA:36,payloadMessageId
FNDA:22,drainLoop
FNDA:13,(anonymous_4)
FNDA:22,send
FNDA:3,scheduleWake
FNDA:1,(anonymous_7)
FNDA:3,scheduleDrainAttempt
FNDA:2,(anonymous_9)
FNDA:1,(anonymous_10)
FNDA:2,startOutboxWatcher
FNDA:0,(anonymous_12)
FNDA:0,(anonymous_13)
FNDA:0,isDraining
FNDA:13,__resetOutboxWatcherForTests
DA:30,2
DA:60,2
DA:61,2
DA:62,2
DA:63,2
DA:71,24
DA:72,1
DA:74,23
DA:75,23
DA:76,23
DA:77,22
DA:78,22
DA:79,22
DA:80,2
DA:82,22
DA:84,23
DA:94,22
DA:95,22
DA:96,1
DA:97,1
DA:98,1
DA:99,1
DA:105,36
DA:111,22
DA:112,22
DA:113,41
DA:114,13
DA:115,13
DA:118,13
DA:119,4
DA:120,4
DA:123,41
DA:124,19
DA:127,22
DA:128,22
DA:129,17
DA:130,17
DA:132,5
DA:133,2
DA:137,3
DA:138,2
DA:140,3
DA:145,22
DA:147,22
DA:148,22
DA:154,17
DA:155,5
DA:156,5
DA:158,12
DA:161,17
DA:162,8
DA:163,8
DA:164,8
DA:167,17
DA:168,5
DA:169,5
DA:170,5
DA:173,17
DA:175,5
DA:178,1
DA:181,4
DA:182,4
DA:183,4
DA:184,2
DA:185,1
DA:186,1
DA:188,1
DA:190,2
DA:193,2
DA:194,2
DA:195,2
DA:196,1
DA:203,1
DA:205,1
DA:207,2
DA:212,3
DA:213,0
DA:216,3
DA:217,1
DA:218,1
DA:229,3
DA:231,2
DA:234,1
DA:235,1
DA:236,1
DA:246,2
DA:247,1
DA:249,1
DA:251,1
DA:253,1
DA:254,0
DA:255,0
DA:259,1
DA:260,0
DA:261,0
DA:268,1
DA:269,1
DA:274,0
DA:279,13
DA:280,2
DA:281,2
DA:283,13
DA:284,13
DA:285,13
LF:104
LH:98
BRDA:70,0,0,18
BRDA:71,1,0,1
BRDA:71,1,1,23
BRDA:79,2,0,2
BRDA:79,2,1,20
BRDA:79,3,0,22
BRDA:79,3,1,3
BRDA:80,4,0,1
BRDA:80,4,1,1
BRDA:97,5,0,1
BRDA:97,5,1,0
BRDA:105,6,0,13
BRDA:105,6,1,23
BRDA:105,7,0,36
BRDA:105,7,1,13
BRDA:115,8,0,5
BRDA:115,8,1,8
BRDA:118,9,0,4
BRDA:118,9,1,9
BRDA:123,10,0,19
BRDA:123,10,1,22
BRDA:128,11,0,17
BRDA:128,11,1,5
BRDA:132,12,0,2
BRDA:132,12,1,3
BRDA:137,13,0,2
BRDA:137,13,1,1
BRDA:137,14,0,3
BRDA:137,14,1,3
BRDA:137,14,2,2
BRDA:154,15,0,5
BRDA:154,15,1,12
BRDA:161,16,0,8
BRDA:161,16,1,9
BRDA:163,17,0,8
BRDA:163,17,1,0
BRDA:167,18,0,5
BRDA:167,18,1,12
BRDA:169,19,0,5
BRDA:169,19,1,0
BRDA:175,20,0,1
BRDA:175,20,1,4
BRDA:181,21,0,4
BRDA:181,21,1,0
BRDA:183,22,0,2
BRDA:183,22,1,2
BRDA:184,23,0,1
BRDA:184,23,1,1
BRDA:195,24,0,1
BRDA:195,24,1,1
BRDA:212,25,0,0
BRDA:212,25,1,3
BRDA:228,26,0,1
BRDA:246,27,0,1
BRDA:246,27,1,1
BRDA:254,28,0,0
BRDA:254,28,1,0
BRDA:260,29,0,0
BRDA:260,29,1,0
BRDA:268,30,0,1
BRDA:268,30,1,0
BRDA:279,31,0,2
BRDA:279,31,1,11
BRF:63
BRH:53
end_of_record
TN:
SF:src/outbox/messages.ts
FN:33,assertCanMessage
FN:43,sendMessage
FN:58,(anonymous_2)
FN:78,retryFailedMessage
FN:97,deleteMessage
FNF:5
FNH:5
FNDA:14,assertCanMessage
FNDA:6,sendMessage
FNDA:5,(anonymous_2)
FNDA:4,retryFailedMessage
FNDA:4,deleteMessage
DA:34,14
DA:35,2
DA:44,6
DA:45,6
DA:47,5
DA:48,5
DA:49,5
DA:50,5
DA:58,5
DA:59,5
DA:60,5
DA:72,5
DA:73,5
DA:74,5
DA:79,4
DA:80,4
DA:82,3
DA:83,3
DA:84,2
DA:87,1
DA:88,1
DA:89,1
DA:98,4
DA:99,4
DA:101,4
DA:102,4
DA:103,1
DA:105,3
DA:106,1
DA:109,2
DA:110,2
LF:31
LH:31
BRDA:34,0,0,2
BRDA:34,0,1,12
BRDA:83,1,0,2
BRDA:83,1,1,1
BRDA:83,2,0,3
BRDA:83,2,1,2
BRDA:83,2,2,1
BRDA:102,3,0,1
BRDA:102,3,1,3
BRDA:102,4,0,4
BRDA:102,4,1,4
BRDA:105,5,0,1
BRDA:105,5,1,2
BRDA:105,6,0,3
BRDA:105,6,1,2
BRF:15
BRH:15
end_of_record
TN:
SF:src/outbox/queue.ts
FN:28,decisionWrite
FN:38,undoWrite
FN:43,enqueueDecision
FN:46,(anonymous_3)
FN:61,undoDecision
FN:63,(anonymous_5)
FN:83,scheduleDrain
FN:93,wipeLocalData
FNF:8
FNH:8
FNDA:6,decisionWrite
FNDA:1,undoWrite
FNDA:6,enqueueDecision
FNDA:6,(anonymous_3)
FNDA:3,undoDecision
FNDA:3,(anonymous_5)
FNDA:9,scheduleDrain
FNDA:1,wipeLocalData
DA:29,6
DA:39,1
DA:44,6
DA:45,6
DA:46,6
DA:47,6
DA:48,6
DA:50,6
DA:62,3
DA:63,3
DA:64,3
DA:65,3
DA:66,1
DA:69,2
DA:70,2
DA:71,1
DA:72,1
DA:73,1
DA:76,1
DA:77,1
DA:78,1
DA:80,3
DA:85,9
DA:94,1
DA:95,1
DA:96,1
DA:97,1
DA:98,1
DA:99,1
DA:100,1
LF:30
LH:30
BRDA:65,0,0,1
BRDA:65,0,1,2
BRDA:70,1,0,1
BRDA:70,1,1,1
BRDA:70,2,0,2
BRDA:70,2,1,2
BRF:6
BRH:6
end_of_record
TN:
SF:src/outbox/vouching.ts
FN:26,assertCanVouch
FN:36,enqueueShortlist
FN:41,(anonymous_2)
FN:67,removeShortlist
FN:71,(anonymous_4)
FN:102,enqueueUpdateVouchNote
FN:107,(anonymous_6)
FNF:7
FNH:7
FNDA:11,assertCanVouch
FNDA:4,enqueueShortlist
FNDA:3,(anonymous_2)
FNDA:4,removeShortlist
FNDA:3,(anonymous_4)
FNDA:3,enqueueUpdateVouchNote
FNDA:2,(anonymous_6)
DA:27,11
DA:28,3
DA:37,4
DA:38,4
DA:40,3
DA:41,3
DA:42,3
DA:43,3
DA:44,1
DA:46,2
DA:53,2
DA:54,2
DA:56,3
DA:68,4
DA:69,4
DA:71,3
DA:72,3
DA:73,3
DA:74,1
DA:76,2
DA:77,2
DA:80,2
DA:81,1
DA:82,1
DA:83,1
DA:85,1
DA:93,3
DA:103,3
DA:104,3
DA:106,2
DA:107,2
DA:108,2
DA:109,2
DA:110,1
DA:112,1
DA:119,1
DA:121,2
LF:37
LH:37
BRDA:27,0,0,3
BRDA:27,0,1,8
BRDA:43,1,0,1
BRDA:43,1,1,2
BRDA:73,2,0,1
BRDA:73,2,1,2
BRDA:77,3,0,2
BRDA:77,3,1,0
BRDA:80,4,0,1
BRDA:80,4,1,1
BRDA:80,5,0,2
BRDA:80,5,1,2
BRDA:109,6,0,1
BRDA:109,6,1,1
BRF:14
BRH:13
end_of_record
TN:
SF:src/realtime/dedupe.ts
FN:10,createEventDedupe
FN:16,(anonymous_1)
FNF:2
FNH:2
FNDA:5,createEventDedupe
FNDA:13,(anonymous_1)
DA:11,5
DA:12,5
DA:14,5
DA:17,13
DA:18,2
DA:20,11
DA:21,2
DA:23,9
DA:24,9
DA:25,9
LF:10
LH:10
BRDA:17,0,0,2
BRDA:17,0,1,11
BRDA:20,1,0,2
BRDA:20,1,1,9
BRF:4
BRH:4
end_of_record
TN:
SF:src/realtime/publishes.ts
FN:33,nextId
FN:40,dispatch
FN:52,deliver
FN:56,(anonymous_3)
FN:59,(anonymous_4)
FN:70,toEvent
FN:88,emit
FN:95,subscribeToRealtime
FN:97,(anonymous_8)
FN:101,forceDuplicateEvent
FN:107,getLastEmittedEvent
FNF:11
FNH:11
FNDA:12,nextId
FNDA:11,dispatch
FNDA:9,deliver
FNDA:9,(anonymous_3)
FNDA:1,(anonymous_4)
FNDA:10,toEvent
FNDA:11,emit
FNDA:8,subscribeToRealtime
FNDA:1,(anonymous_8)
FNDA:1,forceDuplicateEvent
FNDA:1,getLastEmittedEvent
DA:29,1
DA:30,1
DA:34,12
DA:35,12
DA:38,1
DA:41,11
DA:42,11
DA:43,56
DA:53,9
DA:54,9
DA:56,9
DA:57,9
DA:58,9
DA:59,1
DA:71,10
DA:72,10
DA:74,3
DA:76,1
DA:77,1
DA:80,4
DA:82,1
DA:84,1
DA:89,11
DA:90,1
DA:92,10
DA:96,8
DA:97,8
DA:102,1
DA:103,1
DA:108,1
LF:30
LH:30
BRDA:58,0,0,1
BRDA:58,0,1,8
BRDA:72,1,0,3
BRDA:72,1,1,1
BRDA:72,1,2,4
BRDA:72,1,3,1
BRDA:77,2,0,0
BRDA:77,2,1,1
BRDA:89,3,0,1
BRDA:89,3,1,10
BRDA:102,4,0,1
BRDA:102,4,1,0
BRF:12
BRH:10
end_of_record
TN:
SF:src/realtime/realtimeChannel.ts
FN:29,forceMatchEvent
FN:48,forceIncomingMessage
FN:63,simulateTyping
FN:72,simulateReciprocalLike
FNF:4
FNH:4
FNDA:3,forceMatchEvent
FNDA:2,forceIncomingMessage
FNDA:2,simulateTyping
FNDA:2,simulateReciprocalLike
DA:30,3
DA:31,3
DA:32,3
DA:33,3
DA:40,1
DA:49,2
DA:50,2
DA:51,1
DA:53,1
DA:64,2
DA:65,2
DA:66,1
DA:68,1
DA:73,2
DA:74,1
DA:76,1
DA:77,1
LF:17
LH:17
BRDA:50,0,0,1
BRDA:50,0,1,1
BRDA:65,1,0,1
BRDA:65,1,1,1
BRDA:73,2,0,1
BRDA:73,2,1,1
BRF:6
BRH:6
end_of_record
TN:
SF:src/store/mode/AppModeProvider.tsx
FN:28,AppModeProvider
FN:31,(anonymous_1)
FN:37,(anonymous_2)
FN:44,useAppMode
FNF:4
FNH:4
FNDA:7,AppModeProvider
FNDA:1,(anonymous_1)
FNDA:7,(anonymous_2)
FNDA:7,useAppMode
DA:19,1
DA:29,7
DA:31,7
DA:32,1
DA:33,1
DA:36,7
DA:37,7
DA:41,7
DA:45,7
DA:46,7
DA:47,0
DA:49,7
LF:12
LH:11
BRDA:46,0,0,0
BRDA:46,0,1,7
BRF:2
BRH:1
end_of_record
TN:
SF:src/store/mode/mode-snapshot.ts
FN:11,setModeSnapshot
FN:15,getModeSnapshot
FNF:2
FNH:1
FNDA:1,setModeSnapshot
FNDA:0,getModeSnapshot
DA:9,1
DA:12,1
DA:16,0
LF:3
LH:2
BRF:0
BRH:0
end_of_record
TN:
SF:src/theme/breakpoints.ts
FNF:0
FNH:0
DA:7,11
LF:1
LH:1
BRF:0
BRH:0
end_of_record
TN:
SF:src/theme/index.ts
FNF:0
FNH:0
LF:0
LH:0
BRF:0
BRH:0
end_of_record
TN:
SF:src/theme/tokens.ts
FNF:0
FNH:0
DA:9,11
DA:24,11
DA:25,11
DA:27,11
DA:128,11
DA:146,11
DA:163,11
DA:198,11
DA:210,11
LF:9
LH:9
BRF:0
BRH:0
end_of_record
TN:
SF:src/theme/unistyles.ts
FNF:0
FNH:0
DA:19,11
LF:1
LH:1
BRF:0
BRH:0
end_of_record
TN:
SF:src/theme/use-theme.ts
FN:9,useTheme
FN:14,useColorMode
FN:17,(anonymous_2)
FN:18,(anonymous_3)
FN:22,getTheme
FNF:5
FNH:1
FNDA:73,useTheme
FNDA:0,useColorMode
FNDA:0,(anonymous_2)
FNDA:0,(anonymous_3)
FNDA:0,getTheme
DA:10,73
DA:11,73
DA:15,0
DA:16,0
DA:17,0
DA:18,0
DA:19,0
DA:23,0
LF:8
LH:2
BRF:0
BRH:0
end_of_record
TN:
SF:src/theme/themes/dark.ts
FNF:0
FNH:0
DA:8,11
LF:1
LH:1
BRF:0
BRH:0
end_of_record
TN:
SF:src/theme/themes/light.ts
FNF:0
FNH:0
DA:8,11
LF:1
LH:1
BRF:0
BRH:0
end_of_record
TN:
SF:src/theme/themes/navigation.ts
FNF:0
FNH:0
DA:19,11
DA:32,11
LF:2
LH:2
BRF:0
BRH:0
end_of_record
